-- The C compiler identification is GNU 9.4.0
-- The CXX compiler identification is GNU 9.4.0
-- Detecting C compiler ABI info
-- Detecting C compiler ABI info - done
-- Check for working C compiler: /usr/bin/cc - skipped
-- Detecting C compile features
-- Detecting C compile features - done
-- Detecting CXX compiler ABI info
-- Detecting CXX compiler ABI info - done
-- Check for working CXX compiler: /usr/bin/c++ - skipped
-- Detecting CXX compile features
-- Detecting CXX compile features - done
-- Found ament_cmake: 0.9.12 (/opt/ros/foxy/share/ament_cmake/cmake)
[33mCMake Warning (dev) at /opt/ros/foxy/share/ament_cmake_core/cmake/core/python.cmake:22 (find_package):
  Policy CMP0148 is not set: The FindPythonInterp and FindPythonLibs modules
  are removed.  Run "cmake --help-policy CMP0148" for policy details.  Use
  the cmake_policy command to set the policy and suppress this warning.

Call Stack (most recent call first):
  /opt/ros/foxy/share/ament_cmake_core/cmake/core/all.cmake:53 (include)
  /opt/ros/foxy/share/ament_cmake_core/cmake/ament_cmake_core-extras.cmake:17 (include)
  /opt/ros/foxy/share/ament_cmake_core/cmake/ament_cmake_coreConfig.cmake:41 (include)
  /opt/ros/foxy/share/ament_cmake/cmake/ament_cmake_export_dependencies-extras.cmake:15 (find_package)
  /opt/ros/foxy/share/ament_cmake/cmake/ament_cmakeConfig.cmake:41 (include)
  CMakeLists.txt:19 (find_package)
This warning is for project developers.  Use -Wno-dev to suppress it.
[0m
-- Found PythonInterp: /home/wl/anaconda3/envs/yolov10/bin/python3 (found suitable version "3.9.20", minimum required is "3")
-- Using PYTHON_EXECUTABLE: /home/wl/anaconda3/envs/yolov10/bin/python3
-- Found rclcpp: 2.4.3 (/opt/ros/foxy/share/rclcpp/cmake)
-- Using all available rosidl_typesupport_c: rosidl_typesupport_fastrtps_c;rosidl_typesupport_introspection_c
-- Found rosidl_adapter: 1.3.1 (/opt/ros/foxy/share/rosidl_adapter/cmake)
-- Found OpenSSL: /usr/lib/x86_64-linux-gnu/libcrypto.so (found version "1.1.1f")
-- Found FastRTPS: /opt/ros/foxy/include
-- Using all available rosidl_typesupport_cpp: rosidl_typesupport_fastrtps_cpp;rosidl_typesupport_introspection_cpp
-- Found rmw_implementation_cmake: 1.0.4 (/opt/ros/foxy/share/rmw_implementation_cmake/cmake)
-- Using RMW implementation 'rmw_fastrtps_cpp' as default
-- Performing Test CMAKE_HAVE_LIBC_PTHREAD
-- Performing Test CMAKE_HAVE_LIBC_PTHREAD - Failed
-- Looking for pthread_create in pthreads
-- Looking for pthread_create in pthreads - not found
-- Looking for pthread_create in pthread
-- Looking for pthread_create in pthread - found
-- Found Threads: TRUE
-- Found sensor_msgs: 2.0.5 (/opt/ros/foxy/share/sensor_msgs/cmake)
-- Found cv_bridge: 3.0.7 (/opt/ros/foxy/share/cv_bridge/cmake)
-- Found OpenCV: /usr (found version "4.2.0")
-- Found image_transport: 2.4.0 (/opt/ros/foxy/share/image_transport/cmake)
-- Found ament_lint_auto: 0.9.8 (/opt/ros/foxy/share/ament_lint_auto/cmake)
-- Added test 'copyright' to check source files copyright and LICENSE
-- Added test 'cppcheck' to perform static code analysis on C / C++ code
-- Configured cppcheck include dirs: 
-- Configured cppcheck exclude dirs and/or files: 
-- Added test 'cpplint' to check C / C++ code against the Google style
-- Configured cpplint exclude dirs and/or files: 
-- Added test 'lint_cmake' to check CMake code style
-- Added test 'uncrustify' to check C / C++ code style
-- Configured uncrustify additional arguments: 
-- Added test 'xmllint' to check XML markup files
-- Configuring done (1.0s)
-- Generating done (0.0s)
-- Build files have been written to: /home/wl/Documents/detector/build/camera_node
[ 50%] [32mBuilding CXX object CMakeFiles/camera_node.dir/src/camera_node.cpp.o[0m
[100%] [32m[1mLinking CXX executable camera_node[0m
[100%] Built target camera_node
-- Install configuration: ""
-- Installing: /home/wl/Documents/detector/install/camera_node/lib/camera_node/camera_node
-- Set non-toolchain portion of runtime path of "/home/wl/Documents/detector/install/camera_node/lib/camera_node/camera_node" to ""
-- Up-to-date: /home/wl/Documents/detector/install/camera_node/share/ament_index/resource_index/package_run_dependencies/camera_node
-- Installing: /home/wl/Documents/detector/install/camera_node/share/ament_index/resource_index/parent_prefix_path/camera_node
-- Installing: /home/wl/Documents/detector/install/camera_node/share/camera_node/environment/ament_prefix_path.sh
-- Installing: /home/wl/Documents/detector/install/camera_node/share/camera_node/environment/ament_prefix_path.dsv
-- Installing: /home/wl/Documents/detector/install/camera_node/share/camera_node/environment/path.sh
-- Installing: /home/wl/Documents/detector/install/camera_node/share/camera_node/environment/path.dsv
-- Up-to-date: /home/wl/Documents/detector/install/camera_node/share/camera_node/local_setup.bash
-- Installing: /home/wl/Documents/detector/install/camera_node/share/camera_node/local_setup.sh
-- Up-to-date: /home/wl/Documents/detector/install/camera_node/share/camera_node/local_setup.zsh
-- Installing: /home/wl/Documents/detector/install/camera_node/share/camera_node/local_setup.dsv
-- Installing: /home/wl/Documents/detector/install/camera_node/share/camera_node/package.dsv
-- Up-to-date: /home/wl/Documents/detector/install/camera_node/share/ament_index/resource_index/packages/camera_node
-- Up-to-date: /home/wl/Documents/detector/install/camera_node/share/camera_node/cmake/camera_nodeConfig.cmake
-- Up-to-date: /home/wl/Documents/detector/install/camera_node/share/camera_node/cmake/camera_nodeConfig-version.cmake
-- Up-to-date: /home/wl/Documents/detector/install/camera_node/share/camera_node/package.xml
