[0.012s] Invoking command in '/home/wl/Documents/detector/build/camera_node': CMAKE_PREFIX_PATH=/opt/ros/foxy CONDA_PROMPT_MODIFIER=(yolov10) /home/wl/anaconda3/envs/yolov10/bin/cmake /home/wl/Documents/detector/src/camera_node -DCMAKE_INSTALL_PREFIX=/home/wl/Documents/detector/install/camera_node
[0.088s] -- The C compiler identification is GNU 9.4.0
[0.132s] -- The CXX compiler identification is GNU 9.4.0
[0.141s] -- Detecting C compiler ABI info
[0.183s] -- Detecting C compiler ABI info - done
[0.196s] -- Check for working C compiler: /usr/bin/cc - skipped
[0.196s] -- Detecting C compile features
[0.196s] -- Detecting C compile features - done
[0.199s] -- Detecting CXX compiler ABI info
[0.245s] -- Detecting CXX compiler ABI info - done
[0.258s] -- Check for working CXX compiler: /usr/bin/c++ - skipped
[0.258s] -- Detecting CXX compile features
[0.258s] -- Detecting CXX compile features - done
[0.260s] -- Found ament_cmake: 0.9.12 (/opt/ros/foxy/share/ament_cmake/cmake)
[0.262s] [33mCMake Warning (dev) at /opt/ros/foxy/share/ament_cmake_core/cmake/core/python.cmake:22 (find_package):
[0.262s]   Policy CMP0148 is not set: The FindPythonInterp and FindPythonLibs modules
[0.262s]   are removed.  Run "cmake --help-policy CMP0148" for policy details.  Use
[0.262s]   the cmake_policy command to set the policy and suppress this warning.
[0.262s] 
[0.262s] Call Stack (most recent call first):
[0.263s]   /opt/ros/foxy/share/ament_cmake_core/cmake/core/all.cmake:53 (include)
[0.263s]   /opt/ros/foxy/share/ament_cmake_core/cmake/ament_cmake_core-extras.cmake:17 (include)
[0.263s]   /opt/ros/foxy/share/ament_cmake_core/cmake/ament_cmake_coreConfig.cmake:41 (include)
[0.263s]   /opt/ros/foxy/share/ament_cmake/cmake/ament_cmake_export_dependencies-extras.cmake:15 (find_package)
[0.263s]   /opt/ros/foxy/share/ament_cmake/cmake/ament_cmakeConfig.cmake:41 (include)
[0.263s]   CMakeLists.txt:19 (find_package)
[0.263s] This warning is for project developers.  Use -Wno-dev to suppress it.
[0.263s] [0m
[0.281s] -- Found PythonInterp: /home/wl/anaconda3/envs/yolov10/bin/python3 (found suitable version "3.9.20", minimum required is "3")
[0.281s] -- Using PYTHON_EXECUTABLE: /home/wl/anaconda3/envs/yolov10/bin/python3
[0.402s] -- Found rclcpp: 2.4.3 (/opt/ros/foxy/share/rclcpp/cmake)
[0.435s] -- Using all available rosidl_typesupport_c: rosidl_typesupport_fastrtps_c;rosidl_typesupport_introspection_c
[0.439s] -- Found rosidl_adapter: 1.3.1 (/opt/ros/foxy/share/rosidl_adapter/cmake)
[0.489s] -- Found OpenSSL: /usr/lib/x86_64-linux-gnu/libcrypto.so (found version "1.1.1f")
[0.514s] -- Found FastRTPS: /opt/ros/foxy/include
[0.574s] -- Using all available rosidl_typesupport_cpp: rosidl_typesupport_fastrtps_cpp;rosidl_typesupport_introspection_cpp
[0.615s] -- Found rmw_implementation_cmake: 1.0.4 (/opt/ros/foxy/share/rmw_implementation_cmake/cmake)
[0.616s] -- Using RMW implementation 'rmw_fastrtps_cpp' as default
[0.617s] -- Performing Test CMAKE_HAVE_LIBC_PTHREAD
[0.657s] -- Performing Test CMAKE_HAVE_LIBC_PTHREAD - Failed
[0.657s] -- Looking for pthread_create in pthreads
[0.687s] -- Looking for pthread_create in pthreads - not found
[0.687s] -- Looking for pthread_create in pthread
[0.726s] -- Looking for pthread_create in pthread - found
[0.727s] -- Found Threads: TRUE
[0.846s] -- Found sensor_msgs: 2.0.5 (/opt/ros/foxy/share/sensor_msgs/cmake)
[0.932s] -- Found cv_bridge: 3.0.7 (/opt/ros/foxy/share/cv_bridge/cmake)
[0.955s] -- Found OpenCV: /usr (found version "4.2.0")
[0.958s] -- Found image_transport: 2.4.0 (/opt/ros/foxy/share/image_transport/cmake)
[0.994s] -- Found ament_lint_auto: 0.9.8 (/opt/ros/foxy/share/ament_lint_auto/cmake)
[1.098s] -- Added test 'copyright' to check source files copyright and LICENSE
[1.098s] -- Added test 'cppcheck' to perform static code analysis on C / C++ code
[1.098s] -- Configured cppcheck include dirs: 
[1.098s] -- Configured cppcheck exclude dirs and/or files: 
[1.099s] -- Added test 'cpplint' to check C / C++ code against the Google style
[1.099s] -- Configured cpplint exclude dirs and/or files: 
[1.100s] -- Added test 'lint_cmake' to check CMake code style
[1.101s] -- Added test 'uncrustify' to check C / C++ code style
[1.101s] -- Configured uncrustify additional arguments: 
[1.101s] -- Added test 'xmllint' to check XML markup files
[1.102s] -- Configuring done (1.0s)
[1.121s] -- Generating done (0.0s)
[1.122s] -- Build files have been written to: /home/wl/Documents/detector/build/camera_node
[1.137s] Invoked command in '/home/wl/Documents/detector/build/camera_node' returned '0': CMAKE_PREFIX_PATH=/opt/ros/foxy CONDA_PROMPT_MODIFIER=(yolov10) /home/wl/anaconda3/envs/yolov10/bin/cmake /home/wl/Documents/detector/src/camera_node -DCMAKE_INSTALL_PREFIX=/home/wl/Documents/detector/install/camera_node
[1.138s] Invoking command in '/home/wl/Documents/detector/build/camera_node': CMAKE_PREFIX_PATH=/opt/ros/foxy CONDA_PROMPT_MODIFIER=(yolov10) /home/wl/anaconda3/envs/yolov10/bin/cmake --build /home/wl/Documents/detector/build/camera_node -- -j16 -l16
[1.191s] [ 50%] [32mBuilding CXX object CMakeFiles/camera_node.dir/src/camera_node.cpp.o[0m
[4.521s] [100%] [32m[1mLinking CXX executable camera_node[0m
[5.237s] [100%] Built target camera_node
[5.249s] Invoked command in '/home/wl/Documents/detector/build/camera_node' returned '0': CMAKE_PREFIX_PATH=/opt/ros/foxy CONDA_PROMPT_MODIFIER=(yolov10) /home/wl/anaconda3/envs/yolov10/bin/cmake --build /home/wl/Documents/detector/build/camera_node -- -j16 -l16
[5.357s] Invoking command in '/home/wl/Documents/detector/build/camera_node': CMAKE_PREFIX_PATH=/opt/ros/foxy CONDA_PROMPT_MODIFIER=(yolov10) /home/wl/anaconda3/envs/yolov10/bin/cmake --install /home/wl/Documents/detector/build/camera_node
[5.401s] -- Install configuration: ""
[5.401s] -- Installing: /home/wl/Documents/detector/install/camera_node/lib/camera_node/camera_node
[5.402s] -- Set non-toolchain portion of runtime path of "/home/wl/Documents/detector/install/camera_node/lib/camera_node/camera_node" to ""
[5.403s] -- Up-to-date: /home/wl/Documents/detector/install/camera_node/share/ament_index/resource_index/package_run_dependencies/camera_node
[5.403s] -- Installing: /home/wl/Documents/detector/install/camera_node/share/ament_index/resource_index/parent_prefix_path/camera_node
[5.403s] -- Installing: /home/wl/Documents/detector/install/camera_node/share/camera_node/environment/ament_prefix_path.sh
[5.403s] -- Installing: /home/wl/Documents/detector/install/camera_node/share/camera_node/environment/ament_prefix_path.dsv
[5.403s] -- Installing: /home/wl/Documents/detector/install/camera_node/share/camera_node/environment/path.sh
[5.403s] -- Installing: /home/wl/Documents/detector/install/camera_node/share/camera_node/environment/path.dsv
[5.403s] -- Up-to-date: /home/wl/Documents/detector/install/camera_node/share/camera_node/local_setup.bash
[5.403s] -- Installing: /home/wl/Documents/detector/install/camera_node/share/camera_node/local_setup.sh
[5.403s] -- Up-to-date: /home/wl/Documents/detector/install/camera_node/share/camera_node/local_setup.zsh
[5.403s] -- Installing: /home/wl/Documents/detector/install/camera_node/share/camera_node/local_setup.dsv
[5.403s] -- Installing: /home/wl/Documents/detector/install/camera_node/share/camera_node/package.dsv
[5.403s] -- Up-to-date: /home/wl/Documents/detector/install/camera_node/share/ament_index/resource_index/packages/camera_node
[5.403s] -- Up-to-date: /home/wl/Documents/detector/install/camera_node/share/camera_node/cmake/camera_nodeConfig.cmake
[5.404s] -- Up-to-date: /home/wl/Documents/detector/install/camera_node/share/camera_node/cmake/camera_nodeConfig-version.cmake
[5.404s] -- Up-to-date: /home/wl/Documents/detector/install/camera_node/share/camera_node/package.xml
[5.411s] Invoked command in '/home/wl/Documents/detector/build/camera_node' returned '0': CMAKE_PREFIX_PATH=/opt/ros/foxy CONDA_PROMPT_MODIFIER=(yolov10) /home/wl/anaconda3/envs/yolov10/bin/cmake --install /home/wl/Documents/detector/build/camera_node
