[0.013s] Invoking command in '/home/wl/Documents/detector/build/camera_node': CMAKE_PREFIX_PATH=/opt/ros/foxy CONDA_PROMPT_MODIFIER=(RL) /usr/bin/cmake --build /home/wl/Documents/detector/build/camera_node -- -j16 -l16
[0.029s] -- Found ament_cmake: 0.9.12 (/opt/ros/foxy/share/ament_cmake/cmake)
[0.030s] [33mCMake Warning (dev) at /opt/ros/foxy/share/ament_cmake_core/cmake/core/python.cmake:22 (find_package):
[0.031s]   Policy CMP0148 is not set: The FindPythonInterp and FindPythonLibs modules
[0.031s]   are removed.  Run "cmake --help-policy CMP0148" for policy details.  Use
[0.031s]   the cmake_policy command to set the policy and suppress this warning.
[0.031s] 
[0.031s] Call Stack (most recent call first):
[0.031s]   /opt/ros/foxy/share/ament_cmake_core/cmake/core/all.cmake:53 (include)
[0.031s]   /opt/ros/foxy/share/ament_cmake_core/cmake/ament_cmake_core-extras.cmake:17 (include)
[0.031s]   /opt/ros/foxy/share/ament_cmake_core/cmake/ament_cmake_coreConfig.cmake:41 (include)
[0.031s]   /opt/ros/foxy/share/ament_cmake/cmake/ament_cmake_export_dependencies-extras.cmake:15 (find_package)
[0.031s]   /opt/ros/foxy/share/ament_cmake/cmake/ament_cmakeConfig.cmake:41 (include)
[0.031s]   CMakeLists.txt:19 (find_package)
[0.031s] This warning is for project developers.  Use -Wno-dev to suppress it.
[0.031s] [0m
[0.050s] -- Using PYTHON_EXECUTABLE: /home/wl/anaconda3/envs/yolov10/bin/python3
[0.222s] -- Found rclcpp: 2.4.3 (/opt/ros/foxy/share/rclcpp/cmake)
[0.258s] -- Using all available rosidl_typesupport_c: rosidl_typesupport_fastrtps_c;rosidl_typesupport_introspection_c
[0.261s] -- Found rosidl_adapter: 1.3.1 (/opt/ros/foxy/share/rosidl_adapter/cmake)
[0.360s] -- Using all available rosidl_typesupport_cpp: rosidl_typesupport_fastrtps_cpp;rosidl_typesupport_introspection_cpp
[0.399s] -- Found rmw_implementation_cmake: 1.0.4 (/opt/ros/foxy/share/rmw_implementation_cmake/cmake)
[0.400s] -- Using RMW implementation 'rmw_fastrtps_cpp' as default
[0.516s] -- Found sensor_msgs: 2.0.5 (/opt/ros/foxy/share/sensor_msgs/cmake)
[0.600s] -- Found cv_bridge: 3.0.7 (/opt/ros/foxy/share/cv_bridge/cmake)
[0.632s] [31mCMake Error at CMakeLists.txt:25 (find_package):
[0.632s]   By not providing "Findlibrealsense2.cmake" in CMAKE_MODULE_PATH this
[0.632s]   project has asked CMake to find a package configuration file provided by
[0.632s]   "librealsense2", but CMake did not find one.
[0.632s] 
[0.632s]   Could not find a package configuration file provided by "librealsense2"
[0.632s]   with any of the following names:
[0.632s] 
[0.632s]     librealsense2Config.cmake
[0.632s]     librealsense2-config.cmake
[0.632s] 
[0.632s]   Add the installation prefix of "librealsense2" to CMAKE_PREFIX_PATH or set
[0.632s]   "librealsense2_DIR" to a directory containing one of the above files.  If
[0.632s]   "librealsense2" provides a separate development package or SDK, be sure it
[0.632s]   has been installed.
[0.632s] 
[0.632s] [0m
[0.632s] -- Configuring incomplete, errors occurred!
[0.636s] make: *** [Makefile:267: cmake_check_build_system] Error 1
[0.638s] Invoked command in '/home/wl/Documents/detector/build/camera_node' returned '2': CMAKE_PREFIX_PATH=/opt/ros/foxy CONDA_PROMPT_MODIFIER=(RL) /usr/bin/cmake --build /home/wl/Documents/detector/build/camera_node -- -j16 -l16
