running egg_info
writing ../../build/yolo_detector/yolo_detector.egg-info/PKG-INFO
writing dependency_links to ../../build/yolo_detector/yolo_detector.egg-info/dependency_links.txt
writing entry points to ../../build/yolo_detector/yolo_detector.egg-info/entry_points.txt
writing requirements to ../../build/yolo_detector/yolo_detector.egg-info/requires.txt
writing top-level names to ../../build/yolo_detector/yolo_detector.egg-info/top_level.txt
reading manifest file '../../build/yolo_detector/yolo_detector.egg-info/SOURCES.txt'
writing manifest file '../../build/yolo_detector/yolo_detector.egg-info/SOURCES.txt'
running build
running build_py
copying yolo_detector/__init__.py -> /home/ww/Documents/detector/build/yolo_detector/build/lib/yolo_detector
copying yolo_detector/yolo_detector.py -> /home/ww/Documents/detector/build/yolo_detector/build/lib/yolo_detector
running install
running install_lib
copying /home/ww/Documents/detector/build/yolo_detector/build/lib/yolo_detector/__init__.py -> /home/ww/Documents/detector/install/yolo_detector/lib/python3.8/site-packages/yolo_detector
copying /home/ww/Documents/detector/build/yolo_detector/build/lib/yolo_detector/yolo_detector.py -> /home/ww/Documents/detector/install/yolo_detector/lib/python3.8/site-packages/yolo_detector
byte-compiling /home/ww/Documents/detector/install/yolo_detector/lib/python3.8/site-packages/yolo_detector/__init__.py to __init__.cpython-38.pyc
byte-compiling /home/ww/Documents/detector/install/yolo_detector/lib/python3.8/site-packages/yolo_detector/yolo_detector.py to yolo_detector.cpython-38.pyc
running install_data
running install_egg_info
removing '/home/ww/Documents/detector/install/yolo_detector/lib/python3.8/site-packages/yolo_detector-0.0.0-py3.8.egg-info' (and everything under it)
Copying ../../build/yolo_detector/yolo_detector.egg-info to /home/ww/Documents/detector/install/yolo_detector/lib/python3.8/site-packages/yolo_detector-0.0.0-py3.8.egg-info
running install_scripts
writing list of installed files to '/home/ww/Documents/detector/build/yolo_detector/install.log'
