[0.019s] Invoking command in '/home/wl/Documents/detector/build/camera_node': CMAKE_PREFIX_PATH=/opt/ros/foxy /usr/bin/cmake /home/wl/Documents/detector/src/camera_node -DCMAKE_INSTALL_PREFIX=/home/wl/Documents/detector/install/camera_node
[0.060s] -- The C compiler identification is GNU 9.4.0
[0.097s] -- The CXX compiler identification is GNU 9.4.0
[0.100s] -- Check for working C compiler: /usr/bin/cc
[0.145s] -- Check for working C compiler: /usr/bin/cc -- works
[0.146s] -- Detecting C compiler ABI info
[0.190s] -- Detecting C compiler ABI info - done
[0.199s] -- Detecting C compile features
[0.199s] -- Detecting C compile features - done
[0.201s] -- Check for working CXX compiler: /usr/bin/c++
[0.254s] -- Check for working CXX compiler: /usr/bin/c++ -- works
[0.255s] -- Detecting CXX compiler ABI info
[0.306s] -- Detecting CXX compiler ABI info - done
[0.315s] -- Detecting CXX compile features
[0.315s] -- Detecting CXX compile features - done
[0.317s] -- Found ament_cmake: 0.9.12 (/opt/ros/foxy/share/ament_cmake/cmake)
[0.334s] -- Found PythonInterp: /usr/bin/python3 (found suitable version "3.8.10", minimum required is "3") 
[0.334s] -- Using PYTHON_EXECUTABLE: /usr/bin/python3
[0.502s] -- Found rclcpp: 2.4.3 (/opt/ros/foxy/share/rclcpp/cmake)
[0.532s] -- Using all available rosidl_typesupport_c: rosidl_typesupport_fastrtps_c;rosidl_typesupport_introspection_c
[0.536s] -- Found rosidl_adapter: 1.3.1 (/opt/ros/foxy/share/rosidl_adapter/cmake)
[0.588s] -- Found OpenSSL: /usr/lib/x86_64-linux-gnu/libcrypto.so (found version "1.1.1f")  
[0.608s] -- Found FastRTPS: /opt/ros/foxy/include  
[0.662s] -- Using all available rosidl_typesupport_cpp: rosidl_typesupport_fastrtps_cpp;rosidl_typesupport_introspection_cpp
[0.702s] -- Found rmw_implementation_cmake: 1.0.4 (/opt/ros/foxy/share/rmw_implementation_cmake/cmake)
[0.703s] -- Using RMW implementation 'rmw_fastrtps_cpp' as default
[0.703s] -- Looking for pthread.h
[0.751s] -- Looking for pthread.h - found
[0.751s] -- Performing Test CMAKE_HAVE_LIBC_PTHREAD
[0.801s] -- Performing Test CMAKE_HAVE_LIBC_PTHREAD - Failed
[0.802s] -- Looking for pthread_create in pthreads
[0.840s] -- Looking for pthread_create in pthreads - not found
[0.840s] -- Looking for pthread_create in pthread
[0.891s] -- Looking for pthread_create in pthread - found
[0.892s] -- Found Threads: TRUE  
[1.015s] -- Found sensor_msgs: 2.0.5 (/opt/ros/foxy/share/sensor_msgs/cmake)
[1.103s] -- Found cv_bridge: 3.0.7 (/opt/ros/foxy/share/cv_bridge/cmake)
[1.127s] -- Found OpenCV: /usr (found version "4.2.0") 
[1.131s] -- Found image_transport: 2.4.0 (/opt/ros/foxy/share/image_transport/cmake)
[1.164s] -- Found ament_lint_auto: 0.9.8 (/opt/ros/foxy/share/ament_lint_auto/cmake)
[1.239s] -- Added test 'copyright' to check source files copyright and LICENSE
[1.240s] -- Added test 'cppcheck' to perform static code analysis on C / C++ code
[1.240s] -- Configured cppcheck include dirs: 
[1.240s] -- Configured cppcheck exclude dirs and/or files: 
[1.240s] -- Added test 'cpplint' to check C / C++ code against the Google style
[1.240s] -- Configured cpplint exclude dirs and/or files: 
[1.241s] -- Added test 'lint_cmake' to check CMake code style
[1.241s] -- Added test 'uncrustify' to check C / C++ code style
[1.241s] -- Configured uncrustify additional arguments: 
[1.242s] -- Added test 'xmllint' to check XML markup files
[1.244s] -- Configuring done
[1.257s] -- Generating done
[1.258s] -- Build files have been written to: /home/wl/Documents/detector/build/camera_node
[1.264s] Invoked command in '/home/wl/Documents/detector/build/camera_node' returned '0': CMAKE_PREFIX_PATH=/opt/ros/foxy /usr/bin/cmake /home/wl/Documents/detector/src/camera_node -DCMAKE_INSTALL_PREFIX=/home/wl/Documents/detector/install/camera_node
[1.265s] Invoking command in '/home/wl/Documents/detector/build/camera_node': CMAKE_PREFIX_PATH=/opt/ros/foxy /usr/bin/cmake --build /home/wl/Documents/detector/build/camera_node -- -j16 -l16
[1.292s] [35m[1mScanning dependencies of target camera_node[0m
[1.330s] [ 50%] [32mBuilding CXX object CMakeFiles/camera_node.dir/src/camera_node.cpp.o[0m
[4.749s] [100%] [32m[1mLinking CXX executable camera_node[0m
[5.092s] [100%] Built target camera_node
[5.100s] Invoked command in '/home/wl/Documents/detector/build/camera_node' returned '0': CMAKE_PREFIX_PATH=/opt/ros/foxy /usr/bin/cmake --build /home/wl/Documents/detector/build/camera_node -- -j16 -l16
[5.115s] Invoking command in '/home/wl/Documents/detector/build/camera_node': CMAKE_PREFIX_PATH=/opt/ros/foxy /usr/bin/cmake --install /home/wl/Documents/detector/build/camera_node
[5.122s] -- Install configuration: ""
[5.122s] -- Installing: /home/wl/Documents/detector/install/camera_node/lib/camera_node/camera_node
[5.122s] -- Set runtime path of "/home/wl/Documents/detector/install/camera_node/lib/camera_node/camera_node" to ""
[5.123s] -- Installing: /home/wl/Documents/detector/install/camera_node/share/ament_index/resource_index/package_run_dependencies/camera_node
[5.123s] -- Installing: /home/wl/Documents/detector/install/camera_node/share/ament_index/resource_index/parent_prefix_path/camera_node
[5.123s] -- Installing: /home/wl/Documents/detector/install/camera_node/share/camera_node/environment/ament_prefix_path.sh
[5.123s] -- Installing: /home/wl/Documents/detector/install/camera_node/share/camera_node/environment/ament_prefix_path.dsv
[5.123s] -- Installing: /home/wl/Documents/detector/install/camera_node/share/camera_node/environment/path.sh
[5.123s] -- Installing: /home/wl/Documents/detector/install/camera_node/share/camera_node/environment/path.dsv
[5.123s] -- Installing: /home/wl/Documents/detector/install/camera_node/share/camera_node/local_setup.bash
[5.123s] -- Installing: /home/wl/Documents/detector/install/camera_node/share/camera_node/local_setup.sh
[5.123s] -- Installing: /home/wl/Documents/detector/install/camera_node/share/camera_node/local_setup.zsh
[5.123s] -- Installing: /home/wl/Documents/detector/install/camera_node/share/camera_node/local_setup.dsv
[5.123s] -- Installing: /home/wl/Documents/detector/install/camera_node/share/camera_node/package.dsv
[5.124s] -- Installing: /home/wl/Documents/detector/install/camera_node/share/ament_index/resource_index/packages/camera_node
[5.124s] -- Installing: /home/wl/Documents/detector/install/camera_node/share/camera_node/cmake/camera_nodeConfig.cmake
[5.124s] -- Installing: /home/wl/Documents/detector/install/camera_node/share/camera_node/cmake/camera_nodeConfig-version.cmake
[5.124s] -- Installing: /home/wl/Documents/detector/install/camera_node/share/camera_node/package.xml
[5.126s] Invoked command in '/home/wl/Documents/detector/build/camera_node' returned '0': CMAKE_PREFIX_PATH=/opt/ros/foxy /usr/bin/cmake --install /home/wl/Documents/detector/build/camera_node
