[0.335s] Invoking command in '/home/ww/Documents/detector/src/yolo_detector': CONDA_PROMPT_MODIFIER=(base) PYTHONPATH=/home/ww/Documents/detector/build/yolo_detector/prefix_override:/usr/lib/python3/dist-packages/colcon_core/task/python/colcon_distutils_commands:/home/ww/Documents/detector/install/yolo_detector/lib/python3.8/site-packages:${PYTHONPATH} /usr/bin/python3 -W ignore:setup.py install is deprecated setup.py egg_info --egg-base ../../build/yolo_detector build --build-base /home/ww/Documents/detector/build/yolo_detector/build install --record /home/ww/Documents/detector/build/yolo_detector/install.log --install-scripts $base/lib/yolo_detector --single-version-externally-managed install_data
[0.436s] running egg_info
[0.436s] creating ../../build/yolo_detector/yolo_detector.egg-info
[0.437s] writing ../../build/yolo_detector/yolo_detector.egg-info/PKG-INFO
[0.437s] writing dependency_links to ../../build/yolo_detector/yolo_detector.egg-info/dependency_links.txt
[0.437s] writing entry points to ../../build/yolo_detector/yolo_detector.egg-info/entry_points.txt
[0.437s] writing requirements to ../../build/yolo_detector/yolo_detector.egg-info/requires.txt
[0.437s] writing top-level names to ../../build/yolo_detector/yolo_detector.egg-info/top_level.txt
[0.438s] writing manifest file '../../build/yolo_detector/yolo_detector.egg-info/SOURCES.txt'
[0.457s] reading manifest file '../../build/yolo_detector/yolo_detector.egg-info/SOURCES.txt'
[0.457s] writing manifest file '../../build/yolo_detector/yolo_detector.egg-info/SOURCES.txt'
[0.458s] running build
[0.458s] running build_py
[0.458s] creating /home/ww/Documents/detector/build/yolo_detector/build
[0.458s] creating /home/ww/Documents/detector/build/yolo_detector/build/lib
[0.458s] creating /home/ww/Documents/detector/build/yolo_detector/build/lib/yolo_detector
[0.458s] copying yolo_detector/__init__.py -> /home/ww/Documents/detector/build/yolo_detector/build/lib/yolo_detector
[0.458s] running install
[0.458s] running install_lib
[0.459s] creating /home/ww/Documents/detector/install/yolo_detector/lib/python3.8/site-packages/yolo_detector
[0.459s] copying /home/ww/Documents/detector/build/yolo_detector/build/lib/yolo_detector/__init__.py -> /home/ww/Documents/detector/install/yolo_detector/lib/python3.8/site-packages/yolo_detector
[0.459s] byte-compiling /home/ww/Documents/detector/install/yolo_detector/lib/python3.8/site-packages/yolo_detector/__init__.py to __init__.cpython-38.pyc
[0.460s] running install_data
[0.460s] creating /home/ww/Documents/detector/install/yolo_detector/share/ament_index
[0.460s] creating /home/ww/Documents/detector/install/yolo_detector/share/ament_index/resource_index
[0.460s] creating /home/ww/Documents/detector/install/yolo_detector/share/ament_index/resource_index/packages
[0.460s] copying resource/yolo_detector -> /home/ww/Documents/detector/install/yolo_detector/share/ament_index/resource_index/packages
[0.460s] copying package.xml -> /home/ww/Documents/detector/install/yolo_detector/share/yolo_detector
[0.460s] running install_egg_info
[0.461s] Copying ../../build/yolo_detector/yolo_detector.egg-info to /home/ww/Documents/detector/install/yolo_detector/lib/python3.8/site-packages/yolo_detector-0.0.0-py3.8.egg-info
[0.461s] running install_scripts
[0.471s] writing list of installed files to '/home/ww/Documents/detector/build/yolo_detector/install.log'
[0.483s] Invoked command in '/home/ww/Documents/detector/src/yolo_detector' returned '0': CONDA_PROMPT_MODIFIER=(base) PYTHONPATH=/home/ww/Documents/detector/build/yolo_detector/prefix_override:/usr/lib/python3/dist-packages/colcon_core/task/python/colcon_distutils_commands:/home/ww/Documents/detector/install/yolo_detector/lib/python3.8/site-packages:${PYTHONPATH} /usr/bin/python3 -W ignore:setup.py install is deprecated setup.py egg_info --egg-base ../../build/yolo_detector build --build-base /home/ww/Documents/detector/build/yolo_detector/build install --record /home/ww/Documents/detector/build/yolo_detector/install.log --install-scripts $base/lib/yolo_detector --single-version-externally-managed install_data
