[0.008s] Invoking command in '/home/ww/Documents/detector/build/camera_node': CMAKE_PREFIX_PATH=${CMAKE_PREFIX_PATH}:/opt/ros/foxy CONDA_PROMPT_MODIFIER=(base) /usr/bin/cmake --build /home/ww/Documents/detector/build/camera_node -- -j12 -l12
[0.030s] [35m[1mScanning dependencies of target camera_node[0m
[0.049s] [ 50%] [32mBuilding CXX object CMakeFiles/camera_node.dir/src/camera_node.cpp.o[0m
[1.400s] [01m[K/home/ww/Documents/detector/src/camera_node/src/camera_node.cpp:[m[K In constructor ‘[01m[KCameraNode::CameraNode()[m[K’:
[1.400s] [01m[K/home/ww/Documents/detector/src/camera_node/src/camera_node.cpp:12:38:[m[K [01;31m[Kerror: [m[Kno matching function for call to ‘[01m[KCameraNode::Config::Config()[m[K’
[1.400s]    12 |     CameraNode() : Node("camera_node"[01;31m[K)[m[K
[1.400s]       |                                      [01;31m[K^[m[K
[1.400s] [01m[K/home/ww/Documents/detector/src/camera_node/src/camera_node.cpp:53:9:[m[K [01;36m[Knote: [m[Kcandidate: ‘[01m[KCameraNode::Config::Config(const bool&, const string&, const string&, const int&, const int&, const int&, const int&)[m[K’
[1.400s]    53 |         [01;36m[KConfig[m[K(const bool &undistort,
[1.400s]       |         [01;36m[K^~~~~~[m[K
[1.400s] [01m[K/home/ww/Documents/detector/src/camera_node/src/camera_node.cpp:53:9:[m[K [01;36m[Knote: [m[K  candidate expects 7 arguments, 0 provided
[1.400s] [01m[K/home/ww/Documents/detector/src/camera_node/src/camera_node.cpp:44:12:[m[K [01;36m[Knote: [m[Kcandidate: ‘[01m[KCameraNode::Config::Config(const CameraNode::Config&)[m[K’
[1.400s]    44 |     struct [01;36m[KConfig[m[K
[1.400s]       |            [01;36m[K^~~~~~[m[K
[1.401s] [01m[K/home/ww/Documents/detector/src/camera_node/src/camera_node.cpp:44:12:[m[K [01;36m[Knote: [m[K  candidate expects 1 argument, 0 provided
[1.401s] [01m[K/home/ww/Documents/detector/src/camera_node/src/camera_node.cpp:44:12:[m[K [01;36m[Knote: [m[Kcandidate: ‘[01m[KCameraNode::Config::Config(CameraNode::Config&&)[m[K’
[1.401s] [01m[K/home/ww/Documents/detector/src/camera_node/src/camera_node.cpp:44:12:[m[K [01;36m[Knote: [m[K  candidate expects 1 argument, 0 provided
[1.878s] make[2]: *** [CMakeFiles/camera_node.dir/build.make:63: CMakeFiles/camera_node.dir/src/camera_node.cpp.o] Error 1
[1.878s] make[1]: *** [CMakeFiles/Makefile2:78: CMakeFiles/camera_node.dir/all] Error 2
[1.878s] make: *** [Makefile:141: all] Error 2
[1.880s] Invoked command in '/home/ww/Documents/detector/build/camera_node' returned '2': CMAKE_PREFIX_PATH=${CMAKE_PREFIX_PATH}:/opt/ros/foxy CONDA_PROMPT_MODIFIER=(base) /usr/bin/cmake --build /home/ww/Documents/detector/build/camera_node -- -j12 -l12
