[0.012s] Invoking command in '/home/wl/Documents/detector/build/camera_node': CMAKE_PREFIX_PATH=/opt/ros/foxy CONDA_PROMPT_MODIFIER=(yolov10) /home/wl/anaconda3/envs/yolov10/bin/cmake /home/wl/Documents/detector/src/camera_node -DCMAKE_INSTALL_PREFIX=/home/wl/Documents/detector/install/camera_node
[0.175s] -- The C compiler identification is GNU 9.4.0
[0.280s] -- The CXX compiler identification is GNU 9.4.0
[0.293s] -- Detecting C compiler ABI info
[0.336s] -- Detecting C compiler ABI info - done
[0.352s] -- Check for working C compiler: /usr/bin/cc - skipped
[0.352s] -- Detecting C compile features
[0.353s] -- Detecting C compile features - done
[0.356s] -- Detecting CXX compiler ABI info
[0.403s] -- Detecting CXX compiler ABI info - done
[0.416s] -- Check for working CXX compiler: /usr/bin/c++ - skipped
[0.416s] -- Detecting CXX compile features
[0.416s] -- Detecting CXX compile features - done
[0.422s] -- Found ament_cmake: 0.9.12 (/opt/ros/foxy/share/ament_cmake/cmake)
[0.427s] [33mCMake Warning (dev) at /opt/ros/foxy/share/ament_cmake_core/cmake/core/python.cmake:22 (find_package):
[0.427s]   Policy CMP0148 is not set: The FindPythonInterp and FindPythonLibs modules
[0.427s]   are removed.  Run "cmake --help-policy CMP0148" for policy details.  Use
[0.427s]   the cmake_policy command to set the policy and suppress this warning.
[0.427s] 
[0.427s] Call Stack (most recent call first):
[0.427s]   /opt/ros/foxy/share/ament_cmake_core/cmake/core/all.cmake:53 (include)
[0.427s]   /opt/ros/foxy/share/ament_cmake_core/cmake/ament_cmake_core-extras.cmake:17 (include)
[0.428s]   /opt/ros/foxy/share/ament_cmake_core/cmake/ament_cmake_coreConfig.cmake:41 (include)
[0.428s]   /opt/ros/foxy/share/ament_cmake/cmake/ament_cmake_export_dependencies-extras.cmake:15 (find_package)
[0.428s]   /opt/ros/foxy/share/ament_cmake/cmake/ament_cmakeConfig.cmake:41 (include)
[0.428s]   CMakeLists.txt:19 (find_package)
[0.428s] This warning is for project developers.  Use -Wno-dev to suppress it.
[0.428s] [0m
[0.446s] -- Found PythonInterp: /home/wl/anaconda3/envs/yolov10/bin/python3 (found suitable version "3.9.20", minimum required is "3")
[0.446s] -- Using PYTHON_EXECUTABLE: /home/wl/anaconda3/envs/yolov10/bin/python3
[0.576s] -- Found rclcpp: 2.4.3 (/opt/ros/foxy/share/rclcpp/cmake)
[0.621s] -- Using all available rosidl_typesupport_c: rosidl_typesupport_fastrtps_c;rosidl_typesupport_introspection_c
[0.627s] -- Found rosidl_adapter: 1.3.1 (/opt/ros/foxy/share/rosidl_adapter/cmake)
[0.690s] -- Found OpenSSL: /usr/lib/x86_64-linux-gnu/libcrypto.so (found version "1.1.1f")
[0.715s] -- Found FastRTPS: /opt/ros/foxy/include
[0.786s] -- Using all available rosidl_typesupport_cpp: rosidl_typesupport_fastrtps_cpp;rosidl_typesupport_introspection_cpp
[0.837s] -- Found rmw_implementation_cmake: 1.0.4 (/opt/ros/foxy/share/rmw_implementation_cmake/cmake)
[0.838s] -- Using RMW implementation 'rmw_fastrtps_cpp' as default
[0.840s] -- Performing Test CMAKE_HAVE_LIBC_PTHREAD
[0.881s] -- Performing Test CMAKE_HAVE_LIBC_PTHREAD - Failed
[0.881s] -- Looking for pthread_create in pthreads
[0.912s] -- Looking for pthread_create in pthreads - not found
[0.912s] -- Looking for pthread_create in pthread
[0.963s] -- Looking for pthread_create in pthread - found
[0.964s] -- Found Threads: TRUE
[1.111s] -- Found sensor_msgs: 2.0.5 (/opt/ros/foxy/share/sensor_msgs/cmake)
[1.204s] -- Found cv_bridge: 3.0.7 (/opt/ros/foxy/share/cv_bridge/cmake)
[1.229s] -- Found OpenCV: /usr (found version "4.2.0")
[1.233s] -- Found image_transport: 2.4.0 (/opt/ros/foxy/share/image_transport/cmake)
[1.277s] -- Found ament_lint_auto: 0.9.8 (/opt/ros/foxy/share/ament_lint_auto/cmake)
[1.296s] Traceback (most recent call last):
[1.297s]   File "/opt/ros/foxy/share/ament_cmake_core/cmake/core/package_xml_2_cmake.py", line 21, in <module>
[1.297s]     from catkin_pkg.package import parse_package_string
[1.297s] ModuleNotFoundError: No module named 'catkin_pkg'
[1.299s] [31mCMake Error at /opt/ros/foxy/share/ament_cmake_core/cmake/core/ament_package_xml.cmake:94 (message):
[1.299s]   execute_process(/home/wl/anaconda3/envs/yolov10/bin/python3
[1.299s]   /opt/ros/foxy/share/ament_cmake_core/cmake/core/package_xml_2_cmake.py
[1.299s]   /home/wl/Documents/detector/src/camera_node/package.xml
[1.299s]   /home/wl/Documents/detector/build/camera_node/ament_cmake_core/package.cmake)
[1.299s]   returned error code 1
[1.300s] Call Stack (most recent call first):
[1.300s]   /opt/ros/foxy/share/ament_cmake_core/cmake/core/ament_package_xml.cmake:49 (_ament_package_xml)
[1.300s]   /opt/ros/foxy/share/ament_lint_auto/cmake/ament_lint_auto_find_test_dependencies.cmake:31 (ament_package_xml)
[1.300s]   CMakeLists.txt:36 (ament_lint_auto_find_test_dependencies)
[1.300s] 
[1.300s] [0m
[1.300s] -- Configuring incomplete, errors occurred!
[1.314s] Invoked command in '/home/wl/Documents/detector/build/camera_node' returned '1': CMAKE_PREFIX_PATH=/opt/ros/foxy CONDA_PROMPT_MODIFIER=(yolov10) /home/wl/anaconda3/envs/yolov10/bin/cmake /home/wl/Documents/detector/src/camera_node -DCMAKE_INSTALL_PREFIX=/home/wl/Documents/detector/install/camera_node
