[0.017s] Invoking command in '/home/wl/Documents/detector/build/camera_node': CMAKE_PREFIX_PATH=/opt/ros/foxy /home/wl/.local/bin/cmake --build /home/wl/Documents/detector/build/camera_node -- -j16 -l16
[0.093s] [0mCMake Deprecation Warning at CMakeLists.txt:1 (cmake_minimum_required):
[0.094s]   Compatibility with CMake < 3.10 will be removed from a future version of
[0.094s]   CMake.
[0.094s] 
[0.094s]   Update the VERSION argument <min> value or use a ...<max> suffix to tell
[0.094s]   CMake that the project does not need compatibility with older versions.
[0.094s] 
[0.094s] [0m
[0.166s] -- The C compiler identification is GNU 9.4.0
[0.223s] -- The CXX compiler identification is GNU 9.4.0
[0.231s] -- Detecting C compiler ABI info
[0.275s] -- Detecting C compiler ABI info - done
[0.287s] -- Check for working C compiler: /usr/bin/cc - skipped
[0.287s] -- Detecting C compile features
[0.288s] -- Detecting C compile features - done
[0.295s] -- Detecting CXX compiler ABI info
[0.340s] -- Detecting CXX compiler ABI info - done
[0.353s] -- Check for working CXX compiler: /usr/bin/c++ - skipped
[0.353s] -- Detecting CXX compile features
[0.353s] -- Detecting CXX compile features - done
[0.358s] -- Found ament_cmake: 0.9.12 (/opt/ros/foxy/share/ament_cmake/cmake)
[0.362s] [33mCMake Warning (dev) at /opt/ros/foxy/share/ament_cmake_core/cmake/core/python.cmake:22 (find_package):
[0.362s]   Policy CMP0148 is not set: The FindPythonInterp and FindPythonLibs modules
[0.362s]   are removed.  Run "cmake --help-policy CMP0148" for policy details.  Use
[0.362s]   the cmake_policy command to set the policy and suppress this warning.
[0.362s] 
[0.362s] Call Stack (most recent call first):
[0.362s]   /opt/ros/foxy/share/ament_cmake_core/cmake/core/all.cmake:53 (include)
[0.362s]   /opt/ros/foxy/share/ament_cmake_core/cmake/ament_cmake_core-extras.cmake:17 (include)
[0.362s]   /opt/ros/foxy/share/ament_cmake_core/cmake/ament_cmake_coreConfig.cmake:41 (include)
[0.362s]   /opt/ros/foxy/share/ament_cmake/cmake/ament_cmake_export_dependencies-extras.cmake:15 (find_package)
[0.362s]   /opt/ros/foxy/share/ament_cmake/cmake/ament_cmakeConfig.cmake:41 (include)
[0.362s]   CMakeLists.txt:19 (find_package)
[0.362s] This warning is for project developers.  Use -Wno-dev to suppress it.
[0.362s] [0m
[0.381s] -- Using PYTHON_EXECUTABLE: /home/wl/anaconda3/envs/yolov10/bin/python3
[0.546s] -- Found rclcpp: 2.4.3 (/opt/ros/foxy/share/rclcpp/cmake)
[0.592s] -- Using all available rosidl_typesupport_c: rosidl_typesupport_fastrtps_c;rosidl_typesupport_introspection_c
[0.598s] -- Found rosidl_adapter: 1.3.1 (/opt/ros/foxy/share/rosidl_adapter/cmake)
[0.705s] -- Using all available rosidl_typesupport_cpp: rosidl_typesupport_fastrtps_cpp;rosidl_typesupport_introspection_cpp
[0.751s] -- Found rmw_implementation_cmake: 1.0.4 (/opt/ros/foxy/share/rmw_implementation_cmake/cmake)
[0.752s] -- Using RMW implementation 'rmw_fastrtps_cpp' as default
[0.867s] -- Found sensor_msgs: 2.0.5 (/opt/ros/foxy/share/sensor_msgs/cmake)
[0.954s] -- Found cv_bridge: 3.0.7 (/opt/ros/foxy/share/cv_bridge/cmake)
[0.977s] -- Found image_transport: 2.4.0 (/opt/ros/foxy/share/image_transport/cmake)
[1.016s] -- Found ament_lint_auto: 0.9.8 (/opt/ros/foxy/share/ament_lint_auto/cmake)
[1.112s] -- Added test 'copyright' to check source files copyright and LICENSE
[1.113s] -- Added test 'cppcheck' to perform static code analysis on C / C++ code
[1.113s] -- Configured cppcheck include dirs: 
[1.113s] -- Configured cppcheck exclude dirs and/or files: 
[1.113s] -- Added test 'cpplint' to check C / C++ code against the Google style
[1.113s] -- Configured cpplint exclude dirs and/or files: 
[1.114s] -- Added test 'lint_cmake' to check CMake code style
[1.115s] -- Added test 'uncrustify' to check C / C++ code style
[1.115s] -- Configured uncrustify additional arguments: 
[1.115s] -- Added test 'xmllint' to check XML markup files
[1.116s] -- Configuring done (1.0s)
[1.135s] -- Generating done (0.0s)
[1.135s] -- Build files have been written to: /home/wl/Documents/detector/build/camera_node
[1.154s] [ 50%] [32mBuilding CXX object CMakeFiles/camera_node.dir/src/camera_node.cpp.o[0m
[3.892s] [100%] [32m[1mLinking CXX executable camera_node[0m
[4.344s] [100%] Built target camera_node
[4.347s] Invoked command in '/home/wl/Documents/detector/build/camera_node' returned '0': CMAKE_PREFIX_PATH=/opt/ros/foxy /home/wl/.local/bin/cmake --build /home/wl/Documents/detector/build/camera_node -- -j16 -l16
[4.446s] Invoking command in '/home/wl/Documents/detector/build/camera_node': CMAKE_PREFIX_PATH=/opt/ros/foxy /home/wl/.local/bin/cmake --install /home/wl/Documents/detector/build/camera_node
[4.492s] -- Install configuration: ""
[4.493s] -- Installing: /home/wl/Documents/detector/install/camera_node/lib/camera_node/camera_node
[4.493s] -- Set non-toolchain portion of runtime path of "/home/wl/Documents/detector/install/camera_node/lib/camera_node/camera_node" to ""
[4.493s] -- Up-to-date: /home/wl/Documents/detector/install/camera_node/share/ament_index/resource_index/package_run_dependencies/camera_node
[4.493s] -- Up-to-date: /home/wl/Documents/detector/install/camera_node/share/ament_index/resource_index/parent_prefix_path/camera_node
[4.493s] -- Installing: /home/wl/Documents/detector/install/camera_node/share/camera_node/environment/ament_prefix_path.sh
[4.494s] -- Installing: /home/wl/Documents/detector/install/camera_node/share/camera_node/environment/ament_prefix_path.dsv
[4.494s] -- Installing: /home/wl/Documents/detector/install/camera_node/share/camera_node/environment/path.sh
[4.494s] -- Installing: /home/wl/Documents/detector/install/camera_node/share/camera_node/environment/path.dsv
[4.494s] -- Up-to-date: /home/wl/Documents/detector/install/camera_node/share/camera_node/local_setup.bash
[4.494s] -- Up-to-date: /home/wl/Documents/detector/install/camera_node/share/camera_node/local_setup.sh
[4.494s] -- Up-to-date: /home/wl/Documents/detector/install/camera_node/share/camera_node/local_setup.zsh
[4.494s] -- Installing: /home/wl/Documents/detector/install/camera_node/share/camera_node/local_setup.dsv
[4.494s] -- Installing: /home/wl/Documents/detector/install/camera_node/share/camera_node/package.dsv
[4.494s] -- Up-to-date: /home/wl/Documents/detector/install/camera_node/share/ament_index/resource_index/packages/camera_node
[4.494s] -- Up-to-date: /home/wl/Documents/detector/install/camera_node/share/camera_node/cmake/camera_nodeConfig.cmake
[4.494s] -- Up-to-date: /home/wl/Documents/detector/install/camera_node/share/camera_node/cmake/camera_nodeConfig-version.cmake
[4.494s] -- Installing: /home/wl/Documents/detector/install/camera_node/share/camera_node/package.xml
[4.496s] Invoked command in '/home/wl/Documents/detector/build/camera_node' returned '0': CMAKE_PREFIX_PATH=/opt/ros/foxy /home/wl/.local/bin/cmake --install /home/wl/Documents/detector/build/camera_node
