[0.147s] DEBUG:colcon:Command line arguments: ['/usr/bin/colcon', 'build']
[0.147s] DEBUG:colcon:Parsed command line arguments: Namespace(allow_overriding=[], ament_cmake_args=None, base_paths=['.'], build_base='build', catkin_cmake_args=None, catkin_skip_building_tests=False, cmake_args=None, cmake_clean_cache=False, cmake_clean_first=False, cmake_force_configure=False, cmake_target=None, cmake_target_skip_unavailable=False, continue_on_error=False, event_handlers=None, executor='parallel', ignore_user_meta=False, install_base='install', log_base=None, log_level=None, main=<bound method BuildVerb.main of <colcon_core.verb.build.BuildVerb object at 0x7fb28b5d4a60>>, merge_install=False, metas=['./colcon.meta'], packages_above=None, packages_above_and_dependencies=None, packages_above_depth=None, packages_end=None, packages_ignore=None, packages_ignore_regex=None, packages_select=None, packages_select_build_failed=False, packages_select_by_dep=None, packages_select_regex=None, packages_select_test_failures=False, packages_skip=None, packages_skip_build_finished=False, packages_skip_by_dep=None, packages_skip_regex=None, packages_skip_test_passed=False, packages_skip_up_to=None, packages_start=None, packages_up_to=None, packages_up_to_regex=None, parallel_workers=16, paths=None, symlink_install=False, test_result_base=None, verb_extension=<colcon_core.verb.build.BuildVerb object at 0x7fb28b5d4a60>, verb_name='build', verb_parser=<colcon_defaults.argument_parser.defaults.DefaultArgumentsDecorator object at 0x7fb28b5d4f70>)
[0.297s] Level 1:colcon.colcon_core.package_discovery:discover_packages(colcon_meta) check parameters
[0.297s] Level 1:colcon.colcon_core.package_discovery:discover_packages(recursive) check parameters
[0.297s] Level 1:colcon.colcon_core.package_discovery:discover_packages(ignore) check parameters
[0.297s] Level 1:colcon.colcon_core.package_discovery:discover_packages(path) check parameters
[0.297s] Level 1:colcon.colcon_core.package_discovery:discover_packages(colcon_meta) discover
[0.297s] Level 1:colcon.colcon_core.package_discovery:discover_packages(recursive) discover
[0.297s] INFO:colcon.colcon_core.package_discovery:Crawling recursively for packages in '/home/wl/Documents/detector'
[0.297s] Level 1:colcon.colcon_core.package_identification:_identify(.) by extensions ['ignore', 'ignore_ament_install']
[0.297s] Level 1:colcon.colcon_core.package_identification:_identify(.) by extension 'ignore'
[0.297s] Level 1:colcon.colcon_core.package_identification:_identify(.) by extension 'ignore_ament_install'
[0.298s] Level 1:colcon.colcon_core.package_identification:_identify(.) by extensions ['colcon_pkg']
[0.298s] Level 1:colcon.colcon_core.package_identification:_identify(.) by extension 'colcon_pkg'
[0.298s] Level 1:colcon.colcon_core.package_identification:_identify(.) by extensions ['colcon_meta']
[0.298s] Level 1:colcon.colcon_core.package_identification:_identify(.) by extension 'colcon_meta'
[0.298s] Level 1:colcon.colcon_core.package_identification:_identify(.) by extensions ['ros']
[0.298s] Level 1:colcon.colcon_core.package_identification:_identify(.) by extension 'ros'
[0.306s] Level 1:colcon.colcon_core.package_identification:_identify(.) by extensions ['cmake', 'python']
[0.306s] Level 1:colcon.colcon_core.package_identification:_identify(.) by extension 'cmake'
[0.307s] Level 1:colcon.colcon_core.package_identification:_identify(.) by extension 'python'
[0.307s] Level 1:colcon.colcon_core.package_identification:_identify(.) by extensions ['python_setup_py']
[0.307s] Level 1:colcon.colcon_core.package_identification:_identify(.) by extension 'python_setup_py'
[0.307s] Level 1:colcon.colcon_core.package_identification:_identify(build) by extensions ['ignore', 'ignore_ament_install']
[0.307s] Level 1:colcon.colcon_core.package_identification:_identify(build) by extension 'ignore'
[0.307s] Level 1:colcon.colcon_core.package_identification:_identify(build) ignored
[0.307s] Level 1:colcon.colcon_core.package_identification:_identify(install) by extensions ['ignore', 'ignore_ament_install']
[0.307s] Level 1:colcon.colcon_core.package_identification:_identify(install) by extension 'ignore'
[0.307s] Level 1:colcon.colcon_core.package_identification:_identify(install) ignored
[0.307s] Level 1:colcon.colcon_core.package_identification:_identify(log) by extensions ['ignore', 'ignore_ament_install']
[0.307s] Level 1:colcon.colcon_core.package_identification:_identify(log) by extension 'ignore'
[0.307s] Level 1:colcon.colcon_core.package_identification:_identify(log) ignored
[0.307s] Level 1:colcon.colcon_core.package_identification:_identify(src) by extensions ['ignore', 'ignore_ament_install']
[0.307s] Level 1:colcon.colcon_core.package_identification:_identify(src) by extension 'ignore'
[0.307s] Level 1:colcon.colcon_core.package_identification:_identify(src) by extension 'ignore_ament_install'
[0.307s] Level 1:colcon.colcon_core.package_identification:_identify(src) by extensions ['colcon_pkg']
[0.308s] Level 1:colcon.colcon_core.package_identification:_identify(src) by extension 'colcon_pkg'
[0.308s] Level 1:colcon.colcon_core.package_identification:_identify(src) by extensions ['colcon_meta']
[0.308s] Level 1:colcon.colcon_core.package_identification:_identify(src) by extension 'colcon_meta'
[0.308s] Level 1:colcon.colcon_core.package_identification:_identify(src) by extensions ['ros']
[0.308s] Level 1:colcon.colcon_core.package_identification:_identify(src) by extension 'ros'
[0.308s] Level 1:colcon.colcon_core.package_identification:_identify(src) by extensions ['cmake', 'python']
[0.308s] Level 1:colcon.colcon_core.package_identification:_identify(src) by extension 'cmake'
[0.308s] Level 1:colcon.colcon_core.package_identification:_identify(src) by extension 'python'
[0.308s] Level 1:colcon.colcon_core.package_identification:_identify(src) by extensions ['python_setup_py']
[0.308s] Level 1:colcon.colcon_core.package_identification:_identify(src) by extension 'python_setup_py'
[0.308s] Level 1:colcon.colcon_core.package_identification:_identify(src/camera_node) by extensions ['ignore', 'ignore_ament_install']
[0.308s] Level 1:colcon.colcon_core.package_identification:_identify(src/camera_node) by extension 'ignore'
[0.308s] Level 1:colcon.colcon_core.package_identification:_identify(src/camera_node) by extension 'ignore_ament_install'
[0.308s] Level 1:colcon.colcon_core.package_identification:_identify(src/camera_node) by extensions ['colcon_pkg']
[0.308s] Level 1:colcon.colcon_core.package_identification:_identify(src/camera_node) by extension 'colcon_pkg'
[0.308s] Level 1:colcon.colcon_core.package_identification:_identify(src/camera_node) by extensions ['colcon_meta']
[0.308s] Level 1:colcon.colcon_core.package_identification:_identify(src/camera_node) by extension 'colcon_meta'
[0.308s] Level 1:colcon.colcon_core.package_identification:_identify(src/camera_node) by extensions ['ros']
[0.308s] Level 1:colcon.colcon_core.package_identification:_identify(src/camera_node) by extension 'ros'
[0.310s] DEBUG:colcon.colcon_core.package_identification:Package 'src/camera_node' with type 'ros.ament_cmake' and name 'camera_node'
[0.310s] Level 1:colcon.colcon_core.package_identification:_identify(src/yolo_detector) by extensions ['ignore', 'ignore_ament_install']
[0.311s] Level 1:colcon.colcon_core.package_identification:_identify(src/yolo_detector) by extension 'ignore'
[0.311s] Level 1:colcon.colcon_core.package_identification:_identify(src/yolo_detector) by extension 'ignore_ament_install'
[0.311s] Level 1:colcon.colcon_core.package_identification:_identify(src/yolo_detector) by extensions ['colcon_pkg']
[0.311s] Level 1:colcon.colcon_core.package_identification:_identify(src/yolo_detector) by extension 'colcon_pkg'
[0.311s] Level 1:colcon.colcon_core.package_identification:_identify(src/yolo_detector) by extensions ['colcon_meta']
[0.311s] Level 1:colcon.colcon_core.package_identification:_identify(src/yolo_detector) by extension 'colcon_meta'
[0.311s] Level 1:colcon.colcon_core.package_identification:_identify(src/yolo_detector) by extensions ['ros']
[0.311s] Level 1:colcon.colcon_core.package_identification:_identify(src/yolo_detector) by extension 'ros'
[0.312s] DEBUG:colcon.colcon_core.package_identification:Package 'src/yolo_detector' with type 'ros.ament_python' and name 'yolo_detector'
[0.312s] Level 1:colcon.colcon_core.package_discovery:discover_packages(recursive) using defaults
[0.312s] Level 1:colcon.colcon_core.package_discovery:discover_packages(ignore) discover
[0.312s] Level 1:colcon.colcon_core.package_discovery:discover_packages(ignore) using defaults
[0.312s] Level 1:colcon.colcon_core.package_discovery:discover_packages(path) discover
[0.312s] Level 1:colcon.colcon_core.package_discovery:discover_packages(path) using defaults
[0.324s] Level 1:colcon.colcon_core.package_discovery:discover_packages(prefix_path) check parameters
[0.324s] Level 1:colcon.colcon_core.package_discovery:discover_packages(prefix_path) discover
[0.326s] DEBUG:colcon.colcon_installed_package_information.package_discovery:Found 2 installed packages in /home/wl/Documents/detector/install
[0.326s] DEBUG:colcon.colcon_installed_package_information.package_discovery:Found 256 installed packages in /opt/ros/foxy
[0.328s] Level 1:colcon.colcon_core.package_discovery:discover_packages(prefix_path) using defaults
[0.385s] Level 5:colcon.colcon_core.verb:set package 'camera_node' build argument 'cmake_args' from command line to 'None'
[0.385s] Level 5:colcon.colcon_core.verb:set package 'camera_node' build argument 'cmake_target' from command line to 'None'
[0.385s] Level 5:colcon.colcon_core.verb:set package 'camera_node' build argument 'cmake_target_skip_unavailable' from command line to 'False'
[0.385s] Level 5:colcon.colcon_core.verb:set package 'camera_node' build argument 'cmake_clean_cache' from command line to 'False'
[0.385s] Level 5:colcon.colcon_core.verb:set package 'camera_node' build argument 'cmake_clean_first' from command line to 'False'
[0.385s] Level 5:colcon.colcon_core.verb:set package 'camera_node' build argument 'cmake_force_configure' from command line to 'False'
[0.385s] Level 5:colcon.colcon_core.verb:set package 'camera_node' build argument 'ament_cmake_args' from command line to 'None'
[0.385s] Level 5:colcon.colcon_core.verb:set package 'camera_node' build argument 'catkin_cmake_args' from command line to 'None'
[0.385s] Level 5:colcon.colcon_core.verb:set package 'camera_node' build argument 'catkin_skip_building_tests' from command line to 'False'
[0.385s] DEBUG:colcon.colcon_core.verb:Building package 'camera_node' with the following arguments: {'ament_cmake_args': None, 'build_base': '/home/wl/Documents/detector/build/camera_node', 'catkin_cmake_args': None, 'catkin_skip_building_tests': False, 'cmake_args': None, 'cmake_clean_cache': False, 'cmake_clean_first': False, 'cmake_force_configure': False, 'cmake_target': None, 'cmake_target_skip_unavailable': False, 'install_base': '/home/wl/Documents/detector/install/camera_node', 'merge_install': False, 'path': '/home/wl/Documents/detector/src/camera_node', 'symlink_install': False, 'test_result_base': None}
[0.385s] Level 5:colcon.colcon_core.verb:set package 'yolo_detector' build argument 'cmake_args' from command line to 'None'
[0.385s] Level 5:colcon.colcon_core.verb:set package 'yolo_detector' build argument 'cmake_target' from command line to 'None'
[0.385s] Level 5:colcon.colcon_core.verb:set package 'yolo_detector' build argument 'cmake_target_skip_unavailable' from command line to 'False'
[0.385s] Level 5:colcon.colcon_core.verb:set package 'yolo_detector' build argument 'cmake_clean_cache' from command line to 'False'
[0.385s] Level 5:colcon.colcon_core.verb:set package 'yolo_detector' build argument 'cmake_clean_first' from command line to 'False'
[0.386s] Level 5:colcon.colcon_core.verb:set package 'yolo_detector' build argument 'cmake_force_configure' from command line to 'False'
[0.386s] Level 5:colcon.colcon_core.verb:set package 'yolo_detector' build argument 'ament_cmake_args' from command line to 'None'
[0.386s] Level 5:colcon.colcon_core.verb:set package 'yolo_detector' build argument 'catkin_cmake_args' from command line to 'None'
[0.386s] Level 5:colcon.colcon_core.verb:set package 'yolo_detector' build argument 'catkin_skip_building_tests' from command line to 'False'
[0.386s] DEBUG:colcon.colcon_core.verb:Building package 'yolo_detector' with the following arguments: {'ament_cmake_args': None, 'build_base': '/home/wl/Documents/detector/build/yolo_detector', 'catkin_cmake_args': None, 'catkin_skip_building_tests': False, 'cmake_args': None, 'cmake_clean_cache': False, 'cmake_clean_first': False, 'cmake_force_configure': False, 'cmake_target': None, 'cmake_target_skip_unavailable': False, 'install_base': '/home/wl/Documents/detector/install/yolo_detector', 'merge_install': False, 'path': '/home/wl/Documents/detector/src/yolo_detector', 'symlink_install': False, 'test_result_base': None}
[0.386s] INFO:colcon.colcon_core.executor:Executing jobs using 'parallel' executor
[0.386s] DEBUG:colcon.colcon_parallel_executor.executor.parallel:run_until_complete
[0.387s] INFO:colcon.colcon_ros.task.ament_cmake.build:Building ROS package in '/home/wl/Documents/detector/src/camera_node' with build type 'ament_cmake'
[0.387s] INFO:colcon.colcon_cmake.task.cmake.build:Building CMake package in '/home/wl/Documents/detector/src/camera_node'
[0.388s] INFO:colcon.colcon_core.plugin_system:Skipping extension 'colcon_core.shell.bat': Not used on non-Windows systems
[0.388s] INFO:colcon.colcon_core.shell:Skip shell extension 'powershell' for command environment: Not usable outside of PowerShell
[0.388s] DEBUG:colcon.colcon_core.shell:Skip shell extension 'dsv' for command environment
[0.392s] INFO:colcon.colcon_ros.task.ament_python.build:Building ROS package in '/home/wl/Documents/detector/src/yolo_detector' with build type 'ament_python'
[0.392s] Level 1:colcon.colcon_core.shell:create_environment_hook('yolo_detector', 'ament_prefix_path')
[0.393s] INFO:colcon.colcon_core.shell:Creating environment hook '/home/wl/Documents/detector/install/yolo_detector/share/yolo_detector/hook/ament_prefix_path.ps1'
[0.394s] INFO:colcon.colcon_core.shell:Creating environment descriptor '/home/wl/Documents/detector/install/yolo_detector/share/yolo_detector/hook/ament_prefix_path.dsv'
[0.394s] INFO:colcon.colcon_core.shell:Creating environment hook '/home/wl/Documents/detector/install/yolo_detector/share/yolo_detector/hook/ament_prefix_path.sh'
[0.395s] INFO:colcon.colcon_core.shell:Skip shell extension 'powershell' for command environment: Not usable outside of PowerShell
[0.395s] DEBUG:colcon.colcon_core.shell:Skip shell extension 'dsv' for command environment
[0.404s] DEBUG:colcon.colcon_core.event_handler.log_command:Invoking command in '/home/wl/Documents/detector/build/camera_node': CMAKE_PREFIX_PATH=${CMAKE_PREFIX_PATH}:/home/wl/Documents/detector/install/yolo_detector:/opt/ros/foxy CONDA_PROMPT_MODIFIER=(yolov10) /home/wl/anaconda3/envs/yolov10/bin/cmake --build /home/wl/Documents/detector/build/camera_node -- -j16 -l16
[0.586s] INFO:colcon.colcon_core.task.python.build:Building Python package in '/home/wl/Documents/detector/src/yolo_detector'
[0.586s] INFO:colcon.colcon_core.shell:Skip shell extension 'powershell' for command environment: Not usable outside of PowerShell
[0.586s] DEBUG:colcon.colcon_core.shell:Skip shell extension 'dsv' for command environment
[0.907s] DEBUG:colcon.colcon_core.event_handler.log_command:Invoking command in '/home/wl/Documents/detector/src/yolo_detector': CONDA_PROMPT_MODIFIER=(yolov10) PYTHONPATH=/home/wl/Documents/detector/build/yolo_detector/prefix_override:/usr/lib/python3/dist-packages/colcon_core/task/python/colcon_distutils_commands:/home/wl/Documents/detector/install/yolo_detector/lib/python3.8/site-packages:${PYTHONPATH} /usr/bin/python3 -W ignore:setup.py install is deprecated setup.py egg_info --egg-base ../../build/yolo_detector build --build-base /home/wl/Documents/detector/build/yolo_detector/build install --record /home/wl/Documents/detector/build/yolo_detector/install.log --install-scripts $base/lib/yolo_detector --single-version-externally-managed install_data
[1.140s] DEBUG:colcon.colcon_core.event_handler.log_command:Invoked command in '/home/wl/Documents/detector/src/yolo_detector' returned '0': CONDA_PROMPT_MODIFIER=(yolov10) PYTHONPATH=/home/wl/Documents/detector/build/yolo_detector/prefix_override:/usr/lib/python3/dist-packages/colcon_core/task/python/colcon_distutils_commands:/home/wl/Documents/detector/install/yolo_detector/lib/python3.8/site-packages:${PYTHONPATH} /usr/bin/python3 -W ignore:setup.py install is deprecated setup.py egg_info --egg-base ../../build/yolo_detector build --build-base /home/wl/Documents/detector/build/yolo_detector/build install --record /home/wl/Documents/detector/build/yolo_detector/install.log --install-scripts $base/lib/yolo_detector --single-version-externally-managed install_data
[1.142s] Level 1:colcon.colcon_core.environment:checking '/home/wl/Documents/detector/install/yolo_detector' for CMake module files
[1.142s] Level 1:colcon.colcon_core.environment:checking '/home/wl/Documents/detector/install/yolo_detector' for CMake config files
[1.143s] Level 1:colcon.colcon_core.environment:checking '/home/wl/Documents/detector/install/yolo_detector/lib'
[1.143s] Level 1:colcon.colcon_core.environment:checking '/home/wl/Documents/detector/install/yolo_detector/bin'
[1.143s] Level 1:colcon.colcon_core.environment:checking '/home/wl/Documents/detector/install/yolo_detector/lib/pkgconfig/yolo_detector.pc'
[1.143s] Level 1:colcon.colcon_core.environment:checking '/home/wl/Documents/detector/install/yolo_detector/lib/python3.8/site-packages'
[1.143s] Level 1:colcon.colcon_core.shell:create_environment_hook('yolo_detector', 'pythonpath')
[1.143s] INFO:colcon.colcon_core.shell:Creating environment hook '/home/wl/Documents/detector/install/yolo_detector/share/yolo_detector/hook/pythonpath.ps1'
[1.144s] INFO:colcon.colcon_core.shell:Creating environment descriptor '/home/wl/Documents/detector/install/yolo_detector/share/yolo_detector/hook/pythonpath.dsv'
[1.144s] INFO:colcon.colcon_core.shell:Creating environment hook '/home/wl/Documents/detector/install/yolo_detector/share/yolo_detector/hook/pythonpath.sh'
[1.145s] Level 1:colcon.colcon_core.environment:checking '/home/wl/Documents/detector/install/yolo_detector/bin'
[1.145s] Level 1:colcon.colcon_core.environment:create_environment_scripts_only(yolo_detector)
[1.145s] INFO:colcon.colcon_core.shell:Creating package script '/home/wl/Documents/detector/install/yolo_detector/share/yolo_detector/package.ps1'
[1.146s] INFO:colcon.colcon_core.shell:Creating package descriptor '/home/wl/Documents/detector/install/yolo_detector/share/yolo_detector/package.dsv'
[1.146s] INFO:colcon.colcon_core.shell:Creating package script '/home/wl/Documents/detector/install/yolo_detector/share/yolo_detector/package.sh'
[1.147s] INFO:colcon.colcon_core.shell:Creating package script '/home/wl/Documents/detector/install/yolo_detector/share/yolo_detector/package.bash'
[1.147s] INFO:colcon.colcon_core.shell:Creating package script '/home/wl/Documents/detector/install/yolo_detector/share/yolo_detector/package.zsh'
[1.148s] Level 1:colcon.colcon_core.environment:create_file_with_runtime_dependencies(/home/wl/Documents/detector/install/yolo_detector/share/colcon-core/packages/yolo_detector)
[4.643s] DEBUG:colcon.colcon_core.event_handler.log_command:Invoked command in '/home/wl/Documents/detector/build/camera_node' returned '0': CMAKE_PREFIX_PATH=${CMAKE_PREFIX_PATH}:/home/wl/Documents/detector/install/yolo_detector:/opt/ros/foxy CONDA_PROMPT_MODIFIER=(yolov10) /home/wl/anaconda3/envs/yolov10/bin/cmake --build /home/wl/Documents/detector/build/camera_node -- -j16 -l16
[4.755s] DEBUG:colcon.colcon_core.event_handler.log_command:Invoking command in '/home/wl/Documents/detector/build/camera_node': CMAKE_PREFIX_PATH=${CMAKE_PREFIX_PATH}:/home/wl/Documents/detector/install/yolo_detector:/opt/ros/foxy CONDA_PROMPT_MODIFIER=(yolov10) /home/wl/anaconda3/envs/yolov10/bin/cmake --install /home/wl/Documents/detector/build/camera_node
[4.810s] Level 1:colcon.colcon_core.environment:create_environment_scripts_only(camera_node)
[4.811s] Level 1:colcon.colcon_core.environment:checking '/home/wl/Documents/detector/install/camera_node' for CMake module files
[4.811s] DEBUG:colcon.colcon_core.event_handler.log_command:Invoked command in '/home/wl/Documents/detector/build/camera_node' returned '0': CMAKE_PREFIX_PATH=${CMAKE_PREFIX_PATH}:/home/wl/Documents/detector/install/yolo_detector:/opt/ros/foxy CONDA_PROMPT_MODIFIER=(yolov10) /home/wl/anaconda3/envs/yolov10/bin/cmake --install /home/wl/Documents/detector/build/camera_node
[4.811s] Level 1:colcon.colcon_core.environment:checking '/home/wl/Documents/detector/install/camera_node' for CMake config files
[4.812s] Level 1:colcon.colcon_core.shell:create_environment_hook('camera_node', 'cmake_prefix_path')
[4.812s] INFO:colcon.colcon_core.shell:Creating environment hook '/home/wl/Documents/detector/install/camera_node/share/camera_node/hook/cmake_prefix_path.ps1'
[4.812s] INFO:colcon.colcon_core.shell:Creating environment descriptor '/home/wl/Documents/detector/install/camera_node/share/camera_node/hook/cmake_prefix_path.dsv'
[4.812s] INFO:colcon.colcon_core.shell:Creating environment hook '/home/wl/Documents/detector/install/camera_node/share/camera_node/hook/cmake_prefix_path.sh'
[4.813s] Level 1:colcon.colcon_core.environment:checking '/home/wl/Documents/detector/install/camera_node/lib'
[4.813s] Level 1:colcon.colcon_core.environment:checking '/home/wl/Documents/detector/install/camera_node/bin'
[4.813s] Level 1:colcon.colcon_core.environment:checking '/home/wl/Documents/detector/install/camera_node/lib/pkgconfig/camera_node.pc'
[4.813s] Level 1:colcon.colcon_core.environment:checking '/home/wl/Documents/detector/install/camera_node/lib/python3.8/site-packages'
[4.813s] Level 1:colcon.colcon_core.environment:checking '/home/wl/Documents/detector/install/camera_node/bin'
[4.813s] INFO:colcon.colcon_core.shell:Creating package script '/home/wl/Documents/detector/install/camera_node/share/camera_node/package.ps1'
[4.814s] INFO:colcon.colcon_core.shell:Creating package descriptor '/home/wl/Documents/detector/install/camera_node/share/camera_node/package.dsv'
[4.814s] INFO:colcon.colcon_core.shell:Creating package script '/home/wl/Documents/detector/install/camera_node/share/camera_node/package.sh'
[4.814s] INFO:colcon.colcon_core.shell:Creating package script '/home/wl/Documents/detector/install/camera_node/share/camera_node/package.bash'
[4.815s] INFO:colcon.colcon_core.shell:Creating package script '/home/wl/Documents/detector/install/camera_node/share/camera_node/package.zsh'
[4.815s] Level 1:colcon.colcon_core.environment:create_file_with_runtime_dependencies(/home/wl/Documents/detector/install/camera_node/share/colcon-core/packages/camera_node)
[4.882s] Level 1:colcon.colcon_core.environment:create_environment_scripts_only(camera_node)
[4.882s] Level 1:colcon.colcon_core.environment:checking '/home/wl/Documents/detector/install/camera_node' for CMake module files
[4.883s] Level 1:colcon.colcon_core.environment:checking '/home/wl/Documents/detector/install/camera_node' for CMake config files
[4.883s] Level 1:colcon.colcon_core.shell:create_environment_hook('camera_node', 'cmake_prefix_path')
[4.883s] INFO:colcon.colcon_core.shell:Creating environment hook '/home/wl/Documents/detector/install/camera_node/share/camera_node/hook/cmake_prefix_path.ps1'
[4.884s] INFO:colcon.colcon_core.shell:Creating environment descriptor '/home/wl/Documents/detector/install/camera_node/share/camera_node/hook/cmake_prefix_path.dsv'
[4.884s] INFO:colcon.colcon_core.shell:Creating environment hook '/home/wl/Documents/detector/install/camera_node/share/camera_node/hook/cmake_prefix_path.sh'
[4.884s] Level 1:colcon.colcon_core.environment:checking '/home/wl/Documents/detector/install/camera_node/lib'
[4.884s] Level 1:colcon.colcon_core.environment:checking '/home/wl/Documents/detector/install/camera_node/bin'
[4.884s] Level 1:colcon.colcon_core.environment:checking '/home/wl/Documents/detector/install/camera_node/lib/pkgconfig/camera_node.pc'
[4.884s] Level 1:colcon.colcon_core.environment:checking '/home/wl/Documents/detector/install/camera_node/lib/python3.8/site-packages'
[4.885s] Level 1:colcon.colcon_core.environment:checking '/home/wl/Documents/detector/install/camera_node/bin'
[4.885s] INFO:colcon.colcon_core.shell:Creating package script '/home/wl/Documents/detector/install/camera_node/share/camera_node/package.ps1'
[4.885s] INFO:colcon.colcon_core.shell:Creating package descriptor '/home/wl/Documents/detector/install/camera_node/share/camera_node/package.dsv'
[4.885s] INFO:colcon.colcon_core.shell:Creating package script '/home/wl/Documents/detector/install/camera_node/share/camera_node/package.sh'
[4.886s] INFO:colcon.colcon_core.shell:Creating package script '/home/wl/Documents/detector/install/camera_node/share/camera_node/package.bash'
[4.886s] INFO:colcon.colcon_core.shell:Creating package script '/home/wl/Documents/detector/install/camera_node/share/camera_node/package.zsh'
[4.887s] Level 1:colcon.colcon_core.environment:create_file_with_runtime_dependencies(/home/wl/Documents/detector/install/camera_node/share/colcon-core/packages/camera_node)
[4.887s] DEBUG:colcon.colcon_parallel_executor.executor.parallel:closing loop
[4.887s] DEBUG:colcon.colcon_parallel_executor.executor.parallel:loop closed
[4.887s] DEBUG:colcon.colcon_parallel_executor.executor.parallel:run_until_complete finished with '0'
[4.887s] DEBUG:colcon.colcon_core.event_reactor:joining thread
[4.891s] INFO:colcon.colcon_core.plugin_system:Skipping extension 'colcon_notification.desktop_notification.terminal_notifier': Not used on non-Darwin systems
[4.891s] INFO:colcon.colcon_core.plugin_system:Skipping extension 'colcon_notification.desktop_notification.win32': Not used on non-Windows systems
[4.892s] INFO:colcon.colcon_notification.desktop_notification:Sending desktop notification using 'notify2'
[4.902s] DEBUG:colcon.colcon_core.event_reactor:joined thread
[4.903s] INFO:colcon.colcon_core.shell:Creating prefix script '/home/wl/Documents/detector/install/local_setup.ps1'
[4.904s] INFO:colcon.colcon_core.shell:Creating prefix util module '/home/wl/Documents/detector/install/_local_setup_util_ps1.py'
[4.905s] INFO:colcon.colcon_core.shell:Creating prefix chain script '/home/wl/Documents/detector/install/setup.ps1'
[4.906s] INFO:colcon.colcon_core.shell:Creating prefix script '/home/wl/Documents/detector/install/local_setup.sh'
[4.906s] INFO:colcon.colcon_core.shell:Creating prefix util module '/home/wl/Documents/detector/install/_local_setup_util_sh.py'
[4.906s] INFO:colcon.colcon_core.shell:Creating prefix chain script '/home/wl/Documents/detector/install/setup.sh'
[4.907s] INFO:colcon.colcon_core.shell:Creating prefix script '/home/wl/Documents/detector/install/local_setup.bash'
[4.908s] INFO:colcon.colcon_core.shell:Creating prefix chain script '/home/wl/Documents/detector/install/setup.bash'
[4.908s] INFO:colcon.colcon_core.shell:Creating prefix script '/home/wl/Documents/detector/install/local_setup.zsh'
[4.909s] INFO:colcon.colcon_core.shell:Creating prefix chain script '/home/wl/Documents/detector/install/setup.zsh'
