[0.007s] Invoking command in '/home/ww/Documents/detector/build/camera_node': CMAKE_PREFIX_PATH=${CMAKE_PREFIX_PATH}:/opt/ros/foxy CONDA_PROMPT_MODIFIER=(base) /usr/bin/cmake --build /home/ww/Documents/detector/build/camera_node -- -j12 -l12
[0.031s] [35m[1mScanning dependencies of target camera_node[0m
[0.052s] [ 50%] [32mBuilding CXX object CMakeFiles/camera_node.dir/src/camera_node.cpp.o[0m
[2.121s] [100%] [32m[1mLinking CXX executable camera_node[0m
[2.380s] [100%] Built target camera_node
[2.386s] Invoked command in '/home/ww/Documents/detector/build/camera_node' returned '0': CMAKE_PREFIX_PATH=${CMAKE_PREFIX_PATH}:/opt/ros/foxy CONDA_PROMPT_MODIFIER=(base) /usr/bin/cmake --build /home/ww/Documents/detector/build/camera_node -- -j12 -l12
[2.404s] Invoking command in '/home/ww/Documents/detector/build/camera_node': CMAKE_PREFIX_PATH=${CMAKE_PREFIX_PATH}:/opt/ros/foxy CONDA_PROMPT_MODIFIER=(base) /usr/bin/cmake --install /home/ww/Documents/detector/build/camera_node
[2.408s] -- Install configuration: ""
[2.408s] -- Installing: /home/ww/Documents/detector/install/camera_node/lib/camera_node/camera_node
[2.409s] -- Set runtime path of "/home/ww/Documents/detector/install/camera_node/lib/camera_node/camera_node" to ""
[2.409s] -- Up-to-date: /home/ww/Documents/detector/install/camera_node/share/ament_index/resource_index/package_run_dependencies/camera_node
[2.409s] -- Up-to-date: /home/ww/Documents/detector/install/camera_node/share/ament_index/resource_index/parent_prefix_path/camera_node
[2.409s] -- Up-to-date: /home/ww/Documents/detector/install/camera_node/share/camera_node/environment/ament_prefix_path.sh
[2.409s] -- Up-to-date: /home/ww/Documents/detector/install/camera_node/share/camera_node/environment/ament_prefix_path.dsv
[2.409s] -- Up-to-date: /home/ww/Documents/detector/install/camera_node/share/camera_node/environment/path.sh
[2.409s] -- Up-to-date: /home/ww/Documents/detector/install/camera_node/share/camera_node/environment/path.dsv
[2.409s] -- Up-to-date: /home/ww/Documents/detector/install/camera_node/share/camera_node/local_setup.bash
[2.409s] -- Up-to-date: /home/ww/Documents/detector/install/camera_node/share/camera_node/local_setup.sh
[2.409s] -- Up-to-date: /home/ww/Documents/detector/install/camera_node/share/camera_node/local_setup.zsh
[2.409s] -- Up-to-date: /home/ww/Documents/detector/install/camera_node/share/camera_node/local_setup.dsv
[2.409s] -- Installing: /home/ww/Documents/detector/install/camera_node/share/camera_node/package.dsv
[2.409s] -- Up-to-date: /home/ww/Documents/detector/install/camera_node/share/ament_index/resource_index/packages/camera_node
[2.409s] -- Up-to-date: /home/ww/Documents/detector/install/camera_node/share/camera_node/cmake/camera_nodeConfig.cmake
[2.409s] -- Up-to-date: /home/ww/Documents/detector/install/camera_node/share/camera_node/cmake/camera_nodeConfig-version.cmake
[2.409s] -- Up-to-date: /home/ww/Documents/detector/install/camera_node/share/camera_node/package.xml
[2.410s] Invoked command in '/home/ww/Documents/detector/build/camera_node' returned '0': CMAKE_PREFIX_PATH=${CMAKE_PREFIX_PATH}:/opt/ros/foxy CONDA_PROMPT_MODIFIER=(base) /usr/bin/cmake --install /home/ww/Documents/detector/build/camera_node
