[0.545s] Invoking command in '/home/wl/Documents/detector/src/yolo_detector': PYTHONPATH=/home/wl/Documents/detector/build/yolo_detector/prefix_override:/usr/lib/python3/dist-packages/colcon_core/task/python/colcon_distutils_commands:/home/wl/Documents/detector/install/yolo_detector/lib/python3.8/site-packages:${PYTHONPATH} /usr/bin/python3 -W ignore:setup.py install is deprecated setup.py egg_info --egg-base ../../build/yolo_detector build --build-base /home/wl/Documents/detector/build/yolo_detector/build install --record /home/wl/Documents/detector/build/yolo_detector/install.log --install-scripts $base/lib/yolo_detector --single-version-externally-managed install_data
[0.720s] running egg_info
[0.720s] writing ../../build/yolo_detector/yolo_detector.egg-info/PKG-INFO
[0.720s] writing dependency_links to ../../build/yolo_detector/yolo_detector.egg-info/dependency_links.txt
[0.721s] writing entry points to ../../build/yolo_detector/yolo_detector.egg-info/entry_points.txt
[0.721s] writing requirements to ../../build/yolo_detector/yolo_detector.egg-info/requires.txt
[0.721s] writing top-level names to ../../build/yolo_detector/yolo_detector.egg-info/top_level.txt
[0.746s] reading manifest file '../../build/yolo_detector/yolo_detector.egg-info/SOURCES.txt'
[0.747s] writing manifest file '../../build/yolo_detector/yolo_detector.egg-info/SOURCES.txt'
[0.747s] running build
[0.747s] running build_py
[0.747s] copying yolo_detector/yolo_detector.py -> /home/wl/Documents/detector/build/yolo_detector/build/lib/yolo_detector
[0.747s] running install
[0.748s] running install_lib
[0.749s] copying /home/wl/Documents/detector/build/yolo_detector/build/lib/yolo_detector/yolo_detector.py -> /home/wl/Documents/detector/install/yolo_detector/lib/python3.8/site-packages/yolo_detector
[0.750s] byte-compiling /home/wl/Documents/detector/install/yolo_detector/lib/python3.8/site-packages/yolo_detector/yolo_detector.py to yolo_detector.cpython-38.pyc
[0.751s] running install_data
[0.751s] running install_egg_info
[0.753s] removing '/home/wl/Documents/detector/install/yolo_detector/lib/python3.8/site-packages/yolo_detector-0.0.0-py3.8.egg-info' (and everything under it)
[0.753s] Copying ../../build/yolo_detector/yolo_detector.egg-info to /home/wl/Documents/detector/install/yolo_detector/lib/python3.8/site-packages/yolo_detector-0.0.0-py3.8.egg-info
[0.754s] running install_scripts
[0.766s] Installing yolo_detector script to /home/wl/Documents/detector/install/yolo_detector/lib/yolo_detector
[0.766s] writing list of installed files to '/home/wl/Documents/detector/build/yolo_detector/install.log'
[0.778s] Invoked command in '/home/wl/Documents/detector/src/yolo_detector' returned '0': PYTHONPATH=/home/wl/Documents/detector/build/yolo_detector/prefix_override:/usr/lib/python3/dist-packages/colcon_core/task/python/colcon_distutils_commands:/home/wl/Documents/detector/install/yolo_detector/lib/python3.8/site-packages:${PYTHONPATH} /usr/bin/python3 -W ignore:setup.py install is deprecated setup.py egg_info --egg-base ../../build/yolo_detector build --build-base /home/wl/Documents/detector/build/yolo_detector/build install --record /home/wl/Documents/detector/build/yolo_detector/install.log --install-scripts $base/lib/yolo_detector --single-version-externally-managed install_data
