[0.006s] Invoking command in '/home/ww/Documents/detector/build/camera_node': CMAKE_PREFIX_PATH=/opt/ros/foxy CONDA_PROMPT_MODIFIER=(base) /usr/bin/cmake /home/ww/Documents/detector/src/camera_node -DCMAKE_INSTALL_PREFIX=/home/ww/Documents/detector/install/camera_node
[0.014s] -- Found ament_cmake: 0.9.12 (/opt/ros/foxy/share/ament_cmake/cmake)
[0.026s] -- Using PYTHON_EXECUTABLE: /home/ww/anaconda3/bin/python3
[0.128s] -- Found rclcpp: 2.4.3 (/opt/ros/foxy/share/rclcpp/cmake)
[0.146s] -- Using all available rosidl_typesupport_c: rosidl_typesupport_fastrtps_c;rosidl_typesupport_introspection_c
[0.148s] -- Found rosidl_adapter: 1.3.1 (/opt/ros/foxy/share/rosidl_adapter/cmake)
[0.215s] -- Using all available rosidl_typesupport_cpp: rosidl_typesupport_fastrtps_cpp;rosidl_typesupport_introspection_cpp
[0.243s] -- Found rmw_implementation_cmake: 1.0.4 (/opt/ros/foxy/share/rmw_implementation_cmake/cmake)
[0.243s] -- Using RMW implementation 'rmw_fastrtps_cpp' as default
[0.322s] -- Found sensor_msgs: 2.0.5 (/opt/ros/foxy/share/sensor_msgs/cmake)
[0.384s] -- Found cv_bridge: 3.0.7 (/opt/ros/foxy/share/cv_bridge/cmake)
[0.406s] CMake Error at CMakeLists.txt:24 (find_package):
[0.406s]   By not providing "FindYAML.cmake" in CMAKE_MODULE_PATH this project has
[0.406s]   asked CMake to find a package configuration file provided by "YAML", but
[0.406s]   CMake did not find one.
[0.406s] 
[0.406s]   Could not find a package configuration file provided by "YAML" with any of
[0.406s]   the following names:
[0.406s] 
[0.406s]     YAMLConfig.cmake
[0.407s]     yaml-config.cmake
[0.407s] 
[0.407s]   Add the installation prefix of "YAML" to CMAKE_PREFIX_PATH or set
[0.407s]   "YAML_DIR" to a directory containing one of the above files.  If "YAML"
[0.407s]   provides a separate development package or SDK, be sure it has been
[0.407s]   installed.
[0.407s] 
[0.407s] 
[0.407s] -- Configuring incomplete, errors occurred!
[0.407s] See also "/home/ww/Documents/detector/build/camera_node/CMakeFiles/CMakeOutput.log".
[0.407s] See also "/home/ww/Documents/detector/build/camera_node/CMakeFiles/CMakeError.log".
[0.411s] Invoked command in '/home/ww/Documents/detector/build/camera_node' returned '1': CMAKE_PREFIX_PATH=/opt/ros/foxy CONDA_PROMPT_MODIFIER=(base) /usr/bin/cmake /home/ww/Documents/detector/src/camera_node -DCMAKE_INSTALL_PREFIX=/home/ww/Documents/detector/install/camera_node
