[0.007s] Invoking command in '/home/ww/Documents/detector/build/camera_node': CMAKE_PREFIX_PATH=/opt/ros/foxy CONDA_PROMPT_MODIFIER=(base) /usr/bin/cmake --build /home/ww/Documents/detector/build/camera_node -- -j12 -l12
[0.021s] -- Found ament_cmake: 0.9.12 (/opt/ros/foxy/share/ament_cmake/cmake)
[0.034s] -- Using PYTHON_EXECUTABLE: /home/ww/anaconda3/bin/python3
[0.133s] -- Found rclcpp: 2.4.3 (/opt/ros/foxy/share/rclcpp/cmake)
[0.152s] -- Using all available rosidl_typesupport_c: rosidl_typesupport_fastrtps_c;rosidl_typesupport_introspection_c
[0.153s] -- Found rosidl_adapter: 1.3.1 (/opt/ros/foxy/share/rosidl_adapter/cmake)
[0.223s] -- Using all available rosidl_typesupport_cpp: rosidl_typesupport_fastrtps_cpp;rosidl_typesupport_introspection_cpp
[0.252s] -- Found rmw_implementation_cmake: 1.0.4 (/opt/ros/foxy/share/rmw_implementation_cmake/cmake)
[0.253s] -- Using RMW implementation 'rmw_fastrtps_cpp' as default
[0.334s] -- Found sensor_msgs: 2.0.5 (/opt/ros/foxy/share/sensor_msgs/cmake)
[0.397s] -- Found cv_bridge: 3.0.7 (/opt/ros/foxy/share/cv_bridge/cmake)
[0.416s] -- Found ament_lint_auto: 0.9.8 (/opt/ros/foxy/share/ament_lint_auto/cmake)
[0.484s] -- Added test 'copyright' to check source files copyright and LICENSE
[0.484s] -- Added test 'cppcheck' to perform static code analysis on C / C++ code
[0.484s] -- Configured cppcheck include dirs: 
[0.485s] -- Configured cppcheck exclude dirs and/or files: 
[0.485s] -- Added test 'cpplint' to check C / C++ code against the Google style
[0.485s] -- Configured cpplint exclude dirs and/or files: 
[0.485s] -- Added test 'lint_cmake' to check CMake code style
[0.485s] -- Added test 'uncrustify' to check C / C++ code style
[0.485s] -- Configured uncrustify additional arguments: 
[0.486s] -- Added test 'xmllint' to check XML markup files
[0.487s] -- Configuring done
[0.495s] -- Generating done
[0.496s] -- Build files have been written to: /home/ww/Documents/detector/build/camera_node
[0.524s] [ 50%] [32m[1mLinking CXX executable camera_node[0m
[0.773s] /usr/bin/ld: CMakeFiles/camera_node.dir/src/camera_node.cpp.o: in function `CameraNode::CameraNode()':
[0.773s] camera_node.cpp:(.text._ZN10CameraNodeC2Ev[_ZN10CameraNodeC5Ev]+0x1fc): undefined reference to `image_transport::create_publisher(rclcpp::Node*, std::__cxx11::basic_string<char, std::char_traits<char>, std::allocator<char> > const&, rmw_qos_profile_t)'
[0.773s] /usr/bin/ld: CMakeFiles/camera_node.dir/src/camera_node.cpp.o: in function `CameraNode::captureAndPublish()':
[0.773s] camera_node.cpp:(.text._ZN10CameraNode17captureAndPublishEv[_ZN10CameraNode17captureAndPublishEv]+0x3c9): undefined reference to `image_transport::Publisher::publish(std::shared_ptr<sensor_msgs::msg::Image_<std::allocator<void> > const> const&) const'
[0.773s] collect2: error: ld returned 1 exit status
[0.774s] make[2]: *** [CMakeFiles/camera_node.dir/build.make:195: camera_node] Error 1
[0.774s] make[1]: *** [CMakeFiles/Makefile2:78: CMakeFiles/camera_node.dir/all] Error 2
[0.774s] make: *** [Makefile:141: all] Error 2
[0.775s] Invoked command in '/home/ww/Documents/detector/build/camera_node' returned '2': CMAKE_PREFIX_PATH=/opt/ros/foxy CONDA_PROMPT_MODIFIER=(base) /usr/bin/cmake --build /home/ww/Documents/detector/build/camera_node -- -j12 -l12
