[0.553s] Invoking command in '/home/wl/Documents/detector/src/yolo_detector': PYTHONPATH=/home/wl/Documents/detector/build/yolo_detector/prefix_override:/usr/lib/python3/dist-packages/colcon_core/task/python/colcon_distutils_commands:/home/wl/Documents/detector/install/yolo_detector/lib/python3.8/site-packages:${PYTHONPATH} /usr/bin/python3 -W ignore:setup.py install is deprecated setup.py egg_info --egg-base ../../build/yolo_detector build --build-base /home/wl/Documents/detector/build/yolo_detector/build install --record /home/wl/Documents/detector/build/yolo_detector/install.log --install-scripts $base/lib/yolo_detector --single-version-externally-managed install_data
[0.730s] running egg_info
[0.731s] creating ../../build/yolo_detector/yolo_detector.egg-info
[0.731s] writing ../../build/yolo_detector/yolo_detector.egg-info/PKG-INFO
[0.731s] writing dependency_links to ../../build/yolo_detector/yolo_detector.egg-info/dependency_links.txt
[0.731s] writing entry points to ../../build/yolo_detector/yolo_detector.egg-info/entry_points.txt
[0.731s] writing requirements to ../../build/yolo_detector/yolo_detector.egg-info/requires.txt
[0.731s] writing top-level names to ../../build/yolo_detector/yolo_detector.egg-info/top_level.txt
[0.732s] writing manifest file '../../build/yolo_detector/yolo_detector.egg-info/SOURCES.txt'
[0.756s] reading manifest file '../../build/yolo_detector/yolo_detector.egg-info/SOURCES.txt'
[0.757s] writing manifest file '../../build/yolo_detector/yolo_detector.egg-info/SOURCES.txt'
[0.757s] running build
[0.757s] running build_py
[0.757s] creating /home/wl/Documents/detector/build/yolo_detector/build
[0.757s] creating /home/wl/Documents/detector/build/yolo_detector/build/lib
[0.757s] creating /home/wl/Documents/detector/build/yolo_detector/build/lib/yolo_detector
[0.757s] copying yolo_detector/__init__.py -> /home/wl/Documents/detector/build/yolo_detector/build/lib/yolo_detector
[0.757s] copying yolo_detector/yolo_detector.py -> /home/wl/Documents/detector/build/yolo_detector/build/lib/yolo_detector
[0.757s] running install
[0.758s] running install_lib
[0.758s] creating /home/wl/Documents/detector/install/yolo_detector/lib/python3.8/site-packages/yolo_detector
[0.758s] copying /home/wl/Documents/detector/build/yolo_detector/build/lib/yolo_detector/__init__.py -> /home/wl/Documents/detector/install/yolo_detector/lib/python3.8/site-packages/yolo_detector
[0.758s] copying /home/wl/Documents/detector/build/yolo_detector/build/lib/yolo_detector/yolo_detector.py -> /home/wl/Documents/detector/install/yolo_detector/lib/python3.8/site-packages/yolo_detector
[0.759s] byte-compiling /home/wl/Documents/detector/install/yolo_detector/lib/python3.8/site-packages/yolo_detector/__init__.py to __init__.cpython-38.pyc
[0.759s] byte-compiling /home/wl/Documents/detector/install/yolo_detector/lib/python3.8/site-packages/yolo_detector/yolo_detector.py to yolo_detector.cpython-38.pyc
[0.760s] running install_data
[0.760s] creating /home/wl/Documents/detector/install/yolo_detector/share/ament_index
[0.760s] creating /home/wl/Documents/detector/install/yolo_detector/share/ament_index/resource_index
[0.760s] creating /home/wl/Documents/detector/install/yolo_detector/share/ament_index/resource_index/packages
[0.760s] copying resource/yolo_detector -> /home/wl/Documents/detector/install/yolo_detector/share/ament_index/resource_index/packages
[0.760s] copying package.xml -> /home/wl/Documents/detector/install/yolo_detector/share/yolo_detector
[0.760s] running install_egg_info
[0.761s] Copying ../../build/yolo_detector/yolo_detector.egg-info to /home/wl/Documents/detector/install/yolo_detector/lib/python3.8/site-packages/yolo_detector-0.0.0-py3.8.egg-info
[0.762s] running install_scripts
[0.774s] Installing yolo_detector script to /home/wl/Documents/detector/install/yolo_detector/lib/yolo_detector
[0.774s] writing list of installed files to '/home/wl/Documents/detector/build/yolo_detector/install.log'
[0.788s] Invoked command in '/home/wl/Documents/detector/src/yolo_detector' returned '0': PYTHONPATH=/home/wl/Documents/detector/build/yolo_detector/prefix_override:/usr/lib/python3/dist-packages/colcon_core/task/python/colcon_distutils_commands:/home/wl/Documents/detector/install/yolo_detector/lib/python3.8/site-packages:${PYTHONPATH} /usr/bin/python3 -W ignore:setup.py install is deprecated setup.py egg_info --egg-base ../../build/yolo_detector build --build-base /home/wl/Documents/detector/build/yolo_detector/build install --record /home/wl/Documents/detector/build/yolo_detector/install.log --install-scripts $base/lib/yolo_detector --single-version-externally-managed install_data
