[0.014s] Invoking command in '/home/wl/Documents/detector/build/camera_node': CMAKE_PREFIX_PATH=/opt/ros/foxy CONDA_PROMPT_MODIFIER=(yolov10) /home/wl/anaconda3/envs/yolov10/bin/cmake --build /home/wl/Documents/detector/build/camera_node -- -j16 -l16
[0.066s] -- Found ament_cmake: 0.9.12 (/opt/ros/foxy/share/ament_cmake/cmake)
[0.067s] [33mCMake Warning (dev) at /opt/ros/foxy/share/ament_cmake_core/cmake/core/python.cmake:22 (find_package):
[0.068s]   Policy CMP0148 is not set: The FindPythonInterp and FindPythonLibs modules
[0.068s]   are removed.  Run "cmake --help-policy CMP0148" for policy details.  Use
[0.068s]   the cmake_policy command to set the policy and suppress this warning.
[0.068s] 
[0.068s] Call Stack (most recent call first):
[0.068s]   /opt/ros/foxy/share/ament_cmake_core/cmake/core/all.cmake:53 (include)
[0.068s]   /opt/ros/foxy/share/ament_cmake_core/cmake/ament_cmake_core-extras.cmake:17 (include)
[0.068s]   /opt/ros/foxy/share/ament_cmake_core/cmake/ament_cmake_coreConfig.cmake:41 (include)
[0.068s]   /opt/ros/foxy/share/ament_cmake/cmake/ament_cmake_export_dependencies-extras.cmake:15 (find_package)
[0.068s]   /opt/ros/foxy/share/ament_cmake/cmake/ament_cmakeConfig.cmake:41 (include)
[0.068s]   CMakeLists.txt:19 (find_package)
[0.068s] This warning is for project developers.  Use -Wno-dev to suppress it.
[0.068s] [0m
[0.090s] -- Using PYTHON_EXECUTABLE: /home/wl/anaconda3/envs/yolov10/bin/python3
[0.204s] -- Found rclcpp: 2.4.3 (/opt/ros/foxy/share/rclcpp/cmake)
[0.232s] -- Using all available rosidl_typesupport_c: rosidl_typesupport_fastrtps_c;rosidl_typesupport_introspection_c
[0.235s] -- Found rosidl_adapter: 1.3.1 (/opt/ros/foxy/share/rosidl_adapter/cmake)
[0.332s] -- Using all available rosidl_typesupport_cpp: rosidl_typesupport_fastrtps_cpp;rosidl_typesupport_introspection_cpp
[0.370s] -- Found rmw_implementation_cmake: 1.0.4 (/opt/ros/foxy/share/rmw_implementation_cmake/cmake)
[0.371s] -- Using RMW implementation 'rmw_fastrtps_cpp' as default
[0.481s] -- Found sensor_msgs: 2.0.5 (/opt/ros/foxy/share/sensor_msgs/cmake)
[0.566s] -- Found cv_bridge: 3.0.7 (/opt/ros/foxy/share/cv_bridge/cmake)
[0.589s] -- Found image_transport: 2.4.0 (/opt/ros/foxy/share/image_transport/cmake)
[0.620s] -- Found ament_lint_auto: 0.9.8 (/opt/ros/foxy/share/ament_lint_auto/cmake)
[0.714s] -- Added test 'copyright' to check source files copyright and LICENSE
[0.714s] -- Added test 'cppcheck' to perform static code analysis on C / C++ code
[0.715s] -- Configured cppcheck include dirs: 
[0.715s] -- Configured cppcheck exclude dirs and/or files: 
[0.715s] -- Added test 'cpplint' to check C / C++ code against the Google style
[0.715s] -- Configured cpplint exclude dirs and/or files: 
[0.715s] -- Added test 'lint_cmake' to check CMake code style
[0.716s] -- Added test 'uncrustify' to check C / C++ code style
[0.716s] -- Configured uncrustify additional arguments: 
[0.716s] -- Added test 'xmllint' to check XML markup files
[0.716s] -- Configuring done (0.7s)
[0.729s] -- Generating done (0.0s)
[0.729s] -- Build files have been written to: /home/wl/Documents/detector/build/camera_node
[0.750s] [100%] Built target camera_node
[0.762s] Invoked command in '/home/wl/Documents/detector/build/camera_node' returned '0': CMAKE_PREFIX_PATH=/opt/ros/foxy CONDA_PROMPT_MODIFIER=(yolov10) /home/wl/anaconda3/envs/yolov10/bin/cmake --build /home/wl/Documents/detector/build/camera_node -- -j16 -l16
[0.876s] Invoking command in '/home/wl/Documents/detector/build/camera_node': CMAKE_PREFIX_PATH=/opt/ros/foxy CONDA_PROMPT_MODIFIER=(yolov10) /home/wl/anaconda3/envs/yolov10/bin/cmake --install /home/wl/Documents/detector/build/camera_node
[0.922s] -- Install configuration: ""
[0.923s] -- Up-to-date: /home/wl/Documents/detector/install/camera_node/lib/camera_node/camera_node
[0.923s] -- Up-to-date: /home/wl/Documents/detector/install/camera_node/share/ament_index/resource_index/package_run_dependencies/camera_node
[0.923s] -- Up-to-date: /home/wl/Documents/detector/install/camera_node/share/ament_index/resource_index/parent_prefix_path/camera_node
[0.923s] -- Up-to-date: /home/wl/Documents/detector/install/camera_node/share/camera_node/environment/ament_prefix_path.sh
[0.923s] -- Installing: /home/wl/Documents/detector/install/camera_node/share/camera_node/environment/ament_prefix_path.dsv
[0.923s] -- Up-to-date: /home/wl/Documents/detector/install/camera_node/share/camera_node/environment/path.sh
[0.923s] -- Installing: /home/wl/Documents/detector/install/camera_node/share/camera_node/environment/path.dsv
[0.924s] -- Up-to-date: /home/wl/Documents/detector/install/camera_node/share/camera_node/local_setup.bash
[0.924s] -- Up-to-date: /home/wl/Documents/detector/install/camera_node/share/camera_node/local_setup.sh
[0.924s] -- Up-to-date: /home/wl/Documents/detector/install/camera_node/share/camera_node/local_setup.zsh
[0.924s] -- Installing: /home/wl/Documents/detector/install/camera_node/share/camera_node/local_setup.dsv
[0.924s] -- Installing: /home/wl/Documents/detector/install/camera_node/share/camera_node/package.dsv
[0.924s] -- Up-to-date: /home/wl/Documents/detector/install/camera_node/share/ament_index/resource_index/packages/camera_node
[0.924s] -- Up-to-date: /home/wl/Documents/detector/install/camera_node/share/camera_node/cmake/camera_nodeConfig.cmake
[0.924s] -- Up-to-date: /home/wl/Documents/detector/install/camera_node/share/camera_node/cmake/camera_nodeConfig-version.cmake
[0.924s] -- Up-to-date: /home/wl/Documents/detector/install/camera_node/share/camera_node/package.xml
[0.935s] Invoked command in '/home/wl/Documents/detector/build/camera_node' returned '0': CMAKE_PREFIX_PATH=/opt/ros/foxy CONDA_PROMPT_MODIFIER=(yolov10) /home/wl/anaconda3/envs/yolov10/bin/cmake --install /home/wl/Documents/detector/build/camera_node
