-- Found ament_cmake: 0.9.12 (/opt/ros/foxy/share/ament_cmake/cmake)
-- Using PYTHON_EXECUTABLE: /home/ww/anaconda3/bin/python3
-- Found rclcpp: 2.4.3 (/opt/ros/foxy/share/rclcpp/cmake)
-- Using all available rosidl_typesupport_c: rosidl_typesupport_fastrtps_c;rosidl_typesupport_introspection_c
-- Found rosidl_adapter: 1.3.1 (/opt/ros/foxy/share/rosidl_adapter/cmake)
-- Using all available rosidl_typesupport_cpp: rosidl_typesupport_fastrtps_cpp;rosidl_typesupport_introspection_cpp
-- Found rmw_implementation_cmake: 1.0.4 (/opt/ros/foxy/share/rmw_implementation_cmake/cmake)
-- Using RMW implementation 'rmw_fastrtps_cpp' as default
-- Found sensor_msgs: 2.0.5 (/opt/ros/foxy/share/sensor_msgs/cmake)
-- Found cv_bridge: 3.0.7 (/opt/ros/foxy/share/cv_bridge/cmake)
-- Found ament_lint_auto: 0.9.8 (/opt/ros/foxy/share/ament_lint_auto/cmake)
-- Added test 'copyright' to check source files copyright and LICENSE
-- Added test 'cppcheck' to perform static code analysis on C / C++ code
-- Configured cppcheck include dirs: 
-- Configured cppcheck exclude dirs and/or files: 
-- Added test 'cpplint' to check C / C++ code against the Google style
-- Configured cpplint exclude dirs and/or files: 
-- Added test 'lint_cmake' to check CMake code style
-- Added test 'uncrustify' to check C / C++ code style
-- Configured uncrustify additional arguments: 
-- Added test 'xmllint' to check XML markup files
-- Configuring done
-- Generating done
-- Build files have been written to: /home/ww/Documents/detector/build/camera_node
[35m[1mScanning dependencies of target camera_node[0m
[ 50%] [32mBuilding CXX object CMakeFiles/camera_node.dir/src/camera_node.cpp.o[0m
[100%] [32m[1mLinking CXX executable camera_node[0m
/usr/bin/ld: CMakeFiles/camera_node.dir/src/camera_node.cpp.o: in function `YAML::Exception::Exception(YAML::Mark const&, std::__cxx11::basic_string<char, std::char_traits<char>, std::allocator<char> > const&)':
camera_node.cpp:(.text._ZN4YAML9ExceptionC2ERKNS_4MarkERKNSt7__cxx1112basic_stringIcSt11char_traitsIcESaIcEEE[_ZN4YAML9ExceptionC5ERKNS_4MarkERKNSt7__cxx1112basic_stringIcSt11char_traitsIcESaIcEEE]+0x61): undefined reference to `vtable for YAML::Exception'
/usr/bin/ld: CMakeFiles/camera_node.dir/src/camera_node.cpp.o: in function `YAML::RepresentationException::RepresentationException(YAML::Mark const&, std::__cxx11::basic_string<char, std::char_traits<char>, std::allocator<char> > const&)':
camera_node.cpp:(.text._ZN4YAML23RepresentationExceptionC2ERKNS_4MarkERKNSt7__cxx1112basic_stringIcSt11char_traitsIcESaIcEEE[_ZN4YAML23RepresentationExceptionC5ERKNS_4MarkERKNSt7__cxx1112basic_stringIcSt11char_traitsIcESaIcEEE]+0x32): undefined reference to `vtable for YAML::RepresentationException'
/usr/bin/ld: CMakeFiles/camera_node.dir/src/camera_node.cpp.o: in function `YAML::InvalidNode::InvalidNode()':
camera_node.cpp:(.text._ZN4YAML11InvalidNodeC2Ev[_ZN4YAML11InvalidNodeC5Ev]+0x89): undefined reference to `vtable for YAML::InvalidNode'
/usr/bin/ld: CMakeFiles/camera_node.dir/src/camera_node.cpp.o: in function `YAML::BadConversion::BadConversion(YAML::Mark const&)':
camera_node.cpp:(.text._ZN4YAML13BadConversionC2ERKNS_4MarkE[_ZN4YAML13BadConversionC5ERKNS_4MarkE]+0x79): undefined reference to `vtable for YAML::BadConversion'
/usr/bin/ld: CMakeFiles/camera_node.dir/src/camera_node.cpp.o: in function `YAML::BadSubscript::BadSubscript()':
camera_node.cpp:(.text._ZN4YAML12BadSubscriptC2Ev[_ZN4YAML12BadSubscriptC5Ev]+0x89): undefined reference to `vtable for YAML::BadSubscript'
/usr/bin/ld: CMakeFiles/camera_node.dir/src/camera_node.cpp.o: in function `YAML::detail::memory_holder::create_node()':
camera_node.cpp:(.text._ZN4YAML6detail13memory_holder11create_nodeEv[_ZN4YAML6detail13memory_holder11create_nodeEv]+0x20): undefined reference to `YAML::detail::memory::create_node()'
/usr/bin/ld: CMakeFiles/camera_node.dir/src/camera_node.cpp.o: in function `YAML::detail::node_ref::mark_defined()':
camera_node.cpp:(.text._ZN4YAML6detail8node_ref12mark_definedEv[_ZN4YAML6detail8node_ref12mark_definedEv]+0x20): undefined reference to `YAML::detail::node_data::mark_defined()'
/usr/bin/ld: CMakeFiles/camera_node.dir/src/camera_node.cpp.o: in function `YAML::detail::node_ref::set_null()':
camera_node.cpp:(.text._ZN4YAML6detail8node_ref8set_nullEv[_ZN4YAML6detail8node_ref8set_nullEv]+0x20): undefined reference to `YAML::detail::node_data::set_null()'
/usr/bin/ld: CMakeFiles/camera_node.dir/src/camera_node.cpp.o: in function `YAML::detail::node_ref::set_scalar(std::__cxx11::basic_string<char, std::char_traits<char>, std::allocator<char> > const&)':
camera_node.cpp:(.text._ZN4YAML6detail8node_ref10set_scalarERKNSt7__cxx1112basic_stringIcSt11char_traitsIcESaIcEEE[_ZN4YAML6detail8node_ref10set_scalarERKNSt7__cxx1112basic_stringIcSt11char_traitsIcESaIcEEE]+0x2e): undefined reference to `YAML::detail::node_data::set_scalar(std::__cxx11::basic_string<char, std::char_traits<char>, std::allocator<char> > const&)'
/usr/bin/ld: CMakeFiles/camera_node.dir/src/camera_node.cpp.o: in function `YAML::Node::EnsureNodeExists() const':
camera_node.cpp:(.text._ZNK4YAML4Node16EnsureNodeExistsEv[_ZNK4YAML4Node16EnsureNodeExistsEv]+0x39): undefined reference to `YAML::InvalidNode::~InvalidNode()'
/usr/bin/ld: camera_node.cpp:(.text._ZNK4YAML4Node16EnsureNodeExistsEv[_ZNK4YAML4Node16EnsureNodeExistsEv]+0x43): undefined reference to `typeinfo for YAML::InvalidNode'
/usr/bin/ld: CMakeFiles/camera_node.dir/src/camera_node.cpp.o: in function `YAML::Node::Mark() const':
camera_node.cpp:(.text._ZNK4YAML4Node4MarkEv[_ZNK4YAML4Node4MarkEv]+0x39): undefined reference to `YAML::InvalidNode::~InvalidNode()'
/usr/bin/ld: camera_node.cpp:(.text._ZNK4YAML4Node4MarkEv[_ZNK4YAML4Node4MarkEv]+0x43): undefined reference to `typeinfo for YAML::InvalidNode'
/usr/bin/ld: CMakeFiles/camera_node.dir/src/camera_node.cpp.o: in function `YAML::Node::Type() const':
camera_node.cpp:(.text._ZNK4YAML4Node4TypeEv[_ZNK4YAML4Node4TypeEv]+0x39): undefined reference to `YAML::InvalidNode::~InvalidNode()'
/usr/bin/ld: camera_node.cpp:(.text._ZNK4YAML4Node4TypeEv[_ZNK4YAML4Node4TypeEv]+0x43): undefined reference to `typeinfo for YAML::InvalidNode'
/usr/bin/ld: CMakeFiles/camera_node.dir/src/camera_node.cpp.o: in function `YAML::Node::Scalar[abi:cxx11]() const':
camera_node.cpp:(.text._ZNK4YAML4Node6ScalarB5cxx11Ev[_ZNK4YAML4Node6ScalarB5cxx11Ev]+0x39): undefined reference to `YAML::InvalidNode::~InvalidNode()'
/usr/bin/ld: camera_node.cpp:(.text._ZNK4YAML4Node6ScalarB5cxx11Ev[_ZNK4YAML4Node6ScalarB5cxx11Ev]+0x43): undefined reference to `typeinfo for YAML::InvalidNode'
/usr/bin/ld: camera_node.cpp:(.text._ZNK4YAML4Node6ScalarB5cxx11Ev[_ZNK4YAML4Node6ScalarB5cxx11Ev]+0x71): undefined reference to `YAML::detail::node_data::empty_scalar[abi:cxx11]'
/usr/bin/ld: CMakeFiles/camera_node.dir/src/camera_node.cpp.o: in function `void YAML::Node::Assign<std::__cxx11::basic_string<char, std::char_traits<char>, std::allocator<char> > >(std::__cxx11::basic_string<char, std::char_traits<char>, std::allocator<char> > const&)':
camera_node.cpp:(.text._ZN4YAML4Node6AssignINSt7__cxx1112basic_stringIcSt11char_traitsIcESaIcEEEEEvRKT_[_ZN4YAML4Node6AssignINSt7__cxx1112basic_stringIcSt11char_traitsIcESaIcEEEEEvRKT_]+0x3d): undefined reference to `YAML::InvalidNode::~InvalidNode()'
/usr/bin/ld: camera_node.cpp:(.text._ZN4YAML4Node6AssignINSt7__cxx1112basic_stringIcSt11char_traitsIcESaIcEEEEEvRKT_[_ZN4YAML4Node6AssignINSt7__cxx1112basic_stringIcSt11char_traitsIcESaIcEEEEEvRKT_]+0x47): undefined reference to `typeinfo for YAML::InvalidNode'
/usr/bin/ld: CMakeFiles/camera_node.dir/src/camera_node.cpp.o: in function `CameraNode::CameraNode()':
camera_node.cpp:(.text._ZN10CameraNodeC2Ev[_ZN10CameraNodeC5Ev]+0x1fc): undefined reference to `image_transport::create_publisher(rclcpp::Node*, std::__cxx11::basic_string<char, std::char_traits<char>, std::allocator<char> > const&, rmw_qos_profile_t)'
/usr/bin/ld: CMakeFiles/camera_node.dir/src/camera_node.cpp.o: in function `CameraNode::loadCameraParameters()':
camera_node.cpp:(.text._ZN10CameraNode20loadCameraParametersEv[_ZN10CameraNode20loadCameraParametersEv]+0x61): undefined reference to `YAML::LoadFile(std::__cxx11::basic_string<char, std::char_traits<char>, std::allocator<char> > const&)'
/usr/bin/ld: CMakeFiles/camera_node.dir/src/camera_node.cpp.o: in function `CameraNode::captureAndPublish()':
camera_node.cpp:(.text._ZN10CameraNode17captureAndPublishEv[_ZN10CameraNode17captureAndPublishEv]+0x3c9): undefined reference to `image_transport::Publisher::publish(std::shared_ptr<sensor_msgs::msg::Image_<std::allocator<void> > const> const&) const'
/usr/bin/ld: CMakeFiles/camera_node.dir/src/camera_node.cpp.o: in function `YAML::Node YAML::Node::operator[]<char [3]>(char const (&) [3])':
camera_node.cpp:(.text._ZN4YAML4NodeixIA3_cEES0_RKT_[_ZN4YAML4NodeixIA3_cEES0_RKT_]+0x50): undefined reference to `YAML::InvalidNode::~InvalidNode()'
/usr/bin/ld: camera_node.cpp:(.text._ZN4YAML4NodeixIA3_cEES0_RKT_[_ZN4YAML4NodeixIA3_cEES0_RKT_]+0x5a): undefined reference to `typeinfo for YAML::InvalidNode'
/usr/bin/ld: CMakeFiles/camera_node.dir/src/camera_node.cpp.o: in function `double YAML::Node::as<double>() const':
camera_node.cpp:(.text._ZNK4YAML4Node2asIdEET_v[_ZNK4YAML4Node2asIdEET_v]+0x48): undefined reference to `YAML::InvalidNode::~InvalidNode()'
/usr/bin/ld: camera_node.cpp:(.text._ZNK4YAML4Node2asIdEET_v[_ZNK4YAML4Node2asIdEET_v]+0x52): undefined reference to `typeinfo for YAML::InvalidNode'
/usr/bin/ld: CMakeFiles/camera_node.dir/src/camera_node.cpp.o: in function `YAML::TypedBadConversion<double>::~TypedBadConversion()':
camera_node.cpp:(.text._ZN4YAML18TypedBadConversionIdED2Ev[_ZN4YAML18TypedBadConversionIdED5Ev]+0x26): undefined reference to `YAML::BadConversion::~BadConversion()'
/usr/bin/ld: CMakeFiles/camera_node.dir/src/camera_node.cpp.o: in function `YAML::detail::node& YAML::detail::node_data::get<std::__cxx11::basic_string<char, std::char_traits<char>, std::allocator<char> > >(std::__cxx11::basic_string<char, std::char_traits<char>, std::allocator<char> > const&, std::shared_ptr<YAML::detail::memory_holder>)':
camera_node.cpp:(.text._ZN4YAML6detail9node_data3getINSt7__cxx1112basic_stringIcSt11char_traitsIcESaIcEEEEERNS0_4nodeERKT_St10shared_ptrINS0_13memory_holderEE[_ZN4YAML6detail9node_data3getINSt7__cxx1112basic_stringIcSt11char_traitsIcESaIcEEEEERNS0_4nodeERKT_St10shared_ptrINS0_13memory_holderEE]+0xe8): undefined reference to `YAML::detail::node_data::convert_to_map(std::shared_ptr<YAML::detail::memory_holder>)'
/usr/bin/ld: camera_node.cpp:(.text._ZN4YAML6detail9node_data3getINSt7__cxx1112basic_stringIcSt11char_traitsIcESaIcEEEEERNS0_4nodeERKT_St10shared_ptrINS0_13memory_holderEE[_ZN4YAML6detail9node_data3getINSt7__cxx1112basic_stringIcSt11char_traitsIcESaIcEEEEERNS0_4nodeERKT_St10shared_ptrINS0_13memory_holderEE]+0x112): undefined reference to `YAML::BadSubscript::~BadSubscript()'
/usr/bin/ld: camera_node.cpp:(.text._ZN4YAML6detail9node_data3getINSt7__cxx1112basic_stringIcSt11char_traitsIcESaIcEEEEERNS0_4nodeERKT_St10shared_ptrINS0_13memory_holderEE[_ZN4YAML6detail9node_data3getINSt7__cxx1112basic_stringIcSt11char_traitsIcESaIcEEEEERNS0_4nodeERKT_St10shared_ptrINS0_13memory_holderEE]+0x11c): undefined reference to `typeinfo for YAML::BadSubscript'
/usr/bin/ld: camera_node.cpp:(.text._ZN4YAML6detail9node_data3getINSt7__cxx1112basic_stringIcSt11char_traitsIcESaIcEEEEERNS0_4nodeERKT_St10shared_ptrINS0_13memory_holderEE[_ZN4YAML6detail9node_data3getINSt7__cxx1112basic_stringIcSt11char_traitsIcESaIcEEEEERNS0_4nodeERKT_St10shared_ptrINS0_13memory_holderEE]+0x246): undefined reference to `YAML::detail::node_data::insert_map_pair(YAML::detail::node&, YAML::detail::node&)'
/usr/bin/ld: CMakeFiles/camera_node.dir/src/camera_node.cpp.o: in function `YAML::detail::node& YAML::detail::node_data::convert_to_node<std::__cxx11::basic_string<char, std::char_traits<char>, std::allocator<char> > >(std::__cxx11::basic_string<char, std::char_traits<char>, std::allocator<char> > const&, std::shared_ptr<YAML::detail::memory_holder>)':
camera_node.cpp:(.text._ZN4YAML6detail9node_data15convert_to_nodeINSt7__cxx1112basic_stringIcSt11char_traitsIcESaIcEEEEERNS0_4nodeERKT_St10shared_ptrINS0_13memory_holderEE[_ZN4YAML6detail9node_data15convert_to_nodeINSt7__cxx1112basic_stringIcSt11char_traitsIcESaIcEEEEERNS0_4nodeERKT_St10shared_ptrINS0_13memory_holderEE]+0x69): undefined reference to `YAML::detail::memory_holder::merge(YAML::detail::memory_holder&)'
/usr/bin/ld: CMakeFiles/camera_node.dir/src/camera_node.cpp.o:(.data.rel.ro._ZTIN4YAML18TypedBadConversionIdEE[_ZTIN4YAML18TypedBadConversionIdEE]+0x10): undefined reference to `typeinfo for YAML::BadConversion'
collect2: error: ld returned 1 exit status
make[2]: *** [CMakeFiles/camera_node.dir/build.make:195: camera_node] Error 1
make[1]: *** [CMakeFiles/Makefile2:78: CMakeFiles/camera_node.dir/all] Error 2
make: *** [Makefile:141: all] Error 2
