[0.007s] Invoking command in '/home/ww/Documents/detector/build/camera_node': CMAKE_PREFIX_PATH=/opt/ros/foxy CONDA_PROMPT_MODIFIER=(base) /usr/bin/cmake /home/ww/Documents/detector/src/camera_node -DCMAKE_INSTALL_PREFIX=/home/ww/Documents/detector/install/camera_node
[0.015s] -- Found ament_cmake: 0.9.12 (/opt/ros/foxy/share/ament_cmake/cmake)
[0.027s] -- Using PYTHON_EXECUTABLE: /home/ww/anaconda3/bin/python3
[0.126s] -- Found rclcpp: 2.4.3 (/opt/ros/foxy/share/rclcpp/cmake)
[0.145s] -- Using all available rosidl_typesupport_c: rosidl_typesupport_fastrtps_c;rosidl_typesupport_introspection_c
[0.147s] -- Found rosidl_adapter: 1.3.1 (/opt/ros/foxy/share/rosidl_adapter/cmake)
[0.223s] -- Using all available rosidl_typesupport_cpp: rosidl_typesupport_fastrtps_cpp;rosidl_typesupport_introspection_cpp
[0.252s] -- Found rmw_implementation_cmake: 1.0.4 (/opt/ros/foxy/share/rmw_implementation_cmake/cmake)
[0.252s] -- Using RMW implementation 'rmw_fastrtps_cpp' as default
[0.335s] -- Found sensor_msgs: 2.0.5 (/opt/ros/foxy/share/sensor_msgs/cmake)
[0.400s] -- Found cv_bridge: 3.0.7 (/opt/ros/foxy/share/cv_bridge/cmake)
[0.417s] -- Found ament_lint_auto: 0.9.8 (/opt/ros/foxy/share/ament_lint_auto/cmake)
[0.488s] -- Added test 'copyright' to check source files copyright and LICENSE
[0.488s] -- Added test 'cppcheck' to perform static code analysis on C / C++ code
[0.488s] -- Configured cppcheck include dirs: 
[0.488s] -- Configured cppcheck exclude dirs and/or files: 
[0.489s] -- Added test 'cpplint' to check C / C++ code against the Google style
[0.489s] -- Configured cpplint exclude dirs and/or files: 
[0.489s] -- Added test 'lint_cmake' to check CMake code style
[0.490s] -- Added test 'uncrustify' to check C / C++ code style
[0.490s] -- Configured uncrustify additional arguments: 
[0.490s] -- Added test 'xmllint' to check XML markup files
[0.492s] -- Configuring done
[0.502s] -- Generating done
[0.503s] -- Build files have been written to: /home/ww/Documents/detector/build/camera_node
[0.507s] Invoked command in '/home/ww/Documents/detector/build/camera_node' returned '0': CMAKE_PREFIX_PATH=/opt/ros/foxy CONDA_PROMPT_MODIFIER=(base) /usr/bin/cmake /home/ww/Documents/detector/src/camera_node -DCMAKE_INSTALL_PREFIX=/home/ww/Documents/detector/install/camera_node
[0.509s] Invoking command in '/home/ww/Documents/detector/build/camera_node': CMAKE_PREFIX_PATH=/opt/ros/foxy CONDA_PROMPT_MODIFIER=(base) /usr/bin/cmake --build /home/ww/Documents/detector/build/camera_node -- -j12 -l12
[0.532s] [35m[1mScanning dependencies of target camera_node[0m
[0.564s] [ 50%] [32mBuilding CXX object CMakeFiles/camera_node.dir/src/camera_node.cpp.o[0m
[2.456s] [100%] [32m[1mLinking CXX executable camera_node[0m
[2.702s] /usr/bin/ld: CMakeFiles/camera_node.dir/src/camera_node.cpp.o: in function `YAML::Exception::Exception(YAML::Mark const&, std::__cxx11::basic_string<char, std::char_traits<char>, std::allocator<char> > const&)':
[2.702s] camera_node.cpp:(.text._ZN4YAML9ExceptionC2ERKNS_4MarkERKNSt7__cxx1112basic_stringIcSt11char_traitsIcESaIcEEE[_ZN4YAML9ExceptionC5ERKNS_4MarkERKNSt7__cxx1112basic_stringIcSt11char_traitsIcESaIcEEE]+0x61): undefined reference to `vtable for YAML::Exception'
[2.702s] /usr/bin/ld: CMakeFiles/camera_node.dir/src/camera_node.cpp.o: in function `YAML::RepresentationException::RepresentationException(YAML::Mark const&, std::__cxx11::basic_string<char, std::char_traits<char>, std::allocator<char> > const&)':
[2.702s] camera_node.cpp:(.text._ZN4YAML23RepresentationExceptionC2ERKNS_4MarkERKNSt7__cxx1112basic_stringIcSt11char_traitsIcESaIcEEE[_ZN4YAML23RepresentationExceptionC5ERKNS_4MarkERKNSt7__cxx1112basic_stringIcSt11char_traitsIcESaIcEEE]+0x32): undefined reference to `vtable for YAML::RepresentationException'
[2.702s] /usr/bin/ld: CMakeFiles/camera_node.dir/src/camera_node.cpp.o: in function `YAML::InvalidNode::InvalidNode()':
[2.702s] camera_node.cpp:(.text._ZN4YAML11InvalidNodeC2Ev[_ZN4YAML11InvalidNodeC5Ev]+0x89): undefined reference to `vtable for YAML::InvalidNode'
[2.702s] /usr/bin/ld: CMakeFiles/camera_node.dir/src/camera_node.cpp.o: in function `YAML::BadConversion::BadConversion(YAML::Mark const&)':
[2.703s] camera_node.cpp:(.text._ZN4YAML13BadConversionC2ERKNS_4MarkE[_ZN4YAML13BadConversionC5ERKNS_4MarkE]+0x79): undefined reference to `vtable for YAML::BadConversion'
[2.703s] /usr/bin/ld: CMakeFiles/camera_node.dir/src/camera_node.cpp.o: in function `YAML::BadSubscript::BadSubscript()':
[2.703s] camera_node.cpp:(.text._ZN4YAML12BadSubscriptC2Ev[_ZN4YAML12BadSubscriptC5Ev]+0x89): undefined reference to `vtable for YAML::BadSubscript'
[2.703s] /usr/bin/ld: CMakeFiles/camera_node.dir/src/camera_node.cpp.o: in function `YAML::detail::memory_holder::create_node()':
[2.703s] camera_node.cpp:(.text._ZN4YAML6detail13memory_holder11create_nodeEv[_ZN4YAML6detail13memory_holder11create_nodeEv]+0x20): undefined reference to `YAML::detail::memory::create_node()'
[2.703s] /usr/bin/ld: CMakeFiles/camera_node.dir/src/camera_node.cpp.o: in function `YAML::detail::node_ref::mark_defined()':
[2.703s] camera_node.cpp:(.text._ZN4YAML6detail8node_ref12mark_definedEv[_ZN4YAML6detail8node_ref12mark_definedEv]+0x20): undefined reference to `YAML::detail::node_data::mark_defined()'
[2.703s] /usr/bin/ld: CMakeFiles/camera_node.dir/src/camera_node.cpp.o: in function `YAML::detail::node_ref::set_null()':
[2.703s] camera_node.cpp:(.text._ZN4YAML6detail8node_ref8set_nullEv[_ZN4YAML6detail8node_ref8set_nullEv]+0x20): undefined reference to `YAML::detail::node_data::set_null()'
[2.703s] /usr/bin/ld: CMakeFiles/camera_node.dir/src/camera_node.cpp.o: in function `YAML::detail::node_ref::set_scalar(std::__cxx11::basic_string<char, std::char_traits<char>, std::allocator<char> > const&)':
[2.703s] camera_node.cpp:(.text._ZN4YAML6detail8node_ref10set_scalarERKNSt7__cxx1112basic_stringIcSt11char_traitsIcESaIcEEE[_ZN4YAML6detail8node_ref10set_scalarERKNSt7__cxx1112basic_stringIcSt11char_traitsIcESaIcEEE]+0x2e): undefined reference to `YAML::detail::node_data::set_scalar(std::__cxx11::basic_string<char, std::char_traits<char>, std::allocator<char> > const&)'
[2.703s] /usr/bin/ld: CMakeFiles/camera_node.dir/src/camera_node.cpp.o: in function `YAML::Node::EnsureNodeExists() const':
[2.703s] camera_node.cpp:(.text._ZNK4YAML4Node16EnsureNodeExistsEv[_ZNK4YAML4Node16EnsureNodeExistsEv]+0x39): undefined reference to `YAML::InvalidNode::~InvalidNode()'
[2.703s] /usr/bin/ld: camera_node.cpp:(.text._ZNK4YAML4Node16EnsureNodeExistsEv[_ZNK4YAML4Node16EnsureNodeExistsEv]+0x43): undefined reference to `typeinfo for YAML::InvalidNode'
[2.703s] /usr/bin/ld: CMakeFiles/camera_node.dir/src/camera_node.cpp.o: in function `YAML::Node::Mark() const':
[2.703s] camera_node.cpp:(.text._ZNK4YAML4Node4MarkEv[_ZNK4YAML4Node4MarkEv]+0x39): undefined reference to `YAML::InvalidNode::~InvalidNode()'
[2.703s] /usr/bin/ld: camera_node.cpp:(.text._ZNK4YAML4Node4MarkEv[_ZNK4YAML4Node4MarkEv]+0x43): undefined reference to `typeinfo for YAML::InvalidNode'
[2.703s] /usr/bin/ld: CMakeFiles/camera_node.dir/src/camera_node.cpp.o: in function `YAML::Node::Type() const':
[2.703s] camera_node.cpp:(.text._ZNK4YAML4Node4TypeEv[_ZNK4YAML4Node4TypeEv]+0x39): undefined reference to `YAML::InvalidNode::~InvalidNode()'
[2.703s] /usr/bin/ld: camera_node.cpp:(.text._ZNK4YAML4Node4TypeEv[_ZNK4YAML4Node4TypeEv]+0x43): undefined reference to `typeinfo for YAML::InvalidNode'
[2.704s] /usr/bin/ld: CMakeFiles/camera_node.dir/src/camera_node.cpp.o: in function `YAML::Node::Scalar[abi:cxx11]() const':
[2.704s] camera_node.cpp:(.text._ZNK4YAML4Node6ScalarB5cxx11Ev[_ZNK4YAML4Node6ScalarB5cxx11Ev]+0x39): undefined reference to `YAML::InvalidNode::~InvalidNode()'
[2.704s] /usr/bin/ld: camera_node.cpp:(.text._ZNK4YAML4Node6ScalarB5cxx11Ev[_ZNK4YAML4Node6ScalarB5cxx11Ev]+0x43): undefined reference to `typeinfo for YAML::InvalidNode'
[2.704s] /usr/bin/ld: camera_node.cpp:(.text._ZNK4YAML4Node6ScalarB5cxx11Ev[_ZNK4YAML4Node6ScalarB5cxx11Ev]+0x71): undefined reference to `YAML::detail::node_data::empty_scalar[abi:cxx11]'
[2.704s] /usr/bin/ld: CMakeFiles/camera_node.dir/src/camera_node.cpp.o: in function `void YAML::Node::Assign<std::__cxx11::basic_string<char, std::char_traits<char>, std::allocator<char> > >(std::__cxx11::basic_string<char, std::char_traits<char>, std::allocator<char> > const&)':
[2.704s] camera_node.cpp:(.text._ZN4YAML4Node6AssignINSt7__cxx1112basic_stringIcSt11char_traitsIcESaIcEEEEEvRKT_[_ZN4YAML4Node6AssignINSt7__cxx1112basic_stringIcSt11char_traitsIcESaIcEEEEEvRKT_]+0x3d): undefined reference to `YAML::InvalidNode::~InvalidNode()'
[2.704s] /usr/bin/ld: camera_node.cpp:(.text._ZN4YAML4Node6AssignINSt7__cxx1112basic_stringIcSt11char_traitsIcESaIcEEEEEvRKT_[_ZN4YAML4Node6AssignINSt7__cxx1112basic_stringIcSt11char_traitsIcESaIcEEEEEvRKT_]+0x47): undefined reference to `typeinfo for YAML::InvalidNode'
[2.704s] /usr/bin/ld: CMakeFiles/camera_node.dir/src/camera_node.cpp.o: in function `CameraNode::CameraNode()':
[2.704s] camera_node.cpp:(.text._ZN10CameraNodeC2Ev[_ZN10CameraNodeC5Ev]+0x1fc): undefined reference to `image_transport::create_publisher(rclcpp::Node*, std::__cxx11::basic_string<char, std::char_traits<char>, std::allocator<char> > const&, rmw_qos_profile_t)'
[2.704s] /usr/bin/ld: CMakeFiles/camera_node.dir/src/camera_node.cpp.o: in function `CameraNode::loadCameraParameters()':
[2.704s] camera_node.cpp:(.text._ZN10CameraNode20loadCameraParametersEv[_ZN10CameraNode20loadCameraParametersEv]+0x61): undefined reference to `YAML::LoadFile(std::__cxx11::basic_string<char, std::char_traits<char>, std::allocator<char> > const&)'
[2.704s] /usr/bin/ld: CMakeFiles/camera_node.dir/src/camera_node.cpp.o: in function `CameraNode::captureAndPublish()':
[2.704s] camera_node.cpp:(.text._ZN10CameraNode17captureAndPublishEv[_ZN10CameraNode17captureAndPublishEv]+0x3c9): undefined reference to `image_transport::Publisher::publish(std::shared_ptr<sensor_msgs::msg::Image_<std::allocator<void> > const> const&) const'
[2.704s] /usr/bin/ld: CMakeFiles/camera_node.dir/src/camera_node.cpp.o: in function `YAML::Node YAML::Node::operator[]<char [3]>(char const (&) [3])':
[2.704s] camera_node.cpp:(.text._ZN4YAML4NodeixIA3_cEES0_RKT_[_ZN4YAML4NodeixIA3_cEES0_RKT_]+0x50): undefined reference to `YAML::InvalidNode::~InvalidNode()'
[2.704s] /usr/bin/ld: camera_node.cpp:(.text._ZN4YAML4NodeixIA3_cEES0_RKT_[_ZN4YAML4NodeixIA3_cEES0_RKT_]+0x5a): undefined reference to `typeinfo for YAML::InvalidNode'
[2.704s] /usr/bin/ld: CMakeFiles/camera_node.dir/src/camera_node.cpp.o: in function `double YAML::Node::as<double>() const':
[2.704s] camera_node.cpp:(.text._ZNK4YAML4Node2asIdEET_v[_ZNK4YAML4Node2asIdEET_v]+0x48): undefined reference to `YAML::InvalidNode::~InvalidNode()'
[2.704s] /usr/bin/ld: camera_node.cpp:(.text._ZNK4YAML4Node2asIdEET_v[_ZNK4YAML4Node2asIdEET_v]+0x52): undefined reference to `typeinfo for YAML::InvalidNode'
[2.704s] /usr/bin/ld: CMakeFiles/camera_node.dir/src/camera_node.cpp.o: in function `YAML::TypedBadConversion<double>::~TypedBadConversion()':
[2.704s] camera_node.cpp:(.text._ZN4YAML18TypedBadConversionIdED2Ev[_ZN4YAML18TypedBadConversionIdED5Ev]+0x26): undefined reference to `YAML::BadConversion::~BadConversion()'
[2.704s] /usr/bin/ld: CMakeFiles/camera_node.dir/src/camera_node.cpp.o: in function `YAML::detail::node& YAML::detail::node_data::get<std::__cxx11::basic_string<char, std::char_traits<char>, std::allocator<char> > >(std::__cxx11::basic_string<char, std::char_traits<char>, std::allocator<char> > const&, std::shared_ptr<YAML::detail::memory_holder>)':
[2.705s] camera_node.cpp:(.text._ZN4YAML6detail9node_data3getINSt7__cxx1112basic_stringIcSt11char_traitsIcESaIcEEEEERNS0_4nodeERKT_St10shared_ptrINS0_13memory_holderEE[_ZN4YAML6detail9node_data3getINSt7__cxx1112basic_stringIcSt11char_traitsIcESaIcEEEEERNS0_4nodeERKT_St10shared_ptrINS0_13memory_holderEE]+0xe8): undefined reference to `YAML::detail::node_data::convert_to_map(std::shared_ptr<YAML::detail::memory_holder>)'
[2.705s] /usr/bin/ld: camera_node.cpp:(.text._ZN4YAML6detail9node_data3getINSt7__cxx1112basic_stringIcSt11char_traitsIcESaIcEEEEERNS0_4nodeERKT_St10shared_ptrINS0_13memory_holderEE[_ZN4YAML6detail9node_data3getINSt7__cxx1112basic_stringIcSt11char_traitsIcESaIcEEEEERNS0_4nodeERKT_St10shared_ptrINS0_13memory_holderEE]+0x112): undefined reference to `YAML::BadSubscript::~BadSubscript()'
[2.705s] /usr/bin/ld: camera_node.cpp:(.text._ZN4YAML6detail9node_data3getINSt7__cxx1112basic_stringIcSt11char_traitsIcESaIcEEEEERNS0_4nodeERKT_St10shared_ptrINS0_13memory_holderEE[_ZN4YAML6detail9node_data3getINSt7__cxx1112basic_stringIcSt11char_traitsIcESaIcEEEEERNS0_4nodeERKT_St10shared_ptrINS0_13memory_holderEE]+0x11c): undefined reference to `typeinfo for YAML::BadSubscript'
[2.705s] /usr/bin/ld: camera_node.cpp:(.text._ZN4YAML6detail9node_data3getINSt7__cxx1112basic_stringIcSt11char_traitsIcESaIcEEEEERNS0_4nodeERKT_St10shared_ptrINS0_13memory_holderEE[_ZN4YAML6detail9node_data3getINSt7__cxx1112basic_stringIcSt11char_traitsIcESaIcEEEEERNS0_4nodeERKT_St10shared_ptrINS0_13memory_holderEE]+0x246): undefined reference to `YAML::detail::node_data::insert_map_pair(YAML::detail::node&, YAML::detail::node&)'
[2.706s] /usr/bin/ld: CMakeFiles/camera_node.dir/src/camera_node.cpp.o: in function `YAML::detail::node& YAML::detail::node_data::convert_to_node<std::__cxx11::basic_string<char, std::char_traits<char>, std::allocator<char> > >(std::__cxx11::basic_string<char, std::char_traits<char>, std::allocator<char> > const&, std::shared_ptr<YAML::detail::memory_holder>)':
[2.707s] camera_node.cpp:(.text._ZN4YAML6detail9node_data15convert_to_nodeINSt7__cxx1112basic_stringIcSt11char_traitsIcESaIcEEEEERNS0_4nodeERKT_St10shared_ptrINS0_13memory_holderEE[_ZN4YAML6detail9node_data15convert_to_nodeINSt7__cxx1112basic_stringIcSt11char_traitsIcESaIcEEEEERNS0_4nodeERKT_St10shared_ptrINS0_13memory_holderEE]+0x69): undefined reference to `YAML::detail::memory_holder::merge(YAML::detail::memory_holder&)'
[2.707s] /usr/bin/ld: CMakeFiles/camera_node.dir/src/camera_node.cpp.o:(.data.rel.ro._ZTIN4YAML18TypedBadConversionIdEE[_ZTIN4YAML18TypedBadConversionIdEE]+0x10): undefined reference to `typeinfo for YAML::BadConversion'
[2.707s] collect2: error: ld returned 1 exit status
[2.707s] make[2]: *** [CMakeFiles/camera_node.dir/build.make:195: camera_node] Error 1
[2.707s] make[1]: *** [CMakeFiles/Makefile2:78: CMakeFiles/camera_node.dir/all] Error 2
[2.707s] make: *** [Makefile:141: all] Error 2
[2.707s] Invoked command in '/home/ww/Documents/detector/build/camera_node' returned '2': CMAKE_PREFIX_PATH=/opt/ros/foxy CONDA_PROMPT_MODIFIER=(base) /usr/bin/cmake --build /home/ww/Documents/detector/build/camera_node -- -j12 -l12
