[0.007s] Invoking command in '/home/ww/Documents/detector/build/camera_node': CMAKE_PREFIX_PATH=/opt/ros/foxy CONDA_PROMPT_MODIFIER=(base) /usr/bin/cmake /home/ww/Documents/detector/src/camera_node -DCMAKE_INSTALL_PREFIX=/home/ww/Documents/detector/install/camera_node
[0.081s] -- The C compiler identification is GNU 9.4.0
[0.131s] -- The CXX compiler identification is GNU 9.4.0
[0.136s] -- Check for working C compiler: /usr/bin/cc
[0.176s] -- Check for working C compiler: /usr/bin/cc -- works
[0.177s] -- Detecting C compiler ABI info
[0.216s] -- Detecting C compiler ABI info - done
[0.223s] -- Detecting C compile features
[0.223s] -- Detecting C compile features - done
[0.225s] -- Check for working CXX compiler: /usr/bin/c++
[0.276s] -- Check for working CXX compiler: /usr/bin/c++ -- works
[0.277s] -- Detecting CXX compiler ABI info
[0.327s] -- Detecting CXX compiler ABI info - done
[0.334s] -- Detecting CXX compile features
[0.334s] -- Detecting CXX compile features - done
[0.336s] -- Found ament_cmake: 0.9.12 (/opt/ros/foxy/share/ament_cmake/cmake)
[0.350s] -- Found PythonInterp: /home/ww/anaconda3/bin/python3 (found suitable version "3.12.7", minimum required is "3") 
[0.350s] -- Using PYTHON_EXECUTABLE: /home/ww/anaconda3/bin/python3
[0.477s] -- Found rclcpp: 2.4.3 (/opt/ros/foxy/share/rclcpp/cmake)
[0.508s] -- Using all available rosidl_typesupport_c: rosidl_typesupport_fastrtps_c;rosidl_typesupport_introspection_c
[0.512s] -- Found rosidl_adapter: 1.3.1 (/opt/ros/foxy/share/rosidl_adapter/cmake)
[0.556s] -- Found OpenSSL: /usr/lib/x86_64-linux-gnu/libcrypto.so (found version "1.1.1f")  
[0.574s] -- Found FastRTPS: /opt/ros/foxy/include  
[0.624s] -- Using all available rosidl_typesupport_cpp: rosidl_typesupport_fastrtps_cpp;rosidl_typesupport_introspection_cpp
[0.658s] -- Found rmw_implementation_cmake: 1.0.4 (/opt/ros/foxy/share/rmw_implementation_cmake/cmake)
[0.659s] -- Using RMW implementation 'rmw_fastrtps_cpp' as default
[0.660s] -- Looking for pthread.h
[0.705s] -- Looking for pthread.h - found
[0.706s] -- Performing Test CMAKE_HAVE_LIBC_PTHREAD
[0.768s] -- Performing Test CMAKE_HAVE_LIBC_PTHREAD - Failed
[0.768s] -- Looking for pthread_create in pthreads
[0.802s] -- Looking for pthread_create in pthreads - not found
[0.802s] -- Looking for pthread_create in pthread
[0.843s] -- Looking for pthread_create in pthread - found
[0.843s] -- Found Threads: TRUE  
[0.945s] -- Found sensor_msgs: 2.0.5 (/opt/ros/foxy/share/sensor_msgs/cmake)
[1.022s] -- Found cv_bridge: 3.0.7 (/opt/ros/foxy/share/cv_bridge/cmake)
[1.046s] CMake Error at CMakeLists.txt:23 (find_package):
[1.046s]   By not providing "Findopencv.cmake" in CMAKE_MODULE_PATH this project has
[1.046s]   asked CMake to find a package configuration file provided by "opencv", but
[1.047s]   CMake did not find one.
[1.047s] 
[1.047s]   Could not find a package configuration file provided by "opencv" with any
[1.047s]   of the following names:
[1.047s] 
[1.047s]     opencvConfig.cmake
[1.047s]     opencv-config.cmake
[1.047s] 
[1.047s]   Add the installation prefix of "opencv" to CMAKE_PREFIX_PATH or set
[1.047s]   "opencv_DIR" to a directory containing one of the above files.  If "opencv"
[1.047s]   provides a separate development package or SDK, be sure it has been
[1.047s]   installed.
[1.047s] 
[1.047s] 
[1.047s] -- Configuring incomplete, errors occurred!
[1.047s] See also "/home/ww/Documents/detector/build/camera_node/CMakeFiles/CMakeOutput.log".
[1.047s] See also "/home/ww/Documents/detector/build/camera_node/CMakeFiles/CMakeError.log".
[1.052s] Invoked command in '/home/ww/Documents/detector/build/camera_node' returned '1': CMAKE_PREFIX_PATH=/opt/ros/foxy CONDA_PROMPT_MODIFIER=(base) /usr/bin/cmake /home/ww/Documents/detector/src/camera_node -DCMAKE_INSTALL_PREFIX=/home/ww/Documents/detector/install/camera_node
