[0.006s] Invoking command in '/home/ww/Documents/detector/build/camera_node': CMAKE_PREFIX_PATH=/opt/ros/foxy CONDA_PROMPT_MODIFIER=(base) /usr/bin/cmake /home/ww/Documents/detector/src/camera_node -DCMAKE_INSTALL_PREFIX=/home/ww/Documents/detector/install/camera_node
[0.014s] -- Found ament_cmake: 0.9.12 (/opt/ros/foxy/share/ament_cmake/cmake)
[0.026s] -- Using PYTHON_EXECUTABLE: /home/ww/anaconda3/bin/python3
[0.130s] -- Found rclcpp: 2.4.3 (/opt/ros/foxy/share/rclcpp/cmake)
[0.148s] -- Using all available rosidl_typesupport_c: rosidl_typesupport_fastrtps_c;rosidl_typesupport_introspection_c
[0.150s] -- Found rosidl_adapter: 1.3.1 (/opt/ros/foxy/share/rosidl_adapter/cmake)
[0.217s] -- Using all available rosidl_typesupport_cpp: rosidl_typesupport_fastrtps_cpp;rosidl_typesupport_introspection_cpp
[0.245s] -- Found rmw_implementation_cmake: 1.0.4 (/opt/ros/foxy/share/rmw_implementation_cmake/cmake)
[0.245s] -- Using RMW implementation 'rmw_fastrtps_cpp' as default
[0.324s] -- Found sensor_msgs: 2.0.5 (/opt/ros/foxy/share/sensor_msgs/cmake)
[0.387s] -- Found cv_bridge: 3.0.7 (/opt/ros/foxy/share/cv_bridge/cmake)
[0.405s] -- Found ament_lint_auto: 0.9.8 (/opt/ros/foxy/share/ament_lint_auto/cmake)
[0.472s] CMake Error at /opt/ros/foxy/share/ament_cmake_target_dependencies/cmake/ament_target_dependencies.cmake:77 (message):
[0.472s]   ament_target_dependencies() the passed package name 'opencv' was not found
[0.472s]   before
[0.472s] Call Stack (most recent call first):
[0.472s]   CMakeLists.txt:39 (ament_target_dependencies)
[0.472s] 
[0.472s] 
[0.472s] -- Configuring incomplete, errors occurred!
[0.472s] See also "/home/ww/Documents/detector/build/camera_node/CMakeFiles/CMakeOutput.log".
[0.472s] See also "/home/ww/Documents/detector/build/camera_node/CMakeFiles/CMakeError.log".
[0.476s] Invoked command in '/home/ww/Documents/detector/build/camera_node' returned '1': CMAKE_PREFIX_PATH=/opt/ros/foxy CONDA_PROMPT_MODIFIER=(base) /usr/bin/cmake /home/ww/Documents/detector/src/camera_node -DCMAKE_INSTALL_PREFIX=/home/ww/Documents/detector/install/camera_node
