[0.096s] DEBUG:colcon:Command line arguments: ['/usr/bin/colcon', 'build']
[0.096s] DEBUG:colcon:Parsed command line arguments: Namespace(allow_overriding=[], ament_cmake_args=None, base_paths=['.'], build_base='build', catkin_cmake_args=None, catkin_skip_building_tests=False, cmake_args=None, cmake_clean_cache=False, cmake_clean_first=False, cmake_force_configure=False, cmake_target=None, cmake_target_skip_unavailable=False, continue_on_error=False, event_handlers=None, executor='parallel', ignore_user_meta=False, install_base='install', log_base=None, log_level=None, main=<bound method BuildVerb.main of <colcon_core.verb.build.BuildVerb object at 0x7faef02898b0>>, merge_install=False, metas=['./colcon.meta'], packages_above=None, packages_above_and_dependencies=None, packages_above_depth=None, packages_end=None, packages_ignore=None, packages_ignore_regex=None, packages_select=None, packages_select_build_failed=False, packages_select_by_dep=None, packages_select_regex=None, packages_select_test_failures=False, packages_skip=None, packages_skip_build_finished=False, packages_skip_by_dep=None, packages_skip_regex=None, packages_skip_test_passed=False, packages_skip_up_to=None, packages_start=None, packages_up_to=None, packages_up_to_regex=None, parallel_workers=12, paths=None, symlink_install=False, test_result_base=None, verb_extension=<colcon_core.verb.build.BuildVerb object at 0x7faef02898b0>, verb_name='build', verb_parser=<colcon_defaults.argument_parser.defaults.DefaultArgumentsDecorator object at 0x7faef014e460>)
[0.163s] Level 1:colcon.colcon_core.package_discovery:discover_packages(colcon_meta) check parameters
[0.163s] Level 1:colcon.colcon_core.package_discovery:discover_packages(recursive) check parameters
[0.163s] Level 1:colcon.colcon_core.package_discovery:discover_packages(ignore) check parameters
[0.163s] Level 1:colcon.colcon_core.package_discovery:discover_packages(path) check parameters
[0.163s] Level 1:colcon.colcon_core.package_discovery:discover_packages(colcon_meta) discover
[0.163s] Level 1:colcon.colcon_core.package_discovery:discover_packages(recursive) discover
[0.163s] INFO:colcon.colcon_core.package_discovery:Crawling recursively for packages in '/home/ww/Documents/detector'
[0.163s] Level 1:colcon.colcon_core.package_identification:_identify(.) by extensions ['ignore', 'ignore_ament_install']
[0.164s] Level 1:colcon.colcon_core.package_identification:_identify(.) by extension 'ignore'
[0.164s] Level 1:colcon.colcon_core.package_identification:_identify(.) by extension 'ignore_ament_install'
[0.164s] Level 1:colcon.colcon_core.package_identification:_identify(.) by extensions ['colcon_pkg']
[0.164s] Level 1:colcon.colcon_core.package_identification:_identify(.) by extension 'colcon_pkg'
[0.164s] Level 1:colcon.colcon_core.package_identification:_identify(.) by extensions ['colcon_meta']
[0.164s] Level 1:colcon.colcon_core.package_identification:_identify(.) by extension 'colcon_meta'
[0.164s] Level 1:colcon.colcon_core.package_identification:_identify(.) by extensions ['ros']
[0.164s] Level 1:colcon.colcon_core.package_identification:_identify(.) by extension 'ros'
[0.169s] Level 1:colcon.colcon_core.package_identification:_identify(.) by extensions ['cmake', 'python']
[0.169s] Level 1:colcon.colcon_core.package_identification:_identify(.) by extension 'cmake'
[0.169s] Level 1:colcon.colcon_core.package_identification:_identify(.) by extension 'python'
[0.169s] Level 1:colcon.colcon_core.package_identification:_identify(.) by extensions ['python_setup_py']
[0.169s] Level 1:colcon.colcon_core.package_identification:_identify(.) by extension 'python_setup_py'
[0.170s] Level 1:colcon.colcon_core.package_identification:_identify(build) by extensions ['ignore', 'ignore_ament_install']
[0.170s] Level 1:colcon.colcon_core.package_identification:_identify(build) by extension 'ignore'
[0.170s] Level 1:colcon.colcon_core.package_identification:_identify(build) ignored
[0.170s] Level 1:colcon.colcon_core.package_identification:_identify(install) by extensions ['ignore', 'ignore_ament_install']
[0.170s] Level 1:colcon.colcon_core.package_identification:_identify(install) by extension 'ignore'
[0.170s] Level 1:colcon.colcon_core.package_identification:_identify(install) ignored
[0.170s] Level 1:colcon.colcon_core.package_identification:_identify(log) by extensions ['ignore', 'ignore_ament_install']
[0.170s] Level 1:colcon.colcon_core.package_identification:_identify(log) by extension 'ignore'
[0.170s] Level 1:colcon.colcon_core.package_identification:_identify(log) ignored
[0.170s] Level 1:colcon.colcon_core.package_identification:_identify(src) by extensions ['ignore', 'ignore_ament_install']
[0.170s] Level 1:colcon.colcon_core.package_identification:_identify(src) by extension 'ignore'
[0.170s] Level 1:colcon.colcon_core.package_identification:_identify(src) by extension 'ignore_ament_install'
[0.170s] Level 1:colcon.colcon_core.package_identification:_identify(src) by extensions ['colcon_pkg']
[0.170s] Level 1:colcon.colcon_core.package_identification:_identify(src) by extension 'colcon_pkg'
[0.170s] Level 1:colcon.colcon_core.package_identification:_identify(src) by extensions ['colcon_meta']
[0.170s] Level 1:colcon.colcon_core.package_identification:_identify(src) by extension 'colcon_meta'
[0.170s] Level 1:colcon.colcon_core.package_identification:_identify(src) by extensions ['ros']
[0.170s] Level 1:colcon.colcon_core.package_identification:_identify(src) by extension 'ros'
[0.170s] Level 1:colcon.colcon_core.package_identification:_identify(src) by extensions ['cmake', 'python']
[0.170s] Level 1:colcon.colcon_core.package_identification:_identify(src) by extension 'cmake'
[0.170s] Level 1:colcon.colcon_core.package_identification:_identify(src) by extension 'python'
[0.170s] Level 1:colcon.colcon_core.package_identification:_identify(src) by extensions ['python_setup_py']
[0.170s] Level 1:colcon.colcon_core.package_identification:_identify(src) by extension 'python_setup_py'
[0.170s] Level 1:colcon.colcon_core.package_identification:_identify(src/camera_node) by extensions ['ignore', 'ignore_ament_install']
[0.170s] Level 1:colcon.colcon_core.package_identification:_identify(src/camera_node) by extension 'ignore'
[0.170s] Level 1:colcon.colcon_core.package_identification:_identify(src/camera_node) by extension 'ignore_ament_install'
[0.170s] Level 1:colcon.colcon_core.package_identification:_identify(src/camera_node) by extensions ['colcon_pkg']
[0.170s] Level 1:colcon.colcon_core.package_identification:_identify(src/camera_node) by extension 'colcon_pkg'
[0.170s] Level 1:colcon.colcon_core.package_identification:_identify(src/camera_node) by extensions ['colcon_meta']
[0.171s] Level 1:colcon.colcon_core.package_identification:_identify(src/camera_node) by extension 'colcon_meta'
[0.171s] Level 1:colcon.colcon_core.package_identification:_identify(src/camera_node) by extensions ['ros']
[0.171s] Level 1:colcon.colcon_core.package_identification:_identify(src/camera_node) by extension 'ros'
[0.172s] DEBUG:colcon.colcon_core.package_identification:Package 'src/camera_node' with type 'ros.ament_cmake' and name 'camera_node'
[0.172s] Level 1:colcon.colcon_core.package_identification:_identify(src/yolo_detector) by extensions ['ignore', 'ignore_ament_install']
[0.173s] Level 1:colcon.colcon_core.package_identification:_identify(src/yolo_detector) by extension 'ignore'
[0.173s] Level 1:colcon.colcon_core.package_identification:_identify(src/yolo_detector) by extension 'ignore_ament_install'
[0.173s] Level 1:colcon.colcon_core.package_identification:_identify(src/yolo_detector) by extensions ['colcon_pkg']
[0.173s] Level 1:colcon.colcon_core.package_identification:_identify(src/yolo_detector) by extension 'colcon_pkg'
[0.173s] Level 1:colcon.colcon_core.package_identification:_identify(src/yolo_detector) by extensions ['colcon_meta']
[0.173s] Level 1:colcon.colcon_core.package_identification:_identify(src/yolo_detector) by extension 'colcon_meta'
[0.173s] Level 1:colcon.colcon_core.package_identification:_identify(src/yolo_detector) by extensions ['ros']
[0.173s] Level 1:colcon.colcon_core.package_identification:_identify(src/yolo_detector) by extension 'ros'
[0.174s] DEBUG:colcon.colcon_core.package_identification:Package 'src/yolo_detector' with type 'ros.ament_python' and name 'yolo_detector'
[0.174s] Level 1:colcon.colcon_core.package_discovery:discover_packages(recursive) using defaults
[0.174s] Level 1:colcon.colcon_core.package_discovery:discover_packages(ignore) discover
[0.174s] Level 1:colcon.colcon_core.package_discovery:discover_packages(ignore) using defaults
[0.174s] Level 1:colcon.colcon_core.package_discovery:discover_packages(path) discover
[0.174s] Level 1:colcon.colcon_core.package_discovery:discover_packages(path) using defaults
[0.184s] Level 1:colcon.colcon_core.package_discovery:discover_packages(prefix_path) check parameters
[0.184s] Level 1:colcon.colcon_core.package_discovery:discover_packages(prefix_path) discover
[0.185s] DEBUG:colcon.colcon_installed_package_information.package_discovery:Found 2 installed packages in /home/ww/Documents/detector/install
[0.185s] DEBUG:colcon.colcon_installed_package_information.package_discovery:Found 260 installed packages in /opt/ros/foxy
[0.186s] Level 1:colcon.colcon_core.package_discovery:discover_packages(prefix_path) using defaults
[0.218s] Level 5:colcon.colcon_core.verb:set package 'camera_node' build argument 'cmake_args' from command line to 'None'
[0.219s] Level 5:colcon.colcon_core.verb:set package 'camera_node' build argument 'cmake_target' from command line to 'None'
[0.219s] Level 5:colcon.colcon_core.verb:set package 'camera_node' build argument 'cmake_target_skip_unavailable' from command line to 'False'
[0.219s] Level 5:colcon.colcon_core.verb:set package 'camera_node' build argument 'cmake_clean_cache' from command line to 'False'
[0.219s] Level 5:colcon.colcon_core.verb:set package 'camera_node' build argument 'cmake_clean_first' from command line to 'False'
[0.219s] Level 5:colcon.colcon_core.verb:set package 'camera_node' build argument 'cmake_force_configure' from command line to 'False'
[0.219s] Level 5:colcon.colcon_core.verb:set package 'camera_node' build argument 'ament_cmake_args' from command line to 'None'
[0.219s] Level 5:colcon.colcon_core.verb:set package 'camera_node' build argument 'catkin_cmake_args' from command line to 'None'
[0.219s] Level 5:colcon.colcon_core.verb:set package 'camera_node' build argument 'catkin_skip_building_tests' from command line to 'False'
[0.219s] DEBUG:colcon.colcon_core.verb:Building package 'camera_node' with the following arguments: {'ament_cmake_args': None, 'build_base': '/home/ww/Documents/detector/build/camera_node', 'catkin_cmake_args': None, 'catkin_skip_building_tests': False, 'cmake_args': None, 'cmake_clean_cache': False, 'cmake_clean_first': False, 'cmake_force_configure': False, 'cmake_target': None, 'cmake_target_skip_unavailable': False, 'install_base': '/home/ww/Documents/detector/install/camera_node', 'merge_install': False, 'path': '/home/ww/Documents/detector/src/camera_node', 'symlink_install': False, 'test_result_base': None}
[0.219s] Level 5:colcon.colcon_core.verb:set package 'yolo_detector' build argument 'cmake_args' from command line to 'None'
[0.219s] Level 5:colcon.colcon_core.verb:set package 'yolo_detector' build argument 'cmake_target' from command line to 'None'
[0.219s] Level 5:colcon.colcon_core.verb:set package 'yolo_detector' build argument 'cmake_target_skip_unavailable' from command line to 'False'
[0.219s] Level 5:colcon.colcon_core.verb:set package 'yolo_detector' build argument 'cmake_clean_cache' from command line to 'False'
[0.219s] Level 5:colcon.colcon_core.verb:set package 'yolo_detector' build argument 'cmake_clean_first' from command line to 'False'
[0.219s] Level 5:colcon.colcon_core.verb:set package 'yolo_detector' build argument 'cmake_force_configure' from command line to 'False'
[0.219s] Level 5:colcon.colcon_core.verb:set package 'yolo_detector' build argument 'ament_cmake_args' from command line to 'None'
[0.219s] Level 5:colcon.colcon_core.verb:set package 'yolo_detector' build argument 'catkin_cmake_args' from command line to 'None'
[0.219s] Level 5:colcon.colcon_core.verb:set package 'yolo_detector' build argument 'catkin_skip_building_tests' from command line to 'False'
[0.219s] DEBUG:colcon.colcon_core.verb:Building package 'yolo_detector' with the following arguments: {'ament_cmake_args': None, 'build_base': '/home/ww/Documents/detector/build/yolo_detector', 'catkin_cmake_args': None, 'catkin_skip_building_tests': False, 'cmake_args': None, 'cmake_clean_cache': False, 'cmake_clean_first': False, 'cmake_force_configure': False, 'cmake_target': None, 'cmake_target_skip_unavailable': False, 'install_base': '/home/ww/Documents/detector/install/yolo_detector', 'merge_install': False, 'path': '/home/ww/Documents/detector/src/yolo_detector', 'symlink_install': False, 'test_result_base': None}
[0.219s] INFO:colcon.colcon_core.executor:Executing jobs using 'parallel' executor
[0.220s] DEBUG:colcon.colcon_parallel_executor.executor.parallel:run_until_complete
[0.220s] INFO:colcon.colcon_ros.task.ament_cmake.build:Building ROS package in '/home/ww/Documents/detector/src/camera_node' with build type 'ament_cmake'
[0.220s] INFO:colcon.colcon_cmake.task.cmake.build:Building CMake package in '/home/ww/Documents/detector/src/camera_node'
[0.221s] INFO:colcon.colcon_core.plugin_system:Skipping extension 'colcon_core.shell.bat': Not used on non-Windows systems
[0.221s] INFO:colcon.colcon_core.shell:Skip shell extension 'powershell' for command environment: Not usable outside of PowerShell
[0.221s] DEBUG:colcon.colcon_core.shell:Skip shell extension 'dsv' for command environment
[0.223s] INFO:colcon.colcon_ros.task.ament_python.build:Building ROS package in '/home/ww/Documents/detector/src/yolo_detector' with build type 'ament_python'
[0.224s] Level 1:colcon.colcon_core.shell:create_environment_hook('yolo_detector', 'ament_prefix_path')
[0.224s] INFO:colcon.colcon_core.shell:Creating environment hook '/home/ww/Documents/detector/install/yolo_detector/share/yolo_detector/hook/ament_prefix_path.ps1'
[0.224s] INFO:colcon.colcon_core.shell:Creating environment descriptor '/home/ww/Documents/detector/install/yolo_detector/share/yolo_detector/hook/ament_prefix_path.dsv'
[0.225s] INFO:colcon.colcon_core.shell:Creating environment hook '/home/ww/Documents/detector/install/yolo_detector/share/yolo_detector/hook/ament_prefix_path.sh'
[0.225s] INFO:colcon.colcon_core.shell:Skip shell extension 'powershell' for command environment: Not usable outside of PowerShell
[0.225s] DEBUG:colcon.colcon_core.shell:Skip shell extension 'dsv' for command environment
[0.231s] DEBUG:colcon.colcon_core.event_handler.log_command:Invoking command in '/home/ww/Documents/detector/build/camera_node': CMAKE_PREFIX_PATH=${CMAKE_PREFIX_PATH}:/home/ww/Documents/detector/install/yolo_detector:/opt/ros/foxy CONDA_PROMPT_MODIFIER=(yolov10) /home/ww/anaconda3/envs/yolov10/bin/cmake --build /home/ww/Documents/detector/build/camera_node -- -j12 -l12
[0.340s] INFO:colcon.colcon_core.task.python.build:Building Python package in '/home/ww/Documents/detector/src/yolo_detector'
[0.341s] INFO:colcon.colcon_core.shell:Skip shell extension 'powershell' for command environment: Not usable outside of PowerShell
[0.341s] DEBUG:colcon.colcon_core.shell:Skip shell extension 'dsv' for command environment
[0.543s] DEBUG:colcon.colcon_core.event_handler.log_command:Invoking command in '/home/ww/Documents/detector/src/yolo_detector': CONDA_PROMPT_MODIFIER=(yolov10) PYTHONPATH=/home/ww/Documents/detector/build/yolo_detector/prefix_override:/usr/lib/python3/dist-packages/colcon_core/task/python/colcon_distutils_commands:/home/ww/Documents/detector/install/yolo_detector/lib/python3.8/site-packages:${PYTHONPATH} /usr/bin/python3 -W ignore:setup.py install is deprecated setup.py egg_info --egg-base ../../build/yolo_detector build --build-base /home/ww/Documents/detector/build/yolo_detector/build install --record /home/ww/Documents/detector/build/yolo_detector/install.log --install-scripts $base/lib/yolo_detector --single-version-externally-managed install_data
[0.707s] DEBUG:colcon.colcon_core.event_handler.log_command:Invoked command in '/home/ww/Documents/detector/src/yolo_detector' returned '0': CONDA_PROMPT_MODIFIER=(yolov10) PYTHONPATH=/home/ww/Documents/detector/build/yolo_detector/prefix_override:/usr/lib/python3/dist-packages/colcon_core/task/python/colcon_distutils_commands:/home/ww/Documents/detector/install/yolo_detector/lib/python3.8/site-packages:${PYTHONPATH} /usr/bin/python3 -W ignore:setup.py install is deprecated setup.py egg_info --egg-base ../../build/yolo_detector build --build-base /home/ww/Documents/detector/build/yolo_detector/build install --record /home/ww/Documents/detector/build/yolo_detector/install.log --install-scripts $base/lib/yolo_detector --single-version-externally-managed install_data
[0.708s] Level 1:colcon.colcon_core.environment:checking '/home/ww/Documents/detector/install/yolo_detector' for CMake module files
[0.709s] Level 1:colcon.colcon_core.environment:checking '/home/ww/Documents/detector/install/yolo_detector' for CMake config files
[0.709s] Level 1:colcon.colcon_core.environment:checking '/home/ww/Documents/detector/install/yolo_detector/lib'
[0.709s] Level 1:colcon.colcon_core.environment:checking '/home/ww/Documents/detector/install/yolo_detector/bin'
[0.709s] Level 1:colcon.colcon_core.environment:checking '/home/ww/Documents/detector/install/yolo_detector/lib/pkgconfig/yolo_detector.pc'
[0.709s] Level 1:colcon.colcon_core.environment:checking '/home/ww/Documents/detector/install/yolo_detector/lib/python3.8/site-packages'
[0.710s] Level 1:colcon.colcon_core.shell:create_environment_hook('yolo_detector', 'pythonpath')
[0.710s] INFO:colcon.colcon_core.shell:Creating environment hook '/home/ww/Documents/detector/install/yolo_detector/share/yolo_detector/hook/pythonpath.ps1'
[0.710s] INFO:colcon.colcon_core.shell:Creating environment descriptor '/home/ww/Documents/detector/install/yolo_detector/share/yolo_detector/hook/pythonpath.dsv'
[0.710s] INFO:colcon.colcon_core.shell:Creating environment hook '/home/ww/Documents/detector/install/yolo_detector/share/yolo_detector/hook/pythonpath.sh'
[0.710s] Level 1:colcon.colcon_core.environment:checking '/home/ww/Documents/detector/install/yolo_detector/bin'
[0.711s] Level 1:colcon.colcon_core.environment:create_environment_scripts_only(yolo_detector)
[0.711s] INFO:colcon.colcon_core.shell:Creating package script '/home/ww/Documents/detector/install/yolo_detector/share/yolo_detector/package.ps1'
[0.711s] INFO:colcon.colcon_core.shell:Creating package descriptor '/home/ww/Documents/detector/install/yolo_detector/share/yolo_detector/package.dsv'
[0.711s] INFO:colcon.colcon_core.shell:Creating package script '/home/ww/Documents/detector/install/yolo_detector/share/yolo_detector/package.sh'
[0.712s] INFO:colcon.colcon_core.shell:Creating package script '/home/ww/Documents/detector/install/yolo_detector/share/yolo_detector/package.bash'
[0.712s] INFO:colcon.colcon_core.shell:Creating package script '/home/ww/Documents/detector/install/yolo_detector/share/yolo_detector/package.zsh'
[0.713s] Level 1:colcon.colcon_core.environment:create_file_with_runtime_dependencies(/home/ww/Documents/detector/install/yolo_detector/share/colcon-core/packages/yolo_detector)
[0.858s] DEBUG:colcon.colcon_core.event_handler.log_command:Invoked command in '/home/ww/Documents/detector/build/camera_node' returned '0': CMAKE_PREFIX_PATH=${CMAKE_PREFIX_PATH}:/home/ww/Documents/detector/install/yolo_detector:/opt/ros/foxy CONDA_PROMPT_MODIFIER=(yolov10) /home/ww/anaconda3/envs/yolov10/bin/cmake --build /home/ww/Documents/detector/build/camera_node -- -j12 -l12
[0.957s] DEBUG:colcon.colcon_core.event_handler.log_command:Invoking command in '/home/ww/Documents/detector/build/camera_node': CMAKE_PREFIX_PATH=${CMAKE_PREFIX_PATH}:/home/ww/Documents/detector/install/yolo_detector:/opt/ros/foxy CONDA_PROMPT_MODIFIER=(yolov10) /home/ww/anaconda3/envs/yolov10/bin/cmake --install /home/ww/Documents/detector/build/camera_node
[1.003s] Level 1:colcon.colcon_core.environment:create_environment_scripts_only(camera_node)
[1.003s] Level 1:colcon.colcon_core.environment:checking '/home/ww/Documents/detector/install/camera_node' for CMake module files
[1.003s] DEBUG:colcon.colcon_core.event_handler.log_command:Invoked command in '/home/ww/Documents/detector/build/camera_node' returned '0': CMAKE_PREFIX_PATH=${CMAKE_PREFIX_PATH}:/home/ww/Documents/detector/install/yolo_detector:/opt/ros/foxy CONDA_PROMPT_MODIFIER=(yolov10) /home/ww/anaconda3/envs/yolov10/bin/cmake --install /home/ww/Documents/detector/build/camera_node
[1.003s] Level 1:colcon.colcon_core.environment:checking '/home/ww/Documents/detector/install/camera_node' for CMake config files
[1.003s] Level 1:colcon.colcon_core.shell:create_environment_hook('camera_node', 'cmake_prefix_path')
[1.004s] INFO:colcon.colcon_core.shell:Creating environment hook '/home/ww/Documents/detector/install/camera_node/share/camera_node/hook/cmake_prefix_path.ps1'
[1.004s] INFO:colcon.colcon_core.shell:Creating environment descriptor '/home/ww/Documents/detector/install/camera_node/share/camera_node/hook/cmake_prefix_path.dsv'
[1.004s] INFO:colcon.colcon_core.shell:Creating environment hook '/home/ww/Documents/detector/install/camera_node/share/camera_node/hook/cmake_prefix_path.sh'
[1.004s] Level 1:colcon.colcon_core.environment:checking '/home/ww/Documents/detector/install/camera_node/lib'
[1.005s] Level 1:colcon.colcon_core.environment:checking '/home/ww/Documents/detector/install/camera_node/bin'
[1.005s] Level 1:colcon.colcon_core.environment:checking '/home/ww/Documents/detector/install/camera_node/lib/pkgconfig/camera_node.pc'
[1.005s] Level 1:colcon.colcon_core.environment:checking '/home/ww/Documents/detector/install/camera_node/lib/python3.8/site-packages'
[1.005s] Level 1:colcon.colcon_core.environment:checking '/home/ww/Documents/detector/install/camera_node/bin'
[1.005s] INFO:colcon.colcon_core.shell:Creating package script '/home/ww/Documents/detector/install/camera_node/share/camera_node/package.ps1'
[1.005s] INFO:colcon.colcon_core.shell:Creating package descriptor '/home/ww/Documents/detector/install/camera_node/share/camera_node/package.dsv'
[1.005s] INFO:colcon.colcon_core.shell:Creating package script '/home/ww/Documents/detector/install/camera_node/share/camera_node/package.sh'
[1.006s] INFO:colcon.colcon_core.shell:Creating package script '/home/ww/Documents/detector/install/camera_node/share/camera_node/package.bash'
[1.006s] INFO:colcon.colcon_core.shell:Creating package script '/home/ww/Documents/detector/install/camera_node/share/camera_node/package.zsh'
[1.006s] Level 1:colcon.colcon_core.environment:create_file_with_runtime_dependencies(/home/ww/Documents/detector/install/camera_node/share/colcon-core/packages/camera_node)
[1.057s] Level 1:colcon.colcon_core.environment:create_environment_scripts_only(camera_node)
[1.057s] Level 1:colcon.colcon_core.environment:checking '/home/ww/Documents/detector/install/camera_node' for CMake module files
[1.057s] Level 1:colcon.colcon_core.environment:checking '/home/ww/Documents/detector/install/camera_node' for CMake config files
[1.057s] Level 1:colcon.colcon_core.shell:create_environment_hook('camera_node', 'cmake_prefix_path')
[1.057s] INFO:colcon.colcon_core.shell:Creating environment hook '/home/ww/Documents/detector/install/camera_node/share/camera_node/hook/cmake_prefix_path.ps1'
[1.058s] INFO:colcon.colcon_core.shell:Creating environment descriptor '/home/ww/Documents/detector/install/camera_node/share/camera_node/hook/cmake_prefix_path.dsv'
[1.058s] INFO:colcon.colcon_core.shell:Creating environment hook '/home/ww/Documents/detector/install/camera_node/share/camera_node/hook/cmake_prefix_path.sh'
[1.058s] Level 1:colcon.colcon_core.environment:checking '/home/ww/Documents/detector/install/camera_node/lib'
[1.058s] Level 1:colcon.colcon_core.environment:checking '/home/ww/Documents/detector/install/camera_node/bin'
[1.058s] Level 1:colcon.colcon_core.environment:checking '/home/ww/Documents/detector/install/camera_node/lib/pkgconfig/camera_node.pc'
[1.059s] Level 1:colcon.colcon_core.environment:checking '/home/ww/Documents/detector/install/camera_node/lib/python3.8/site-packages'
[1.059s] Level 1:colcon.colcon_core.environment:checking '/home/ww/Documents/detector/install/camera_node/bin'
[1.059s] INFO:colcon.colcon_core.shell:Creating package script '/home/ww/Documents/detector/install/camera_node/share/camera_node/package.ps1'
[1.059s] INFO:colcon.colcon_core.shell:Creating package descriptor '/home/ww/Documents/detector/install/camera_node/share/camera_node/package.dsv'
[1.059s] INFO:colcon.colcon_core.shell:Creating package script '/home/ww/Documents/detector/install/camera_node/share/camera_node/package.sh'
[1.060s] INFO:colcon.colcon_core.shell:Creating package script '/home/ww/Documents/detector/install/camera_node/share/camera_node/package.bash'
[1.060s] INFO:colcon.colcon_core.shell:Creating package script '/home/ww/Documents/detector/install/camera_node/share/camera_node/package.zsh'
[1.060s] Level 1:colcon.colcon_core.environment:create_file_with_runtime_dependencies(/home/ww/Documents/detector/install/camera_node/share/colcon-core/packages/camera_node)
[1.060s] DEBUG:colcon.colcon_parallel_executor.executor.parallel:closing loop
[1.060s] DEBUG:colcon.colcon_parallel_executor.executor.parallel:loop closed
[1.061s] DEBUG:colcon.colcon_parallel_executor.executor.parallel:run_until_complete finished with '0'
[1.061s] DEBUG:colcon.colcon_core.event_reactor:joining thread
[1.064s] INFO:colcon.colcon_core.plugin_system:Skipping extension 'colcon_notification.desktop_notification.terminal_notifier': Not used on non-Darwin systems
[1.064s] INFO:colcon.colcon_core.plugin_system:Skipping extension 'colcon_notification.desktop_notification.win32': Not used on non-Windows systems
[1.064s] INFO:colcon.colcon_notification.desktop_notification:Sending desktop notification using 'notify2'
[1.072s] DEBUG:colcon.colcon_core.event_reactor:joined thread
[1.072s] INFO:colcon.colcon_core.shell:Creating prefix script '/home/ww/Documents/detector/install/local_setup.ps1'
[1.073s] INFO:colcon.colcon_core.shell:Creating prefix util module '/home/ww/Documents/detector/install/_local_setup_util_ps1.py'
[1.073s] INFO:colcon.colcon_core.shell:Creating prefix chain script '/home/ww/Documents/detector/install/setup.ps1'
[1.074s] INFO:colcon.colcon_core.shell:Creating prefix script '/home/ww/Documents/detector/install/local_setup.sh'
[1.074s] INFO:colcon.colcon_core.shell:Creating prefix util module '/home/ww/Documents/detector/install/_local_setup_util_sh.py'
[1.075s] INFO:colcon.colcon_core.shell:Creating prefix chain script '/home/ww/Documents/detector/install/setup.sh'
[1.075s] INFO:colcon.colcon_core.shell:Creating prefix script '/home/ww/Documents/detector/install/local_setup.bash'
[1.076s] INFO:colcon.colcon_core.shell:Creating prefix chain script '/home/ww/Documents/detector/install/setup.bash'
[1.076s] INFO:colcon.colcon_core.shell:Creating prefix script '/home/ww/Documents/detector/install/local_setup.zsh'
[1.076s] INFO:colcon.colcon_core.shell:Creating prefix chain script '/home/ww/Documents/detector/install/setup.zsh'
