[0.007s] Invoking command in '/home/ww/Documents/detector/build/img_cat': CMAKE_PREFIX_PATH=/opt/ros/foxy CONDA_PROMPT_MODIFIER=(base) /usr/bin/cmake /home/ww/Documents/detector/src/img_cat -DCMAKE_INSTALL_PREFIX=/home/ww/Documents/detector/install/img_cat
[0.111s] -- The C compiler identification is GNU 9.4.0
[0.239s] -- The CXX compiler identification is GNU 9.4.0
[0.243s] -- Check for working C compiler: /usr/bin/cc
[0.326s] -- Check for working C compiler: /usr/bin/cc -- works
[0.327s] -- Detecting C compiler ABI info
[0.368s] -- Detecting C compiler ABI info - done
[0.376s] -- Detecting C compile features
[0.377s] -- Detecting C compile features - done
[0.379s] -- Check for working CXX compiler: /usr/bin/c++
[0.424s] -- Check for working CXX compiler: /usr/bin/c++ -- works
[0.424s] -- Detecting CXX compiler ABI info
[0.467s] -- Detecting CXX compiler ABI info - done
[0.474s] -- Detecting CXX compile features
[0.475s] -- Detecting CXX compile features - done
[0.476s] -- Found ament_cmake: 0.9.12 (/opt/ros/foxy/share/ament_cmake/cmake)
[0.490s] -- Found PythonInterp: /home/ww/anaconda3/bin/python3 (found suitable version "3.12.7", minimum required is "3") 
[0.490s] -- Using PYTHON_EXECUTABLE: /home/ww/anaconda3/bin/python3
[0.615s] -- Found rclcpp: 2.4.3 (/opt/ros/foxy/share/rclcpp/cmake)
[0.644s] -- Using all available rosidl_typesupport_c: rosidl_typesupport_fastrtps_c;rosidl_typesupport_introspection_c
[0.648s] -- Found rosidl_adapter: 1.3.1 (/opt/ros/foxy/share/rosidl_adapter/cmake)
[0.694s] -- Found OpenSSL: /usr/lib/x86_64-linux-gnu/libcrypto.so (found version "1.1.1f")  
[0.713s] -- Found FastRTPS: /opt/ros/foxy/include  
[0.761s] -- Using all available rosidl_typesupport_cpp: rosidl_typesupport_fastrtps_cpp;rosidl_typesupport_introspection_cpp
[0.797s] -- Found rmw_implementation_cmake: 1.0.4 (/opt/ros/foxy/share/rmw_implementation_cmake/cmake)
[0.799s] -- Using RMW implementation 'rmw_fastrtps_cpp' as default
[0.799s] -- Looking for pthread.h
[0.853s] -- Looking for pthread.h - found
[0.854s] -- Performing Test CMAKE_HAVE_LIBC_PTHREAD
[0.936s] -- Performing Test CMAKE_HAVE_LIBC_PTHREAD - Failed
[0.936s] -- Looking for pthread_create in pthreads
[0.976s] -- Looking for pthread_create in pthreads - not found
[0.976s] -- Looking for pthread_create in pthread
[1.045s] -- Looking for pthread_create in pthread - found
[1.046s] -- Found Threads: TRUE  
[1.150s] -- Found cv_bridge: 3.0.7 (/opt/ros/foxy/share/cv_bridge/cmake)
[1.237s] -- Found ament_lint_auto: 0.9.8 (/opt/ros/foxy/share/ament_lint_auto/cmake)
[1.249s] Traceback (most recent call last):
[1.250s]   File "/opt/ros/foxy/share/ament_cmake_core/cmake/core/package_xml_2_cmake.py", line 21, in <module>
[1.250s]     from catkin_pkg.package import parse_package_string
[1.250s] ModuleNotFoundError: No module named 'catkin_pkg'
[1.251s] CMake Error at /opt/ros/foxy/share/ament_cmake_core/cmake/core/ament_package_xml.cmake:94 (message):
[1.251s]   execute_process(/home/ww/anaconda3/bin/python3
[1.251s]   /opt/ros/foxy/share/ament_cmake_core/cmake/core/package_xml_2_cmake.py
[1.251s]   /home/ww/Documents/detector/src/img_cat/package.xml
[1.251s]   /home/ww/Documents/detector/build/img_cat/ament_cmake_core/package.cmake)
[1.251s]   returned error code 1
[1.252s] Call Stack (most recent call first):
[1.252s]   /opt/ros/foxy/share/ament_cmake_core/cmake/core/ament_package_xml.cmake:49 (_ament_package_xml)
[1.252s]   /opt/ros/foxy/share/ament_lint_auto/cmake/ament_lint_auto_find_test_dependencies.cmake:31 (ament_package_xml)
[1.252s]   CMakeLists.txt:31 (ament_lint_auto_find_test_dependencies)
[1.252s] 
[1.252s] 
[1.252s] -- Configuring incomplete, errors occurred!
[1.252s] See also "/home/ww/Documents/detector/build/img_cat/CMakeFiles/CMakeOutput.log".
[1.252s] See also "/home/ww/Documents/detector/build/img_cat/CMakeFiles/CMakeError.log".
[1.258s] Invoked command in '/home/ww/Documents/detector/build/img_cat' returned '1': CMAKE_PREFIX_PATH=/opt/ros/foxy CONDA_PROMPT_MODIFIER=(base) /usr/bin/cmake /home/ww/Documents/detector/src/img_cat -DCMAKE_INSTALL_PREFIX=/home/ww/Documents/detector/install/img_cat
