[0.091s] DEBUG:colcon:Command line arguments: ['/usr/bin/colcon', 'build']
[0.091s] DEBUG:colcon:Parsed command line arguments: Namespace(allow_overriding=[], ament_cmake_args=None, base_paths=['.'], build_base='build', catkin_cmake_args=None, catkin_skip_building_tests=False, cmake_args=None, cmake_clean_cache=False, cmake_clean_first=False, cmake_force_configure=False, cmake_target=None, cmake_target_skip_unavailable=False, continue_on_error=False, event_handlers=None, executor='parallel', ignore_user_meta=False, install_base='install', log_base=None, log_level=None, main=<bound method BuildVerb.main of <colcon_core.verb.build.BuildVerb object at 0x7faad8ea5e50>>, merge_install=False, metas=['./colcon.meta'], packages_above=None, packages_above_and_dependencies=None, packages_above_depth=None, packages_end=None, packages_ignore=None, packages_ignore_regex=None, packages_select=None, packages_select_build_failed=False, packages_select_by_dep=None, packages_select_regex=None, packages_select_test_failures=False, packages_skip=None, packages_skip_build_finished=False, packages_skip_by_dep=None, packages_skip_regex=None, packages_skip_test_passed=False, packages_skip_up_to=None, packages_start=None, packages_up_to=None, packages_up_to_regex=None, parallel_workers=12, paths=None, symlink_install=False, test_result_base=None, verb_extension=<colcon_core.verb.build.BuildVerb object at 0x7faad8ea5e50>, verb_name='build', verb_parser=<colcon_defaults.argument_parser.defaults.DefaultArgumentsDecorator object at 0x7faad8d6fa30>)
[0.157s] Level 1:colcon.colcon_core.package_discovery:discover_packages(colcon_meta) check parameters
[0.157s] Level 1:colcon.colcon_core.package_discovery:discover_packages(recursive) check parameters
[0.157s] Level 1:colcon.colcon_core.package_discovery:discover_packages(ignore) check parameters
[0.157s] Level 1:colcon.colcon_core.package_discovery:discover_packages(path) check parameters
[0.157s] Level 1:colcon.colcon_core.package_discovery:discover_packages(colcon_meta) discover
[0.157s] Level 1:colcon.colcon_core.package_discovery:discover_packages(recursive) discover
[0.157s] INFO:colcon.colcon_core.package_discovery:Crawling recursively for packages in '/home/ww/Documents/detector'
[0.157s] Level 1:colcon.colcon_core.package_identification:_identify(.) by extensions ['ignore', 'ignore_ament_install']
[0.157s] Level 1:colcon.colcon_core.package_identification:_identify(.) by extension 'ignore'
[0.157s] Level 1:colcon.colcon_core.package_identification:_identify(.) by extension 'ignore_ament_install'
[0.157s] Level 1:colcon.colcon_core.package_identification:_identify(.) by extensions ['colcon_pkg']
[0.157s] Level 1:colcon.colcon_core.package_identification:_identify(.) by extension 'colcon_pkg'
[0.157s] Level 1:colcon.colcon_core.package_identification:_identify(.) by extensions ['colcon_meta']
[0.157s] Level 1:colcon.colcon_core.package_identification:_identify(.) by extension 'colcon_meta'
[0.157s] Level 1:colcon.colcon_core.package_identification:_identify(.) by extensions ['ros']
[0.157s] Level 1:colcon.colcon_core.package_identification:_identify(.) by extension 'ros'
[0.163s] Level 1:colcon.colcon_core.package_identification:_identify(.) by extensions ['cmake', 'python']
[0.163s] Level 1:colcon.colcon_core.package_identification:_identify(.) by extension 'cmake'
[0.163s] Level 1:colcon.colcon_core.package_identification:_identify(.) by extension 'python'
[0.163s] Level 1:colcon.colcon_core.package_identification:_identify(.) by extensions ['python_setup_py']
[0.163s] Level 1:colcon.colcon_core.package_identification:_identify(.) by extension 'python_setup_py'
[0.163s] Level 1:colcon.colcon_core.package_identification:_identify(build) by extensions ['ignore', 'ignore_ament_install']
[0.163s] Level 1:colcon.colcon_core.package_identification:_identify(build) by extension 'ignore'
[0.163s] Level 1:colcon.colcon_core.package_identification:_identify(build) ignored
[0.163s] Level 1:colcon.colcon_core.package_identification:_identify(install) by extensions ['ignore', 'ignore_ament_install']
[0.163s] Level 1:colcon.colcon_core.package_identification:_identify(install) by extension 'ignore'
[0.163s] Level 1:colcon.colcon_core.package_identification:_identify(install) ignored
[0.163s] Level 1:colcon.colcon_core.package_identification:_identify(log) by extensions ['ignore', 'ignore_ament_install']
[0.163s] Level 1:colcon.colcon_core.package_identification:_identify(log) by extension 'ignore'
[0.163s] Level 1:colcon.colcon_core.package_identification:_identify(log) ignored
[0.163s] Level 1:colcon.colcon_core.package_identification:_identify(src) by extensions ['ignore', 'ignore_ament_install']
[0.163s] Level 1:colcon.colcon_core.package_identification:_identify(src) by extension 'ignore'
[0.164s] Level 1:colcon.colcon_core.package_identification:_identify(src) by extension 'ignore_ament_install'
[0.164s] Level 1:colcon.colcon_core.package_identification:_identify(src) by extensions ['colcon_pkg']
[0.164s] Level 1:colcon.colcon_core.package_identification:_identify(src) by extension 'colcon_pkg'
[0.164s] Level 1:colcon.colcon_core.package_identification:_identify(src) by extensions ['colcon_meta']
[0.164s] Level 1:colcon.colcon_core.package_identification:_identify(src) by extension 'colcon_meta'
[0.164s] Level 1:colcon.colcon_core.package_identification:_identify(src) by extensions ['ros']
[0.164s] Level 1:colcon.colcon_core.package_identification:_identify(src) by extension 'ros'
[0.164s] Level 1:colcon.colcon_core.package_identification:_identify(src) by extensions ['cmake', 'python']
[0.164s] Level 1:colcon.colcon_core.package_identification:_identify(src) by extension 'cmake'
[0.164s] Level 1:colcon.colcon_core.package_identification:_identify(src) by extension 'python'
[0.164s] Level 1:colcon.colcon_core.package_identification:_identify(src) by extensions ['python_setup_py']
[0.164s] Level 1:colcon.colcon_core.package_identification:_identify(src) by extension 'python_setup_py'
[0.164s] Level 1:colcon.colcon_core.package_identification:_identify(src/camera_node) by extensions ['ignore', 'ignore_ament_install']
[0.164s] Level 1:colcon.colcon_core.package_identification:_identify(src/camera_node) by extension 'ignore'
[0.164s] Level 1:colcon.colcon_core.package_identification:_identify(src/camera_node) by extension 'ignore_ament_install'
[0.164s] Level 1:colcon.colcon_core.package_identification:_identify(src/camera_node) by extensions ['colcon_pkg']
[0.164s] Level 1:colcon.colcon_core.package_identification:_identify(src/camera_node) by extension 'colcon_pkg'
[0.164s] Level 1:colcon.colcon_core.package_identification:_identify(src/camera_node) by extensions ['colcon_meta']
[0.164s] Level 1:colcon.colcon_core.package_identification:_identify(src/camera_node) by extension 'colcon_meta'
[0.164s] Level 1:colcon.colcon_core.package_identification:_identify(src/camera_node) by extensions ['ros']
[0.164s] Level 1:colcon.colcon_core.package_identification:_identify(src/camera_node) by extension 'ros'
[0.165s] DEBUG:colcon.colcon_core.package_identification:Package 'src/camera_node' with type 'ros.ament_cmake' and name 'camera_node'
[0.165s] Level 1:colcon.colcon_core.package_discovery:discover_packages(recursive) using defaults
[0.165s] Level 1:colcon.colcon_core.package_discovery:discover_packages(ignore) discover
[0.165s] Level 1:colcon.colcon_core.package_discovery:discover_packages(ignore) using defaults
[0.165s] Level 1:colcon.colcon_core.package_discovery:discover_packages(path) discover
[0.165s] Level 1:colcon.colcon_core.package_discovery:discover_packages(path) using defaults
[0.175s] Level 1:colcon.colcon_core.package_discovery:discover_packages(prefix_path) check parameters
[0.175s] Level 1:colcon.colcon_core.package_discovery:discover_packages(prefix_path) discover
[0.177s] DEBUG:colcon.colcon_installed_package_information.package_discovery:Found 260 installed packages in /opt/ros/foxy
[0.177s] Level 1:colcon.colcon_core.package_discovery:discover_packages(prefix_path) using defaults
[0.209s] Level 5:colcon.colcon_core.verb:set package 'camera_node' build argument 'cmake_args' from command line to 'None'
[0.209s] Level 5:colcon.colcon_core.verb:set package 'camera_node' build argument 'cmake_target' from command line to 'None'
[0.209s] Level 5:colcon.colcon_core.verb:set package 'camera_node' build argument 'cmake_target_skip_unavailable' from command line to 'False'
[0.209s] Level 5:colcon.colcon_core.verb:set package 'camera_node' build argument 'cmake_clean_cache' from command line to 'False'
[0.209s] Level 5:colcon.colcon_core.verb:set package 'camera_node' build argument 'cmake_clean_first' from command line to 'False'
[0.209s] Level 5:colcon.colcon_core.verb:set package 'camera_node' build argument 'cmake_force_configure' from command line to 'False'
[0.209s] Level 5:colcon.colcon_core.verb:set package 'camera_node' build argument 'ament_cmake_args' from command line to 'None'
[0.209s] Level 5:colcon.colcon_core.verb:set package 'camera_node' build argument 'catkin_cmake_args' from command line to 'None'
[0.209s] Level 5:colcon.colcon_core.verb:set package 'camera_node' build argument 'catkin_skip_building_tests' from command line to 'False'
[0.209s] DEBUG:colcon.colcon_core.verb:Building package 'camera_node' with the following arguments: {'ament_cmake_args': None, 'build_base': '/home/ww/Documents/detector/build/camera_node', 'catkin_cmake_args': None, 'catkin_skip_building_tests': False, 'cmake_args': None, 'cmake_clean_cache': False, 'cmake_clean_first': False, 'cmake_force_configure': False, 'cmake_target': None, 'cmake_target_skip_unavailable': False, 'install_base': '/home/ww/Documents/detector/install/camera_node', 'merge_install': False, 'path': '/home/ww/Documents/detector/src/camera_node', 'symlink_install': False, 'test_result_base': None}
[0.209s] INFO:colcon.colcon_core.executor:Executing jobs using 'parallel' executor
[0.210s] DEBUG:colcon.colcon_parallel_executor.executor.parallel:run_until_complete
[0.210s] INFO:colcon.colcon_ros.task.ament_cmake.build:Building ROS package in '/home/ww/Documents/detector/src/camera_node' with build type 'ament_cmake'
[0.210s] INFO:colcon.colcon_cmake.task.cmake.build:Building CMake package in '/home/ww/Documents/detector/src/camera_node'
[0.211s] INFO:colcon.colcon_core.plugin_system:Skipping extension 'colcon_core.shell.bat': Not used on non-Windows systems
[0.211s] INFO:colcon.colcon_core.shell:Skip shell extension 'powershell' for command environment: Not usable outside of PowerShell
[0.211s] DEBUG:colcon.colcon_core.shell:Skip shell extension 'dsv' for command environment
[0.217s] DEBUG:colcon.colcon_core.event_handler.log_command:Invoking command in '/home/ww/Documents/detector/build/camera_node': CMAKE_PREFIX_PATH=/opt/ros/foxy CONDA_PROMPT_MODIFIER=(base) /usr/bin/cmake --build /home/ww/Documents/detector/build/camera_node -- -j12 -l12
[1.052s] DEBUG:colcon.colcon_core.event_handler.log_command:Invoked command in '/home/ww/Documents/detector/build/camera_node' returned '0': CMAKE_PREFIX_PATH=/opt/ros/foxy CONDA_PROMPT_MODIFIER=(base) /usr/bin/cmake --build /home/ww/Documents/detector/build/camera_node -- -j12 -l12
[1.071s] DEBUG:colcon.colcon_core.event_handler.log_command:Invoking command in '/home/ww/Documents/detector/build/camera_node': CMAKE_PREFIX_PATH=/opt/ros/foxy CONDA_PROMPT_MODIFIER=(base) /usr/bin/cmake --install /home/ww/Documents/detector/build/camera_node
[1.078s] Level 1:colcon.colcon_core.environment:create_environment_scripts_only(camera_node)
[1.078s] DEBUG:colcon.colcon_core.event_handler.log_command:Invoked command in '/home/ww/Documents/detector/build/camera_node' returned '0': CMAKE_PREFIX_PATH=/opt/ros/foxy CONDA_PROMPT_MODIFIER=(base) /usr/bin/cmake --install /home/ww/Documents/detector/build/camera_node
[1.080s] Level 1:colcon.colcon_core.environment:checking '/home/ww/Documents/detector/install/camera_node' for CMake module files
[1.080s] Level 1:colcon.colcon_core.environment:checking '/home/ww/Documents/detector/install/camera_node' for CMake config files
[1.080s] Level 1:colcon.colcon_core.shell:create_environment_hook('camera_node', 'cmake_prefix_path')
[1.080s] INFO:colcon.colcon_core.shell:Creating environment hook '/home/ww/Documents/detector/install/camera_node/share/camera_node/hook/cmake_prefix_path.ps1'
[1.081s] INFO:colcon.colcon_core.shell:Creating environment descriptor '/home/ww/Documents/detector/install/camera_node/share/camera_node/hook/cmake_prefix_path.dsv'
[1.081s] INFO:colcon.colcon_core.shell:Creating environment hook '/home/ww/Documents/detector/install/camera_node/share/camera_node/hook/cmake_prefix_path.sh'
[1.082s] Level 1:colcon.colcon_core.environment:checking '/home/ww/Documents/detector/install/camera_node/lib'
[1.082s] Level 1:colcon.colcon_core.environment:checking '/home/ww/Documents/detector/install/camera_node/bin'
[1.082s] Level 1:colcon.colcon_core.environment:checking '/home/ww/Documents/detector/install/camera_node/lib/pkgconfig/camera_node.pc'
[1.082s] Level 1:colcon.colcon_core.environment:checking '/home/ww/Documents/detector/install/camera_node/lib/python3.8/site-packages'
[1.082s] Level 1:colcon.colcon_core.environment:checking '/home/ww/Documents/detector/install/camera_node/bin'
[1.082s] INFO:colcon.colcon_core.shell:Creating package script '/home/ww/Documents/detector/install/camera_node/share/camera_node/package.ps1'
[1.083s] INFO:colcon.colcon_core.shell:Creating package descriptor '/home/ww/Documents/detector/install/camera_node/share/camera_node/package.dsv'
[1.083s] INFO:colcon.colcon_core.shell:Creating package script '/home/ww/Documents/detector/install/camera_node/share/camera_node/package.sh'
[1.083s] INFO:colcon.colcon_core.shell:Creating package script '/home/ww/Documents/detector/install/camera_node/share/camera_node/package.bash'
[1.084s] INFO:colcon.colcon_core.shell:Creating package script '/home/ww/Documents/detector/install/camera_node/share/camera_node/package.zsh'
[1.084s] Level 1:colcon.colcon_core.environment:create_file_with_runtime_dependencies(/home/ww/Documents/detector/install/camera_node/share/colcon-core/packages/camera_node)
[1.098s] Level 1:colcon.colcon_core.environment:create_environment_scripts_only(camera_node)
[1.098s] Level 1:colcon.colcon_core.environment:checking '/home/ww/Documents/detector/install/camera_node' for CMake module files
[1.098s] Level 1:colcon.colcon_core.environment:checking '/home/ww/Documents/detector/install/camera_node' for CMake config files
[1.098s] Level 1:colcon.colcon_core.shell:create_environment_hook('camera_node', 'cmake_prefix_path')
[1.099s] INFO:colcon.colcon_core.shell:Creating environment hook '/home/ww/Documents/detector/install/camera_node/share/camera_node/hook/cmake_prefix_path.ps1'
[1.099s] INFO:colcon.colcon_core.shell:Creating environment descriptor '/home/ww/Documents/detector/install/camera_node/share/camera_node/hook/cmake_prefix_path.dsv'
[1.099s] INFO:colcon.colcon_core.shell:Creating environment hook '/home/ww/Documents/detector/install/camera_node/share/camera_node/hook/cmake_prefix_path.sh'
[1.100s] Level 1:colcon.colcon_core.environment:checking '/home/ww/Documents/detector/install/camera_node/lib'
[1.100s] Level 1:colcon.colcon_core.environment:checking '/home/ww/Documents/detector/install/camera_node/bin'
[1.100s] Level 1:colcon.colcon_core.environment:checking '/home/ww/Documents/detector/install/camera_node/lib/pkgconfig/camera_node.pc'
[1.100s] Level 1:colcon.colcon_core.environment:checking '/home/ww/Documents/detector/install/camera_node/lib/python3.8/site-packages'
[1.101s] Level 1:colcon.colcon_core.environment:checking '/home/ww/Documents/detector/install/camera_node/bin'
[1.101s] INFO:colcon.colcon_core.shell:Creating package script '/home/ww/Documents/detector/install/camera_node/share/camera_node/package.ps1'
[1.102s] INFO:colcon.colcon_core.shell:Creating package descriptor '/home/ww/Documents/detector/install/camera_node/share/camera_node/package.dsv'
[1.102s] INFO:colcon.colcon_core.shell:Creating package script '/home/ww/Documents/detector/install/camera_node/share/camera_node/package.sh'
[1.103s] INFO:colcon.colcon_core.shell:Creating package script '/home/ww/Documents/detector/install/camera_node/share/camera_node/package.bash'
[1.103s] INFO:colcon.colcon_core.shell:Creating package script '/home/ww/Documents/detector/install/camera_node/share/camera_node/package.zsh'
[1.104s] Level 1:colcon.colcon_core.environment:create_file_with_runtime_dependencies(/home/ww/Documents/detector/install/camera_node/share/colcon-core/packages/camera_node)
[1.104s] DEBUG:colcon.colcon_parallel_executor.executor.parallel:closing loop
[1.105s] DEBUG:colcon.colcon_parallel_executor.executor.parallel:loop closed
[1.105s] DEBUG:colcon.colcon_parallel_executor.executor.parallel:run_until_complete finished with '0'
[1.105s] DEBUG:colcon.colcon_core.event_reactor:joining thread
[1.113s] INFO:colcon.colcon_core.plugin_system:Skipping extension 'colcon_notification.desktop_notification.terminal_notifier': Not used on non-Darwin systems
[1.113s] INFO:colcon.colcon_core.plugin_system:Skipping extension 'colcon_notification.desktop_notification.win32': Not used on non-Windows systems
[1.113s] INFO:colcon.colcon_notification.desktop_notification:Sending desktop notification using 'notify2'
[1.131s] DEBUG:colcon.colcon_core.event_reactor:joined thread
[1.131s] INFO:colcon.colcon_core.shell:Creating prefix script '/home/ww/Documents/detector/install/local_setup.ps1'
[1.132s] INFO:colcon.colcon_core.shell:Creating prefix util module '/home/ww/Documents/detector/install/_local_setup_util_ps1.py'
[1.133s] INFO:colcon.colcon_core.shell:Creating prefix chain script '/home/ww/Documents/detector/install/setup.ps1'
[1.133s] INFO:colcon.colcon_core.shell:Creating prefix script '/home/ww/Documents/detector/install/local_setup.sh'
[1.134s] INFO:colcon.colcon_core.shell:Creating prefix util module '/home/ww/Documents/detector/install/_local_setup_util_sh.py'
[1.134s] INFO:colcon.colcon_core.shell:Creating prefix chain script '/home/ww/Documents/detector/install/setup.sh'
[1.135s] INFO:colcon.colcon_core.shell:Creating prefix script '/home/ww/Documents/detector/install/local_setup.bash'
[1.136s] INFO:colcon.colcon_core.shell:Creating prefix chain script '/home/ww/Documents/detector/install/setup.bash'
[1.136s] INFO:colcon.colcon_core.shell:Creating prefix script '/home/ww/Documents/detector/install/local_setup.zsh'
[1.137s] INFO:colcon.colcon_core.shell:Creating prefix chain script '/home/ww/Documents/detector/install/setup.zsh'
