[0.018s] Invoking command in '/home/wl/Documents/detector/build/detector_startup': CMAKE_PREFIX_PATH=/opt/ros/foxy /usr/bin/cmake --build /home/wl/Documents/detector/build/detector_startup -- -j16 -l16
[0.228s] Invoked command in '/home/wl/Documents/detector/build/detector_startup' returned '0': CMAKE_PREFIX_PATH=/opt/ros/foxy /usr/bin/cmake --build /home/wl/Documents/detector/build/detector_startup -- -j16 -l16
[0.248s] Invoking command in '/home/wl/Documents/detector/build/detector_startup': CMAKE_PREFIX_PATH=/opt/ros/foxy /usr/bin/cmake --install /home/wl/Documents/detector/build/detector_startup
[0.256s] -- Install configuration: ""
[0.256s] -- Installing: /home/wl/Documents/detector/install/detector_startup/share/detector_startup/launch
[0.256s] -- Installing: /home/wl/Documents/detector/install/detector_startup/share/detector_startup/launch/camera.launch.py
[0.257s] -- Installing: /home/wl/Documents/detector/install/detector_startup/share/detector_startup/launch/yolo.launch.py
[0.257s] -- Installing: /home/wl/Documents/detector/install/detector_startup/share/detector_startup/launch/detector.launch.py
[0.257s] -- Installing: /home/wl/Documents/detector/install/detector_startup/share/ament_index/resource_index/package_run_dependencies/detector_startup
[0.257s] -- Installing: /home/wl/Documents/detector/install/detector_startup/share/ament_index/resource_index/parent_prefix_path/detector_startup
[0.257s] -- Installing: /home/wl/Documents/detector/install/detector_startup/share/detector_startup/environment/ament_prefix_path.sh
[0.257s] -- Installing: /home/wl/Documents/detector/install/detector_startup/share/detector_startup/environment/ament_prefix_path.dsv
[0.257s] -- Installing: /home/wl/Documents/detector/install/detector_startup/share/detector_startup/environment/path.sh
[0.257s] -- Installing: /home/wl/Documents/detector/install/detector_startup/share/detector_startup/environment/path.dsv
[0.257s] -- Installing: /home/wl/Documents/detector/install/detector_startup/share/detector_startup/local_setup.bash
[0.257s] -- Installing: /home/wl/Documents/detector/install/detector_startup/share/detector_startup/local_setup.sh
[0.257s] -- Installing: /home/wl/Documents/detector/install/detector_startup/share/detector_startup/local_setup.zsh
[0.257s] -- Installing: /home/wl/Documents/detector/install/detector_startup/share/detector_startup/local_setup.dsv
[0.257s] -- Installing: /home/wl/Documents/detector/install/detector_startup/share/detector_startup/package.dsv
[0.257s] -- Installing: /home/wl/Documents/detector/install/detector_startup/share/ament_index/resource_index/packages/detector_startup
[0.258s] -- Installing: /home/wl/Documents/detector/install/detector_startup/share/detector_startup/cmake/detector_startupConfig.cmake
[0.258s] -- Installing: /home/wl/Documents/detector/install/detector_startup/share/detector_startup/cmake/detector_startupConfig-version.cmake
[0.258s] -- Installing: /home/wl/Documents/detector/install/detector_startup/share/detector_startup/package.xml
[0.259s] Invoked command in '/home/wl/Documents/detector/build/detector_startup' returned '0': CMAKE_PREFIX_PATH=/opt/ros/foxy /usr/bin/cmake --install /home/wl/Documents/detector/build/detector_startup
