[0.190s] [34mcolcon[0m [1;30mDEBUG[0m [32mCommand line arguments: ['/usr/bin/colcon', 'build'][0m
[0.190s] [34mcolcon[0m [1;30mDEBUG[0m [32mParsed command line arguments: Namespace(allow_overriding=[], ament_cmake_args=None, base_paths=['.'], build_base='build', catkin_cmake_args=None, catkin_skip_building_tests=False, cmake_args=None, cmake_clean_cache=False, cmake_clean_first=False, cmake_force_configure=False, cmake_target=None, cmake_target_skip_unavailable=False, continue_on_error=False, event_handlers=None, executor='parallel', ignore_user_meta=False, install_base='install', log_base=None, log_level=None, main=<bound method BuildVerb.main of <colcon_core.verb.build.BuildVerb object at 0x7efe359ff5e0>>, merge_install=False, metas=['./colcon.meta'], mixin=None, mixin_files=None, mixin_verb=('build',), packages_above=None, packages_above_and_dependencies=None, packages_above_depth=None, packages_end=None, packages_ignore=None, packages_ignore_regex=None, packages_select=None, packages_select_build_failed=False, packages_select_by_dep=None, packages_select_regex=None, packages_select_test_failures=False, packages_skip=None, packages_skip_build_finished=False, packages_skip_by_dep=None, packages_skip_regex=None, packages_skip_test_passed=False, packages_skip_up_to=None, packages_start=None, packages_up_to=None, packages_up_to_regex=None, parallel_workers=16, paths=None, symlink_install=False, test_result_base=None, verb_extension=<colcon_core.verb.build.BuildVerb object at 0x7efe359ff5e0>, verb_name='build', verb_parser=<colcon_mixin.mixin.mixin_argument.MixinArgumentDecorator object at 0x7efe3589d730>)[0m
[0.321s] [34mcolcon.colcon_core.package_discovery[0m [1;30mLevel 1[0m discover_packages(colcon_meta) check parameters
[0.321s] [34mcolcon.colcon_core.package_discovery[0m [1;30mLevel 1[0m discover_packages(recursive) check parameters
[0.321s] [34mcolcon.colcon_core.package_discovery[0m [1;30mLevel 1[0m discover_packages(ignore) check parameters
[0.321s] [34mcolcon.colcon_core.package_discovery[0m [1;30mLevel 1[0m discover_packages(path) check parameters
[0.321s] [34mcolcon.colcon_core.package_discovery[0m [1;30mLevel 1[0m discover_packages(colcon_meta) discover
[0.321s] [34mcolcon.colcon_core.package_discovery[0m [1;30mLevel 1[0m discover_packages(recursive) discover
[0.321s] [34mcolcon.colcon_core.package_discovery[0m [1;30mINFO[0m Crawling recursively for packages in '/home/wl/Documents/detector'
[0.321s] [34mcolcon.colcon_core.package_identification[0m [1;30mLevel 1[0m _identify(.) by extensions ['ignore', 'ignore_ament_install']
[0.321s] [34mcolcon.colcon_core.package_identification[0m [1;30mLevel 1[0m _identify(.) by extension 'ignore'
[0.321s] [34mcolcon.colcon_core.package_identification[0m [1;30mLevel 1[0m _identify(.) by extension 'ignore_ament_install'
[0.321s] [34mcolcon.colcon_core.package_identification[0m [1;30mLevel 1[0m _identify(.) by extensions ['colcon_pkg']
[0.321s] [34mcolcon.colcon_core.package_identification[0m [1;30mLevel 1[0m _identify(.) by extension 'colcon_pkg'
[0.321s] [34mcolcon.colcon_core.package_identification[0m [1;30mLevel 1[0m _identify(.) by extensions ['colcon_meta']
[0.321s] [34mcolcon.colcon_core.package_identification[0m [1;30mLevel 1[0m _identify(.) by extension 'colcon_meta'
[0.321s] [34mcolcon.colcon_core.package_identification[0m [1;30mLevel 1[0m _identify(.) by extensions ['ros']
[0.321s] [34mcolcon.colcon_core.package_identification[0m [1;30mLevel 1[0m _identify(.) by extension 'ros'
[0.332s] [34mcolcon.colcon_core.package_identification[0m [1;30mLevel 1[0m _identify(.) by extensions ['cmake', 'python']
[0.332s] [34mcolcon.colcon_core.package_identification[0m [1;30mLevel 1[0m _identify(.) by extension 'cmake'
[0.332s] [34mcolcon.colcon_core.package_identification[0m [1;30mLevel 1[0m _identify(.) by extension 'python'
[0.332s] [34mcolcon.colcon_core.package_identification[0m [1;30mLevel 1[0m _identify(.) by extensions ['python_setup_py']
[0.332s] [34mcolcon.colcon_core.package_identification[0m [1;30mLevel 1[0m _identify(.) by extension 'python_setup_py'
[0.332s] [34mcolcon.colcon_core.package_identification[0m [1;30mLevel 1[0m _identify(build) by extensions ['ignore', 'ignore_ament_install']
[0.332s] [34mcolcon.colcon_core.package_identification[0m [1;30mLevel 1[0m _identify(build) by extension 'ignore'
[0.332s] [34mcolcon.colcon_core.package_identification[0m [1;30mLevel 1[0m _identify(build) ignored
[0.332s] [34mcolcon.colcon_core.package_identification[0m [1;30mLevel 1[0m _identify(install) by extensions ['ignore', 'ignore_ament_install']
[0.332s] [34mcolcon.colcon_core.package_identification[0m [1;30mLevel 1[0m _identify(install) by extension 'ignore'
[0.332s] [34mcolcon.colcon_core.package_identification[0m [1;30mLevel 1[0m _identify(install) ignored
[0.332s] [34mcolcon.colcon_core.package_identification[0m [1;30mLevel 1[0m _identify(log) by extensions ['ignore', 'ignore_ament_install']
[0.332s] [34mcolcon.colcon_core.package_identification[0m [1;30mLevel 1[0m _identify(log) by extension 'ignore'
[0.333s] [34mcolcon.colcon_core.package_identification[0m [1;30mLevel 1[0m _identify(log) ignored
[0.333s] [34mcolcon.colcon_core.package_identification[0m [1;30mLevel 1[0m _identify(src) by extensions ['ignore', 'ignore_ament_install']
[0.333s] [34mcolcon.colcon_core.package_identification[0m [1;30mLevel 1[0m _identify(src) by extension 'ignore'
[0.333s] [34mcolcon.colcon_core.package_identification[0m [1;30mLevel 1[0m _identify(src) by extension 'ignore_ament_install'
[0.333s] [34mcolcon.colcon_core.package_identification[0m [1;30mLevel 1[0m _identify(src) by extensions ['colcon_pkg']
[0.333s] [34mcolcon.colcon_core.package_identification[0m [1;30mLevel 1[0m _identify(src) by extension 'colcon_pkg'
[0.333s] [34mcolcon.colcon_core.package_identification[0m [1;30mLevel 1[0m _identify(src) by extensions ['colcon_meta']
[0.333s] [34mcolcon.colcon_core.package_identification[0m [1;30mLevel 1[0m _identify(src) by extension 'colcon_meta'
[0.333s] [34mcolcon.colcon_core.package_identification[0m [1;30mLevel 1[0m _identify(src) by extensions ['ros']
[0.333s] [34mcolcon.colcon_core.package_identification[0m [1;30mLevel 1[0m _identify(src) by extension 'ros'
[0.333s] [34mcolcon.colcon_core.package_identification[0m [1;30mLevel 1[0m _identify(src) by extensions ['cmake', 'python']
[0.333s] [34mcolcon.colcon_core.package_identification[0m [1;30mLevel 1[0m _identify(src) by extension 'cmake'
[0.333s] [34mcolcon.colcon_core.package_identification[0m [1;30mLevel 1[0m _identify(src) by extension 'python'
[0.333s] [34mcolcon.colcon_core.package_identification[0m [1;30mLevel 1[0m _identify(src) by extensions ['python_setup_py']
[0.333s] [34mcolcon.colcon_core.package_identification[0m [1;30mLevel 1[0m _identify(src) by extension 'python_setup_py'
[0.333s] [34mcolcon.colcon_core.package_identification[0m [1;30mLevel 1[0m _identify(src/camera_node) by extensions ['ignore', 'ignore_ament_install']
[0.333s] [34mcolcon.colcon_core.package_identification[0m [1;30mLevel 1[0m _identify(src/camera_node) by extension 'ignore'
[0.333s] [34mcolcon.colcon_core.package_identification[0m [1;30mLevel 1[0m _identify(src/camera_node) by extension 'ignore_ament_install'
[0.333s] [34mcolcon.colcon_core.package_identification[0m [1;30mLevel 1[0m _identify(src/camera_node) by extensions ['colcon_pkg']
[0.333s] [34mcolcon.colcon_core.package_identification[0m [1;30mLevel 1[0m _identify(src/camera_node) by extension 'colcon_pkg'
[0.333s] [34mcolcon.colcon_core.package_identification[0m [1;30mLevel 1[0m _identify(src/camera_node) by extensions ['colcon_meta']
[0.333s] [34mcolcon.colcon_core.package_identification[0m [1;30mLevel 1[0m _identify(src/camera_node) by extension 'colcon_meta'
[0.333s] [34mcolcon.colcon_core.package_identification[0m [1;30mLevel 1[0m _identify(src/camera_node) by extensions ['ros']
[0.333s] [34mcolcon.colcon_core.package_identification[0m [1;30mLevel 1[0m _identify(src/camera_node) by extension 'ros'
[0.336s] [34mcolcon.colcon_core.package_identification[0m [1;30mDEBUG[0m [32mPackage 'src/camera_node' with type 'ros.ament_cmake' and name 'camera_node'[0m
[0.336s] [34mcolcon.colcon_core.package_identification[0m [1;30mLevel 1[0m _identify(src/detector_startup) by extensions ['ignore', 'ignore_ament_install']
[0.336s] [34mcolcon.colcon_core.package_identification[0m [1;30mLevel 1[0m _identify(src/detector_startup) by extension 'ignore'
[0.336s] [34mcolcon.colcon_core.package_identification[0m [1;30mLevel 1[0m _identify(src/detector_startup) by extension 'ignore_ament_install'
[0.336s] [34mcolcon.colcon_core.package_identification[0m [1;30mLevel 1[0m _identify(src/detector_startup) by extensions ['colcon_pkg']
[0.336s] [34mcolcon.colcon_core.package_identification[0m [1;30mLevel 1[0m _identify(src/detector_startup) by extension 'colcon_pkg'
[0.336s] [34mcolcon.colcon_core.package_identification[0m [1;30mLevel 1[0m _identify(src/detector_startup) by extensions ['colcon_meta']
[0.336s] [34mcolcon.colcon_core.package_identification[0m [1;30mLevel 1[0m _identify(src/detector_startup) by extension 'colcon_meta'
[0.336s] [34mcolcon.colcon_core.package_identification[0m [1;30mLevel 1[0m _identify(src/detector_startup) by extensions ['ros']
[0.336s] [34mcolcon.colcon_core.package_identification[0m [1;30mLevel 1[0m _identify(src/detector_startup) by extension 'ros'
[0.337s] [34mcolcon.colcon_core.package_identification[0m [1;30mDEBUG[0m [32mPackage 'src/detector_startup' with type 'ros.ament_cmake' and name 'detector_startup'[0m
[0.337s] [34mcolcon.colcon_core.package_identification[0m [1;30mLevel 1[0m _identify(src/yolo_detector) by extensions ['ignore', 'ignore_ament_install']
[0.337s] [34mcolcon.colcon_core.package_identification[0m [1;30mLevel 1[0m _identify(src/yolo_detector) by extension 'ignore'
[0.337s] [34mcolcon.colcon_core.package_identification[0m [1;30mLevel 1[0m _identify(src/yolo_detector) by extension 'ignore_ament_install'
[0.337s] [34mcolcon.colcon_core.package_identification[0m [1;30mLevel 1[0m _identify(src/yolo_detector) by extensions ['colcon_pkg']
[0.337s] [34mcolcon.colcon_core.package_identification[0m [1;30mLevel 1[0m _identify(src/yolo_detector) by extension 'colcon_pkg'
[0.337s] [34mcolcon.colcon_core.package_identification[0m [1;30mLevel 1[0m _identify(src/yolo_detector) by extensions ['colcon_meta']
[0.337s] [34mcolcon.colcon_core.package_identification[0m [1;30mLevel 1[0m _identify(src/yolo_detector) by extension 'colcon_meta'
[0.337s] [34mcolcon.colcon_core.package_identification[0m [1;30mLevel 1[0m _identify(src/yolo_detector) by extensions ['ros']
[0.337s] [34mcolcon.colcon_core.package_identification[0m [1;30mLevel 1[0m _identify(src/yolo_detector) by extension 'ros'
[0.337s] [34mcolcon.colcon_core.package_identification[0m [1;30mDEBUG[0m [32mPackage 'src/yolo_detector' with type 'ros.ament_python' and name 'yolo_detector'[0m
[0.338s] [34mcolcon.colcon_core.package_discovery[0m [1;30mLevel 1[0m discover_packages(recursive) using defaults
[0.338s] [34mcolcon.colcon_core.package_discovery[0m [1;30mLevel 1[0m discover_packages(ignore) discover
[0.338s] [34mcolcon.colcon_core.package_discovery[0m [1;30mLevel 1[0m discover_packages(ignore) using defaults
[0.338s] [34mcolcon.colcon_core.package_discovery[0m [1;30mLevel 1[0m discover_packages(path) discover
[0.338s] [34mcolcon.colcon_core.package_discovery[0m [1;30mLevel 1[0m discover_packages(path) using defaults
[0.354s] [34mcolcon.colcon_core.package_discovery[0m [1;30mLevel 1[0m discover_packages(prefix_path) check parameters
[0.354s] [34mcolcon.colcon_core.package_discovery[0m [1;30mLevel 1[0m discover_packages(prefix_path) discover
[0.356s] [34mcolcon.colcon_installed_package_information.package_discovery[0m [1;30mDEBUG[0m [32mFound 256 installed packages in /opt/ros/foxy[0m
[0.357s] [34mcolcon.colcon_core.package_discovery[0m [1;30mLevel 1[0m discover_packages(prefix_path) using defaults
[0.400s] [34mcolcon.colcon_core.verb[0m [1;30mLevel 5[0m set package 'camera_node' build argument 'cmake_args' from command line to 'None'
[0.400s] [34mcolcon.colcon_core.verb[0m [1;30mLevel 5[0m set package 'camera_node' build argument 'cmake_target' from command line to 'None'
[0.401s] [34mcolcon.colcon_core.verb[0m [1;30mLevel 5[0m set package 'camera_node' build argument 'cmake_target_skip_unavailable' from command line to 'False'
[0.401s] [34mcolcon.colcon_core.verb[0m [1;30mLevel 5[0m set package 'camera_node' build argument 'cmake_clean_cache' from command line to 'False'
[0.401s] [34mcolcon.colcon_core.verb[0m [1;30mLevel 5[0m set package 'camera_node' build argument 'cmake_clean_first' from command line to 'False'
[0.401s] [34mcolcon.colcon_core.verb[0m [1;30mLevel 5[0m set package 'camera_node' build argument 'cmake_force_configure' from command line to 'False'
[0.401s] [34mcolcon.colcon_core.verb[0m [1;30mLevel 5[0m set package 'camera_node' build argument 'ament_cmake_args' from command line to 'None'
[0.401s] [34mcolcon.colcon_core.verb[0m [1;30mLevel 5[0m set package 'camera_node' build argument 'catkin_cmake_args' from command line to 'None'
[0.401s] [34mcolcon.colcon_core.verb[0m [1;30mLevel 5[0m set package 'camera_node' build argument 'catkin_skip_building_tests' from command line to 'False'
[0.401s] [34mcolcon.colcon_core.verb[0m [1;30mDEBUG[0m [32mBuilding package 'camera_node' with the following arguments: {'ament_cmake_args': None, 'build_base': '/home/wl/Documents/detector/build/camera_node', 'catkin_cmake_args': None, 'catkin_skip_building_tests': False, 'cmake_args': None, 'cmake_clean_cache': False, 'cmake_clean_first': False, 'cmake_force_configure': False, 'cmake_target': None, 'cmake_target_skip_unavailable': False, 'install_base': '/home/wl/Documents/detector/install/camera_node', 'merge_install': False, 'path': '/home/wl/Documents/detector/src/camera_node', 'symlink_install': False, 'test_result_base': None}[0m
[0.401s] [34mcolcon.colcon_core.verb[0m [1;30mLevel 5[0m set package 'detector_startup' build argument 'cmake_args' from command line to 'None'
[0.401s] [34mcolcon.colcon_core.verb[0m [1;30mLevel 5[0m set package 'detector_startup' build argument 'cmake_target' from command line to 'None'
[0.401s] [34mcolcon.colcon_core.verb[0m [1;30mLevel 5[0m set package 'detector_startup' build argument 'cmake_target_skip_unavailable' from command line to 'False'
[0.401s] [34mcolcon.colcon_core.verb[0m [1;30mLevel 5[0m set package 'detector_startup' build argument 'cmake_clean_cache' from command line to 'False'
[0.401s] [34mcolcon.colcon_core.verb[0m [1;30mLevel 5[0m set package 'detector_startup' build argument 'cmake_clean_first' from command line to 'False'
[0.401s] [34mcolcon.colcon_core.verb[0m [1;30mLevel 5[0m set package 'detector_startup' build argument 'cmake_force_configure' from command line to 'False'
[0.401s] [34mcolcon.colcon_core.verb[0m [1;30mLevel 5[0m set package 'detector_startup' build argument 'ament_cmake_args' from command line to 'None'
[0.401s] [34mcolcon.colcon_core.verb[0m [1;30mLevel 5[0m set package 'detector_startup' build argument 'catkin_cmake_args' from command line to 'None'
[0.401s] [34mcolcon.colcon_core.verb[0m [1;30mLevel 5[0m set package 'detector_startup' build argument 'catkin_skip_building_tests' from command line to 'False'
[0.401s] [34mcolcon.colcon_core.verb[0m [1;30mDEBUG[0m [32mBuilding package 'detector_startup' with the following arguments: {'ament_cmake_args': None, 'build_base': '/home/wl/Documents/detector/build/detector_startup', 'catkin_cmake_args': None, 'catkin_skip_building_tests': False, 'cmake_args': None, 'cmake_clean_cache': False, 'cmake_clean_first': False, 'cmake_force_configure': False, 'cmake_target': None, 'cmake_target_skip_unavailable': False, 'install_base': '/home/wl/Documents/detector/install/detector_startup', 'merge_install': False, 'path': '/home/wl/Documents/detector/src/detector_startup', 'symlink_install': False, 'test_result_base': None}[0m
[0.401s] [34mcolcon.colcon_core.verb[0m [1;30mLevel 5[0m set package 'yolo_detector' build argument 'cmake_args' from command line to 'None'
[0.401s] [34mcolcon.colcon_core.verb[0m [1;30mLevel 5[0m set package 'yolo_detector' build argument 'cmake_target' from command line to 'None'
[0.402s] [34mcolcon.colcon_core.verb[0m [1;30mLevel 5[0m set package 'yolo_detector' build argument 'cmake_target_skip_unavailable' from command line to 'False'
[0.402s] [34mcolcon.colcon_core.verb[0m [1;30mLevel 5[0m set package 'yolo_detector' build argument 'cmake_clean_cache' from command line to 'False'
[0.402s] [34mcolcon.colcon_core.verb[0m [1;30mLevel 5[0m set package 'yolo_detector' build argument 'cmake_clean_first' from command line to 'False'
[0.402s] [34mcolcon.colcon_core.verb[0m [1;30mLevel 5[0m set package 'yolo_detector' build argument 'cmake_force_configure' from command line to 'False'
[0.402s] [34mcolcon.colcon_core.verb[0m [1;30mLevel 5[0m set package 'yolo_detector' build argument 'ament_cmake_args' from command line to 'None'
[0.402s] [34mcolcon.colcon_core.verb[0m [1;30mLevel 5[0m set package 'yolo_detector' build argument 'catkin_cmake_args' from command line to 'None'
[0.402s] [34mcolcon.colcon_core.verb[0m [1;30mLevel 5[0m set package 'yolo_detector' build argument 'catkin_skip_building_tests' from command line to 'False'
[0.402s] [34mcolcon.colcon_core.verb[0m [1;30mDEBUG[0m [32mBuilding package 'yolo_detector' with the following arguments: {'ament_cmake_args': None, 'build_base': '/home/wl/Documents/detector/build/yolo_detector', 'catkin_cmake_args': None, 'catkin_skip_building_tests': False, 'cmake_args': None, 'cmake_clean_cache': False, 'cmake_clean_first': False, 'cmake_force_configure': False, 'cmake_target': None, 'cmake_target_skip_unavailable': False, 'install_base': '/home/wl/Documents/detector/install/yolo_detector', 'merge_install': False, 'path': '/home/wl/Documents/detector/src/yolo_detector', 'symlink_install': False, 'test_result_base': None}[0m
[0.402s] [34mcolcon.colcon_core.executor[0m [1;30mINFO[0m Executing jobs using 'parallel' executor
[0.402s] [34mcolcon.colcon_parallel_executor.executor.parallel[0m [1;30mDEBUG[0m [32mrun_until_complete[0m
[0.403s] [34mcolcon.colcon_ros.task.ament_cmake.build[0m [1;30mINFO[0m Building ROS package in '/home/wl/Documents/detector/src/camera_node' with build type 'ament_cmake'
[0.403s] [34mcolcon.colcon_cmake.task.cmake.build[0m [1;30mINFO[0m Building CMake package in '/home/wl/Documents/detector/src/camera_node'
[0.404s] [34mcolcon.colcon_core.plugin_system[0m [1;30mINFO[0m Skipping extension 'colcon_core.shell.bat': Not used on non-Windows systems
[0.404s] [34mcolcon.colcon_core.shell[0m [1;30mINFO[0m Skip shell extension 'powershell' for command environment: Not usable outside of PowerShell
[0.404s] [34mcolcon.colcon_core.shell[0m [1;30mDEBUG[0m [32mSkip shell extension 'dsv' for command environment[0m
[0.407s] [34mcolcon.colcon_ros.task.ament_cmake.build[0m [1;30mINFO[0m Building ROS package in '/home/wl/Documents/detector/src/detector_startup' with build type 'ament_cmake'
[0.407s] [34mcolcon.colcon_cmake.task.cmake.build[0m [1;30mINFO[0m Building CMake package in '/home/wl/Documents/detector/src/detector_startup'
[0.408s] [34mcolcon.colcon_core.shell[0m [1;30mINFO[0m Skip shell extension 'powershell' for command environment: Not usable outside of PowerShell
[0.408s] [34mcolcon.colcon_core.shell[0m [1;30mDEBUG[0m [32mSkip shell extension 'dsv' for command environment[0m
[0.412s] [34mcolcon.colcon_ros.task.ament_python.build[0m [1;30mINFO[0m Building ROS package in '/home/wl/Documents/detector/src/yolo_detector' with build type 'ament_python'
[0.412s] [34mcolcon.colcon_core.shell[0m [1;30mLevel 1[0m create_environment_hook('yolo_detector', 'ament_prefix_path')
[0.413s] [34mcolcon.colcon_core.shell[0m [1;30mINFO[0m Creating environment hook '/home/wl/Documents/detector/install/yolo_detector/share/yolo_detector/hook/ament_prefix_path.ps1'
[0.414s] [34mcolcon.colcon_core.shell[0m [1;30mINFO[0m Creating environment descriptor '/home/wl/Documents/detector/install/yolo_detector/share/yolo_detector/hook/ament_prefix_path.dsv'
[0.414s] [34mcolcon.colcon_core.shell[0m [1;30mINFO[0m Creating environment hook '/home/wl/Documents/detector/install/yolo_detector/share/yolo_detector/hook/ament_prefix_path.sh'
[0.415s] [34mcolcon.colcon_core.shell[0m [1;30mINFO[0m Skip shell extension 'powershell' for command environment: Not usable outside of PowerShell
[0.415s] [34mcolcon.colcon_core.shell[0m [1;30mDEBUG[0m [32mSkip shell extension 'dsv' for command environment[0m
[0.422s] [34mcolcon.colcon_core.event_handler.log_command[0m [1;30mDEBUG[0m [32mInvoking command in '/home/wl/Documents/detector/build/camera_node': CMAKE_PREFIX_PATH=/opt/ros/foxy /usr/bin/cmake /home/wl/Documents/detector/src/camera_node -DCMAKE_INSTALL_PREFIX=/home/wl/Documents/detector/install/camera_node[0m
[0.426s] [34mcolcon.colcon_core.event_handler.log_command[0m [1;30mDEBUG[0m [32mInvoking command in '/home/wl/Documents/detector/build/detector_startup': CMAKE_PREFIX_PATH=/opt/ros/foxy /usr/bin/cmake --build /home/wl/Documents/detector/build/detector_startup -- -j16 -l16[0m
[0.631s] [34mcolcon.colcon_core.task.python.build[0m [1;30mINFO[0m Building Python package in '/home/wl/Documents/detector/src/yolo_detector'
[0.632s] [34mcolcon.colcon_core.shell[0m [1;30mINFO[0m Skip shell extension 'powershell' for command environment: Not usable outside of PowerShell
[0.632s] [34mcolcon.colcon_core.shell[0m [1;30mDEBUG[0m [32mSkip shell extension 'dsv' for command environment[0m
[0.636s] [34mcolcon.colcon_core.event_handler.log_command[0m [1;30mDEBUG[0m [32mInvoked command in '/home/wl/Documents/detector/build/detector_startup' returned '0': CMAKE_PREFIX_PATH=/opt/ros/foxy /usr/bin/cmake --build /home/wl/Documents/detector/build/detector_startup -- -j16 -l16[0m
[0.656s] [34mcolcon.colcon_core.event_handler.log_command[0m [1;30mDEBUG[0m [32mInvoking command in '/home/wl/Documents/detector/build/detector_startup': CMAKE_PREFIX_PATH=/opt/ros/foxy /usr/bin/cmake --install /home/wl/Documents/detector/build/detector_startup[0m
[0.666s] [34mcolcon.colcon_core.environment[0m [1;30mLevel 1[0m create_environment_scripts_only(detector_startup)
[0.667s] [34mcolcon.colcon_core.event_handler.log_command[0m [1;30mDEBUG[0m [32mInvoked command in '/home/wl/Documents/detector/build/detector_startup' returned '0': CMAKE_PREFIX_PATH=/opt/ros/foxy /usr/bin/cmake --install /home/wl/Documents/detector/build/detector_startup[0m
[0.668s] [34mcolcon.colcon_core.environment[0m [1;30mLevel 1[0m checking '/home/wl/Documents/detector/install/detector_startup' for CMake module files
[0.669s] [34mcolcon.colcon_core.environment[0m [1;30mLevel 1[0m checking '/home/wl/Documents/detector/install/detector_startup' for CMake config files
[0.669s] [34mcolcon.colcon_core.shell[0m [1;30mLevel 1[0m create_environment_hook('detector_startup', 'cmake_prefix_path')
[0.669s] [34mcolcon.colcon_core.shell[0m [1;30mINFO[0m Creating environment hook '/home/wl/Documents/detector/install/detector_startup/share/detector_startup/hook/cmake_prefix_path.ps1'
[0.669s] [34mcolcon.colcon_core.shell[0m [1;30mINFO[0m Creating environment descriptor '/home/wl/Documents/detector/install/detector_startup/share/detector_startup/hook/cmake_prefix_path.dsv'
[0.670s] [34mcolcon.colcon_core.shell[0m [1;30mINFO[0m Creating environment hook '/home/wl/Documents/detector/install/detector_startup/share/detector_startup/hook/cmake_prefix_path.sh'
[0.670s] [34mcolcon.colcon_core.environment[0m [1;30mLevel 1[0m checking '/home/wl/Documents/detector/install/detector_startup/bin'
[0.670s] [34mcolcon.colcon_core.environment[0m [1;30mLevel 1[0m checking '/home/wl/Documents/detector/install/detector_startup/lib/pkgconfig/detector_startup.pc'
[0.670s] [34mcolcon.colcon_core.environment[0m [1;30mLevel 1[0m checking '/home/wl/Documents/detector/install/detector_startup/lib/python3.8/site-packages'
[0.671s] [34mcolcon.colcon_core.environment[0m [1;30mLevel 1[0m checking '/home/wl/Documents/detector/install/detector_startup/bin'
[0.671s] [34mcolcon.colcon_core.shell[0m [1;30mINFO[0m Creating package script '/home/wl/Documents/detector/install/detector_startup/share/detector_startup/package.ps1'
[0.671s] [34mcolcon.colcon_core.shell[0m [1;30mINFO[0m Creating package descriptor '/home/wl/Documents/detector/install/detector_startup/share/detector_startup/package.dsv'
[0.672s] [34mcolcon.colcon_core.shell[0m [1;30mINFO[0m Creating package script '/home/wl/Documents/detector/install/detector_startup/share/detector_startup/package.sh'
[0.672s] [34mcolcon.colcon_core.shell[0m [1;30mINFO[0m Creating package script '/home/wl/Documents/detector/install/detector_startup/share/detector_startup/package.bash'
[0.673s] [34mcolcon.colcon_core.shell[0m [1;30mINFO[0m Creating package script '/home/wl/Documents/detector/install/detector_startup/share/detector_startup/package.zsh'
[0.673s] [34mcolcon.colcon_core.environment[0m [1;30mLevel 1[0m create_file_with_runtime_dependencies(/home/wl/Documents/detector/install/detector_startup/share/colcon-core/packages/detector_startup)
[0.687s] [34mcolcon.colcon_core.environment[0m [1;30mLevel 1[0m create_environment_scripts_only(detector_startup)
[0.687s] [34mcolcon.colcon_core.environment[0m [1;30mLevel 1[0m checking '/home/wl/Documents/detector/install/detector_startup' for CMake module files
[0.687s] [34mcolcon.colcon_core.environment[0m [1;30mLevel 1[0m checking '/home/wl/Documents/detector/install/detector_startup' for CMake config files
[0.688s] [34mcolcon.colcon_core.shell[0m [1;30mLevel 1[0m create_environment_hook('detector_startup', 'cmake_prefix_path')
[0.688s] [34mcolcon.colcon_core.shell[0m [1;30mINFO[0m Creating environment hook '/home/wl/Documents/detector/install/detector_startup/share/detector_startup/hook/cmake_prefix_path.ps1'
[0.688s] [34mcolcon.colcon_core.shell[0m [1;30mINFO[0m Creating environment descriptor '/home/wl/Documents/detector/install/detector_startup/share/detector_startup/hook/cmake_prefix_path.dsv'
[0.688s] [34mcolcon.colcon_core.shell[0m [1;30mINFO[0m Creating environment hook '/home/wl/Documents/detector/install/detector_startup/share/detector_startup/hook/cmake_prefix_path.sh'
[0.689s] [34mcolcon.colcon_core.environment[0m [1;30mLevel 1[0m checking '/home/wl/Documents/detector/install/detector_startup/bin'
[0.689s] [34mcolcon.colcon_core.environment[0m [1;30mLevel 1[0m checking '/home/wl/Documents/detector/install/detector_startup/lib/pkgconfig/detector_startup.pc'
[0.689s] [34mcolcon.colcon_core.environment[0m [1;30mLevel 1[0m checking '/home/wl/Documents/detector/install/detector_startup/lib/python3.8/site-packages'
[0.689s] [34mcolcon.colcon_core.environment[0m [1;30mLevel 1[0m checking '/home/wl/Documents/detector/install/detector_startup/bin'
[0.689s] [34mcolcon.colcon_core.shell[0m [1;30mINFO[0m Creating package script '/home/wl/Documents/detector/install/detector_startup/share/detector_startup/package.ps1'
[0.690s] [34mcolcon.colcon_core.shell[0m [1;30mINFO[0m Creating package descriptor '/home/wl/Documents/detector/install/detector_startup/share/detector_startup/package.dsv'
[0.690s] [34mcolcon.colcon_core.shell[0m [1;30mINFO[0m Creating package script '/home/wl/Documents/detector/install/detector_startup/share/detector_startup/package.sh'
[0.690s] [34mcolcon.colcon_core.shell[0m [1;30mINFO[0m Creating package script '/home/wl/Documents/detector/install/detector_startup/share/detector_startup/package.bash'
[0.691s] [34mcolcon.colcon_core.shell[0m [1;30mINFO[0m Creating package script '/home/wl/Documents/detector/install/detector_startup/share/detector_startup/package.zsh'
[0.691s] [34mcolcon.colcon_core.environment[0m [1;30mLevel 1[0m create_file_with_runtime_dependencies(/home/wl/Documents/detector/install/detector_startup/share/colcon-core/packages/detector_startup)
[0.967s] [34mcolcon.colcon_core.event_handler.log_command[0m [1;30mDEBUG[0m [32mInvoking command in '/home/wl/Documents/detector/src/yolo_detector': PYTHONPATH=/home/wl/Documents/detector/build/yolo_detector/prefix_override:/usr/lib/python3/dist-packages/colcon_core/task/python/colcon_distutils_commands:/home/wl/Documents/detector/install/yolo_detector/lib/python3.8/site-packages:${PYTHONPATH} /usr/bin/python3 -W ignore:setup.py install is deprecated setup.py egg_info --egg-base ../../build/yolo_detector build --build-base /home/wl/Documents/detector/build/yolo_detector/build install --record /home/wl/Documents/detector/build/yolo_detector/install.log --install-scripts $base/lib/yolo_detector --single-version-externally-managed install_data[0m
[1.201s] [34mcolcon.colcon_core.environment[0m [1;30mLevel 1[0m checking '/home/wl/Documents/detector/install/yolo_detector' for CMake module files
[1.201s] [34mcolcon.colcon_core.event_handler.log_command[0m [1;30mDEBUG[0m [32mInvoked command in '/home/wl/Documents/detector/src/yolo_detector' returned '0': PYTHONPATH=/home/wl/Documents/detector/build/yolo_detector/prefix_override:/usr/lib/python3/dist-packages/colcon_core/task/python/colcon_distutils_commands:/home/wl/Documents/detector/install/yolo_detector/lib/python3.8/site-packages:${PYTHONPATH} /usr/bin/python3 -W ignore:setup.py install is deprecated setup.py egg_info --egg-base ../../build/yolo_detector build --build-base /home/wl/Documents/detector/build/yolo_detector/build install --record /home/wl/Documents/detector/build/yolo_detector/install.log --install-scripts $base/lib/yolo_detector --single-version-externally-managed install_data[0m
[1.202s] [34mcolcon.colcon_core.environment[0m [1;30mLevel 1[0m checking '/home/wl/Documents/detector/install/yolo_detector' for CMake config files
[1.202s] [34mcolcon.colcon_core.environment[0m [1;30mLevel 1[0m checking '/home/wl/Documents/detector/install/yolo_detector/lib'
[1.202s] [34mcolcon.colcon_core.environment[0m [1;30mLevel 1[0m checking '/home/wl/Documents/detector/install/yolo_detector/bin'
[1.202s] [34mcolcon.colcon_core.environment[0m [1;30mLevel 1[0m checking '/home/wl/Documents/detector/install/yolo_detector/lib/pkgconfig/yolo_detector.pc'
[1.203s] [34mcolcon.colcon_core.environment[0m [1;30mLevel 1[0m checking '/home/wl/Documents/detector/install/yolo_detector/lib/python3.8/site-packages'
[1.203s] [34mcolcon.colcon_core.shell[0m [1;30mLevel 1[0m create_environment_hook('yolo_detector', 'pythonpath')
[1.203s] [34mcolcon.colcon_core.shell[0m [1;30mINFO[0m Creating environment hook '/home/wl/Documents/detector/install/yolo_detector/share/yolo_detector/hook/pythonpath.ps1'
[1.203s] [34mcolcon.colcon_core.shell[0m [1;30mINFO[0m Creating environment descriptor '/home/wl/Documents/detector/install/yolo_detector/share/yolo_detector/hook/pythonpath.dsv'
[1.204s] [34mcolcon.colcon_core.shell[0m [1;30mINFO[0m Creating environment hook '/home/wl/Documents/detector/install/yolo_detector/share/yolo_detector/hook/pythonpath.sh'
[1.204s] [34mcolcon.colcon_core.environment[0m [1;30mLevel 1[0m checking '/home/wl/Documents/detector/install/yolo_detector/bin'
[1.204s] [34mcolcon.colcon_core.environment[0m [1;30mLevel 1[0m create_environment_scripts_only(yolo_detector)
[1.204s] [34mcolcon.colcon_core.shell[0m [1;30mINFO[0m Creating package script '/home/wl/Documents/detector/install/yolo_detector/share/yolo_detector/package.ps1'
[1.205s] [34mcolcon.colcon_core.shell[0m [1;30mINFO[0m Creating package descriptor '/home/wl/Documents/detector/install/yolo_detector/share/yolo_detector/package.dsv'
[1.205s] [34mcolcon.colcon_core.shell[0m [1;30mINFO[0m Creating package script '/home/wl/Documents/detector/install/yolo_detector/share/yolo_detector/package.sh'
[1.206s] [34mcolcon.colcon_core.shell[0m [1;30mINFO[0m Creating package script '/home/wl/Documents/detector/install/yolo_detector/share/yolo_detector/package.bash'
[1.206s] [34mcolcon.colcon_core.shell[0m [1;30mINFO[0m Creating package script '/home/wl/Documents/detector/install/yolo_detector/share/yolo_detector/package.zsh'
[1.206s] [34mcolcon.colcon_core.environment[0m [1;30mLevel 1[0m create_file_with_runtime_dependencies(/home/wl/Documents/detector/install/yolo_detector/share/colcon-core/packages/yolo_detector)
[1.668s] [34mcolcon.colcon_core.event_handler.log_command[0m [1;30mDEBUG[0m [32mInvoked command in '/home/wl/Documents/detector/build/camera_node' returned '0': CMAKE_PREFIX_PATH=/opt/ros/foxy /usr/bin/cmake /home/wl/Documents/detector/src/camera_node -DCMAKE_INSTALL_PREFIX=/home/wl/Documents/detector/install/camera_node[0m
[1.668s] [34mcolcon.colcon_core.event_handler.log_command[0m [1;30mDEBUG[0m [32mInvoking command in '/home/wl/Documents/detector/build/camera_node': CMAKE_PREFIX_PATH=/opt/ros/foxy /usr/bin/cmake --build /home/wl/Documents/detector/build/camera_node -- -j16 -l16[0m
[5.503s] [34mcolcon.colcon_core.event_handler.log_command[0m [1;30mDEBUG[0m [32mInvoked command in '/home/wl/Documents/detector/build/camera_node' returned '0': CMAKE_PREFIX_PATH=/opt/ros/foxy /usr/bin/cmake --build /home/wl/Documents/detector/build/camera_node -- -j16 -l16[0m
[5.518s] [34mcolcon.colcon_core.event_handler.log_command[0m [1;30mDEBUG[0m [32mInvoking command in '/home/wl/Documents/detector/build/camera_node': CMAKE_PREFIX_PATH=/opt/ros/foxy /usr/bin/cmake --install /home/wl/Documents/detector/build/camera_node[0m
[5.528s] [34mcolcon.colcon_core.environment[0m [1;30mLevel 1[0m create_environment_scripts_only(camera_node)
[5.528s] [34mcolcon.colcon_core.environment[0m [1;30mLevel 1[0m checking '/home/wl/Documents/detector/install/camera_node' for CMake module files
[5.529s] [34mcolcon.colcon_core.event_handler.log_command[0m [1;30mDEBUG[0m [32mInvoked command in '/home/wl/Documents/detector/build/camera_node' returned '0': CMAKE_PREFIX_PATH=/opt/ros/foxy /usr/bin/cmake --install /home/wl/Documents/detector/build/camera_node[0m
[5.529s] [34mcolcon.colcon_core.environment[0m [1;30mLevel 1[0m checking '/home/wl/Documents/detector/install/camera_node' for CMake config files
[5.529s] [34mcolcon.colcon_core.shell[0m [1;30mLevel 1[0m create_environment_hook('camera_node', 'cmake_prefix_path')
[5.530s] [34mcolcon.colcon_core.shell[0m [1;30mINFO[0m Creating environment hook '/home/wl/Documents/detector/install/camera_node/share/camera_node/hook/cmake_prefix_path.ps1'
[5.530s] [34mcolcon.colcon_core.shell[0m [1;30mINFO[0m Creating environment descriptor '/home/wl/Documents/detector/install/camera_node/share/camera_node/hook/cmake_prefix_path.dsv'
[5.530s] [34mcolcon.colcon_core.shell[0m [1;30mINFO[0m Creating environment hook '/home/wl/Documents/detector/install/camera_node/share/camera_node/hook/cmake_prefix_path.sh'
[5.531s] [34mcolcon.colcon_core.environment[0m [1;30mLevel 1[0m checking '/home/wl/Documents/detector/install/camera_node/lib'
[5.531s] [34mcolcon.colcon_core.environment[0m [1;30mLevel 1[0m checking '/home/wl/Documents/detector/install/camera_node/bin'
[5.531s] [34mcolcon.colcon_core.environment[0m [1;30mLevel 1[0m checking '/home/wl/Documents/detector/install/camera_node/lib/pkgconfig/camera_node.pc'
[5.531s] [34mcolcon.colcon_core.environment[0m [1;30mLevel 1[0m checking '/home/wl/Documents/detector/install/camera_node/lib/python3.8/site-packages'
[5.531s] [34mcolcon.colcon_core.environment[0m [1;30mLevel 1[0m checking '/home/wl/Documents/detector/install/camera_node/bin'
[5.531s] [34mcolcon.colcon_core.shell[0m [1;30mINFO[0m Creating package script '/home/wl/Documents/detector/install/camera_node/share/camera_node/package.ps1'
[5.531s] [34mcolcon.colcon_core.shell[0m [1;30mINFO[0m Creating package descriptor '/home/wl/Documents/detector/install/camera_node/share/camera_node/package.dsv'
[5.532s] [34mcolcon.colcon_core.shell[0m [1;30mINFO[0m Creating package script '/home/wl/Documents/detector/install/camera_node/share/camera_node/package.sh'
[5.532s] [34mcolcon.colcon_core.shell[0m [1;30mINFO[0m Creating package script '/home/wl/Documents/detector/install/camera_node/share/camera_node/package.bash'
[5.532s] [34mcolcon.colcon_core.shell[0m [1;30mINFO[0m Creating package script '/home/wl/Documents/detector/install/camera_node/share/camera_node/package.zsh'
[5.533s] [34mcolcon.colcon_core.environment[0m [1;30mLevel 1[0m create_file_with_runtime_dependencies(/home/wl/Documents/detector/install/camera_node/share/colcon-core/packages/camera_node)
[5.547s] [34mcolcon.colcon_core.environment[0m [1;30mLevel 1[0m create_environment_scripts_only(camera_node)
[5.547s] [34mcolcon.colcon_core.environment[0m [1;30mLevel 1[0m checking '/home/wl/Documents/detector/install/camera_node' for CMake module files
[5.548s] [34mcolcon.colcon_core.environment[0m [1;30mLevel 1[0m checking '/home/wl/Documents/detector/install/camera_node' for CMake config files
[5.548s] [34mcolcon.colcon_core.shell[0m [1;30mLevel 1[0m create_environment_hook('camera_node', 'cmake_prefix_path')
[5.548s] [34mcolcon.colcon_core.shell[0m [1;30mINFO[0m Creating environment hook '/home/wl/Documents/detector/install/camera_node/share/camera_node/hook/cmake_prefix_path.ps1'
[5.548s] [34mcolcon.colcon_core.shell[0m [1;30mINFO[0m Creating environment descriptor '/home/wl/Documents/detector/install/camera_node/share/camera_node/hook/cmake_prefix_path.dsv'
[5.549s] [34mcolcon.colcon_core.shell[0m [1;30mINFO[0m Creating environment hook '/home/wl/Documents/detector/install/camera_node/share/camera_node/hook/cmake_prefix_path.sh'
[5.549s] [34mcolcon.colcon_core.environment[0m [1;30mLevel 1[0m checking '/home/wl/Documents/detector/install/camera_node/lib'
[5.549s] [34mcolcon.colcon_core.environment[0m [1;30mLevel 1[0m checking '/home/wl/Documents/detector/install/camera_node/bin'
[5.549s] [34mcolcon.colcon_core.environment[0m [1;30mLevel 1[0m checking '/home/wl/Documents/detector/install/camera_node/lib/pkgconfig/camera_node.pc'
[5.549s] [34mcolcon.colcon_core.environment[0m [1;30mLevel 1[0m checking '/home/wl/Documents/detector/install/camera_node/lib/python3.8/site-packages'
[5.550s] [34mcolcon.colcon_core.environment[0m [1;30mLevel 1[0m checking '/home/wl/Documents/detector/install/camera_node/bin'
[5.550s] [34mcolcon.colcon_core.shell[0m [1;30mINFO[0m Creating package script '/home/wl/Documents/detector/install/camera_node/share/camera_node/package.ps1'
[5.550s] [34mcolcon.colcon_core.shell[0m [1;30mINFO[0m Creating package descriptor '/home/wl/Documents/detector/install/camera_node/share/camera_node/package.dsv'
[5.550s] [34mcolcon.colcon_core.shell[0m [1;30mINFO[0m Creating package script '/home/wl/Documents/detector/install/camera_node/share/camera_node/package.sh'
[5.551s] [34mcolcon.colcon_core.shell[0m [1;30mINFO[0m Creating package script '/home/wl/Documents/detector/install/camera_node/share/camera_node/package.bash'
[5.551s] [34mcolcon.colcon_core.shell[0m [1;30mINFO[0m Creating package script '/home/wl/Documents/detector/install/camera_node/share/camera_node/package.zsh'
[5.551s] [34mcolcon.colcon_core.environment[0m [1;30mLevel 1[0m create_file_with_runtime_dependencies(/home/wl/Documents/detector/install/camera_node/share/colcon-core/packages/camera_node)
[5.552s] [34mcolcon.colcon_parallel_executor.executor.parallel[0m [1;30mDEBUG[0m [32mclosing loop[0m
[5.552s] [34mcolcon.colcon_parallel_executor.executor.parallel[0m [1;30mDEBUG[0m [32mloop closed[0m
[5.552s] [34mcolcon.colcon_parallel_executor.executor.parallel[0m [1;30mDEBUG[0m [32mrun_until_complete finished with '0'[0m
[5.552s] [34mcolcon.colcon_core.event_reactor[0m [1;30mDEBUG[0m [32mjoining thread[0m
[5.556s] [34mcolcon.colcon_core.plugin_system[0m [1;30mINFO[0m Skipping extension 'colcon_notification.desktop_notification.terminal_notifier': Not used on non-Darwin systems
[5.556s] [34mcolcon.colcon_core.plugin_system[0m [1;30mINFO[0m Skipping extension 'colcon_notification.desktop_notification.win32': Not used on non-Windows systems
[5.556s] [34mcolcon.colcon_notification.desktop_notification[0m [1;30mINFO[0m Sending desktop notification using 'notify2'
[5.566s] [34mcolcon.colcon_core.event_reactor[0m [1;30mDEBUG[0m [32mjoined thread[0m
[5.566s] [34mcolcon.colcon_core.shell[0m [1;30mINFO[0m Creating prefix script '/home/wl/Documents/detector/install/local_setup.ps1'
[5.567s] [34mcolcon.colcon_core.shell[0m [1;30mINFO[0m Creating prefix util module '/home/wl/Documents/detector/install/_local_setup_util_ps1.py'
[5.568s] [34mcolcon.colcon_core.shell[0m [1;30mINFO[0m Creating prefix chain script '/home/wl/Documents/detector/install/setup.ps1'
[5.569s] [34mcolcon.colcon_core.shell[0m [1;30mINFO[0m Creating prefix script '/home/wl/Documents/detector/install/local_setup.sh'
[5.569s] [34mcolcon.colcon_core.shell[0m [1;30mINFO[0m Creating prefix util module '/home/wl/Documents/detector/install/_local_setup_util_sh.py'
[5.570s] [34mcolcon.colcon_core.shell[0m [1;30mINFO[0m Creating prefix chain script '/home/wl/Documents/detector/install/setup.sh'
[5.570s] [34mcolcon.colcon_core.shell[0m [1;30mINFO[0m Creating prefix script '/home/wl/Documents/detector/install/local_setup.bash'
[5.571s] [34mcolcon.colcon_core.shell[0m [1;30mINFO[0m Creating prefix chain script '/home/wl/Documents/detector/install/setup.bash'
[5.571s] [34mcolcon.colcon_core.shell[0m [1;30mINFO[0m Creating prefix script '/home/wl/Documents/detector/install/local_setup.zsh'
[5.572s] [34mcolcon.colcon_core.shell[0m [1;30mINFO[0m Creating prefix chain script '/home/wl/Documents/detector/install/setup.zsh'
