[ 50%] [32mBuilding CXX object CMakeFiles/camera_node.dir/src/camera_node.cpp.o[0m
[01m[K/home/wl/Documents/detector/src/camera_node/src/camera_node.cpp:[m[K In constructor ‘[01m[KCameraNode::CameraNode()[m[K’:
[01m[K/home/wl/Documents/detector/src/camera_node/src/camera_node.cpp:31:13:[m[K [01;35m[Kwarning: [m[Kunused variable ‘[01m[Ktempint[m[K’ [[01;35m[K-Wunused-variable[m[K]
   31 |         int [01;35m[Ktempint[m[K = 10;
      |             [01;35m[K^~~~~~~[m[K
[100%] [32m[1mLinking CXX executable camera_node[0m
[100%] Built target camera_node
-- Install configuration: ""
-- Installing: /home/wl/Documents/detector/install/camera_node/lib/camera_node/camera_node
-- Set non-toolchain portion of runtime path of "/home/wl/Documents/detector/install/camera_node/lib/camera_node/camera_node" to ""
-- Up-to-date: /home/wl/Documents/detector/install/camera_node/share/ament_index/resource_index/package_run_dependencies/camera_node
-- Up-to-date: /home/wl/Documents/detector/install/camera_node/share/ament_index/resource_index/parent_prefix_path/camera_node
-- Up-to-date: /home/wl/Documents/detector/install/camera_node/share/camera_node/environment/ament_prefix_path.sh
-- Up-to-date: /home/wl/Documents/detector/install/camera_node/share/camera_node/environment/ament_prefix_path.dsv
-- Up-to-date: /home/wl/Documents/detector/install/camera_node/share/camera_node/environment/path.sh
-- Up-to-date: /home/wl/Documents/detector/install/camera_node/share/camera_node/environment/path.dsv
-- Up-to-date: /home/wl/Documents/detector/install/camera_node/share/camera_node/local_setup.bash
-- Up-to-date: /home/wl/Documents/detector/install/camera_node/share/camera_node/local_setup.sh
-- Up-to-date: /home/wl/Documents/detector/install/camera_node/share/camera_node/local_setup.zsh
-- Up-to-date: /home/wl/Documents/detector/install/camera_node/share/camera_node/local_setup.dsv
-- Installing: /home/wl/Documents/detector/install/camera_node/share/camera_node/package.dsv
-- Up-to-date: /home/wl/Documents/detector/install/camera_node/share/ament_index/resource_index/packages/camera_node
-- Up-to-date: /home/wl/Documents/detector/install/camera_node/share/camera_node/cmake/camera_nodeConfig.cmake
-- Up-to-date: /home/wl/Documents/detector/install/camera_node/share/camera_node/cmake/camera_nodeConfig-version.cmake
-- Up-to-date: /home/wl/Documents/detector/install/camera_node/share/camera_node/package.xml
