[0.014s] Invoking command in '/home/wl/Documents/detector/build/camera_node': CMAKE_PREFIX_PATH=${CMAKE_PREFIX_PATH}:/home/wl/Documents/detector/install/yolo_detector:/opt/ros/foxy CONDA_PROMPT_MODIFIER=(yolov10) /home/wl/anaconda3/envs/yolov10/bin/cmake --build /home/wl/Documents/detector/build/camera_node -- -j16 -l16
[0.089s] [ 50%] [32mBuilding CXX object CMakeFiles/camera_node.dir/src/camera_node.cpp.o[0m
[2.244s] [01m[K/home/wl/Documents/detector/src/camera_node/src/camera_node.cpp:[m[K In constructor ‘[01m[KCameraNode::CameraNode()[m[K’:
[2.244s] [01m[K/home/wl/Documents/detector/src/camera_node/src/camera_node.cpp:31:13:[m[K [01;35m[Kwarning: [m[Kunused variable ‘[01m[Ktempint[m[K’ [[01;35m[K-Wunused-variable[m[K]
[2.244s]    31 |         int [01;35m[Ktempint[m[K = 10;
[2.244s]       |             [01;35m[K^~~~~~~[m[K
[3.798s] [100%] [32m[1mLinking CXX executable camera_node[0m
[4.221s] [100%] Built target camera_node
[4.236s] Invoked command in '/home/wl/Documents/detector/build/camera_node' returned '0': CMAKE_PREFIX_PATH=${CMAKE_PREFIX_PATH}:/home/wl/Documents/detector/install/yolo_detector:/opt/ros/foxy CONDA_PROMPT_MODIFIER=(yolov10) /home/wl/anaconda3/envs/yolov10/bin/cmake --build /home/wl/Documents/detector/build/camera_node -- -j16 -l16
[4.353s] Invoking command in '/home/wl/Documents/detector/build/camera_node': CMAKE_PREFIX_PATH=${CMAKE_PREFIX_PATH}:/home/wl/Documents/detector/install/yolo_detector:/opt/ros/foxy CONDA_PROMPT_MODIFIER=(yolov10) /home/wl/anaconda3/envs/yolov10/bin/cmake --install /home/wl/Documents/detector/build/camera_node
[4.395s] -- Install configuration: ""
[4.396s] -- Installing: /home/wl/Documents/detector/install/camera_node/lib/camera_node/camera_node
[4.396s] -- Set non-toolchain portion of runtime path of "/home/wl/Documents/detector/install/camera_node/lib/camera_node/camera_node" to ""
[4.396s] -- Up-to-date: /home/wl/Documents/detector/install/camera_node/share/ament_index/resource_index/package_run_dependencies/camera_node
[4.396s] -- Up-to-date: /home/wl/Documents/detector/install/camera_node/share/ament_index/resource_index/parent_prefix_path/camera_node
[4.396s] -- Up-to-date: /home/wl/Documents/detector/install/camera_node/share/camera_node/environment/ament_prefix_path.sh
[4.396s] -- Up-to-date: /home/wl/Documents/detector/install/camera_node/share/camera_node/environment/ament_prefix_path.dsv
[4.397s] -- Up-to-date: /home/wl/Documents/detector/install/camera_node/share/camera_node/environment/path.sh
[4.397s] -- Up-to-date: /home/wl/Documents/detector/install/camera_node/share/camera_node/environment/path.dsv
[4.397s] -- Up-to-date: /home/wl/Documents/detector/install/camera_node/share/camera_node/local_setup.bash
[4.397s] -- Up-to-date: /home/wl/Documents/detector/install/camera_node/share/camera_node/local_setup.sh
[4.397s] -- Up-to-date: /home/wl/Documents/detector/install/camera_node/share/camera_node/local_setup.zsh
[4.397s] -- Up-to-date: /home/wl/Documents/detector/install/camera_node/share/camera_node/local_setup.dsv
[4.397s] -- Installing: /home/wl/Documents/detector/install/camera_node/share/camera_node/package.dsv
[4.397s] -- Up-to-date: /home/wl/Documents/detector/install/camera_node/share/ament_index/resource_index/packages/camera_node
[4.397s] -- Up-to-date: /home/wl/Documents/detector/install/camera_node/share/camera_node/cmake/camera_nodeConfig.cmake
[4.397s] -- Up-to-date: /home/wl/Documents/detector/install/camera_node/share/camera_node/cmake/camera_nodeConfig-version.cmake
[4.397s] -- Up-to-date: /home/wl/Documents/detector/install/camera_node/share/camera_node/package.xml
[4.404s] Invoked command in '/home/wl/Documents/detector/build/camera_node' returned '0': CMAKE_PREFIX_PATH=${CMAKE_PREFIX_PATH}:/home/wl/Documents/detector/install/yolo_detector:/opt/ros/foxy CONDA_PROMPT_MODIFIER=(yolov10) /home/wl/anaconda3/envs/yolov10/bin/cmake --install /home/wl/Documents/detector/build/camera_node
