-- Found ament_cmake: 0.9.12 (/opt/ros/foxy/share/ament_cmake/cmake)
-- Using PYTHON_EXECUTABLE: /home/ww/anaconda3/bin/python3
-- Found rclcpp: 2.4.3 (/opt/ros/foxy/share/rclcpp/cmake)
-- Using all available rosidl_typesupport_c: rosidl_typesupport_fastrtps_c;rosidl_typesupport_introspection_c
-- Found rosidl_adapter: 1.3.1 (/opt/ros/foxy/share/rosidl_adapter/cmake)
-- Using all available rosidl_typesupport_cpp: rosidl_typesupport_fastrtps_cpp;rosidl_typesupport_introspection_cpp
-- Found rmw_implementation_cmake: 1.0.4 (/opt/ros/foxy/share/rmw_implementation_cmake/cmake)
-- Using RMW implementation 'rmw_fastrtps_cpp' as default
-- Found sensor_msgs: 2.0.5 (/opt/ros/foxy/share/sensor_msgs/cmake)
-- Found cv_bridge: 3.0.7 (/opt/ros/foxy/share/cv_bridge/cmake)
-- Found image_transport: 2.4.0 (/opt/ros/foxy/share/image_transport/cmake)
-- Found ament_lint_auto: 0.9.8 (/opt/ros/foxy/share/ament_lint_auto/cmake)
-- Added test 'copyright' to check source files copyright and LICENSE
-- Added test 'cppcheck' to perform static code analysis on C / C++ code
-- Configured cppcheck include dirs: 
-- Configured cppcheck exclude dirs and/or files: 
-- Added test 'cpplint' to check C / C++ code against the Google style
-- Configured cpplint exclude dirs and/or files: 
-- Added test 'lint_cmake' to check CMake code style
-- Added test 'uncrustify' to check C / C++ code style
-- Configured uncrustify additional arguments: 
-- Added test 'xmllint' to check XML markup files
-- Configuring done
-- Generating done
-- Build files have been written to: /home/ww/Documents/detector/build/camera_node
[ 50%] [32m[1mLinking CXX executable camera_node[0m
[100%] Built target camera_node
-- Install configuration: ""
-- Installing: /home/ww/Documents/detector/install/camera_node/lib/camera_node/camera_node
-- Set runtime path of "/home/ww/Documents/detector/install/camera_node/lib/camera_node/camera_node" to ""
-- Up-to-date: /home/ww/Documents/detector/install/camera_node/share/ament_index/resource_index/package_run_dependencies/camera_node
-- Installing: /home/ww/Documents/detector/install/camera_node/share/ament_index/resource_index/parent_prefix_path/camera_node
-- Up-to-date: /home/ww/Documents/detector/install/camera_node/share/camera_node/environment/ament_prefix_path.sh
-- Installing: /home/ww/Documents/detector/install/camera_node/share/camera_node/environment/ament_prefix_path.dsv
-- Up-to-date: /home/ww/Documents/detector/install/camera_node/share/camera_node/environment/path.sh
-- Installing: /home/ww/Documents/detector/install/camera_node/share/camera_node/environment/path.dsv
-- Up-to-date: /home/ww/Documents/detector/install/camera_node/share/camera_node/local_setup.bash
-- Up-to-date: /home/ww/Documents/detector/install/camera_node/share/camera_node/local_setup.sh
-- Up-to-date: /home/ww/Documents/detector/install/camera_node/share/camera_node/local_setup.zsh
-- Installing: /home/ww/Documents/detector/install/camera_node/share/camera_node/local_setup.dsv
-- Installing: /home/ww/Documents/detector/install/camera_node/share/camera_node/package.dsv
-- Up-to-date: /home/ww/Documents/detector/install/camera_node/share/ament_index/resource_index/packages/camera_node
-- Up-to-date: /home/ww/Documents/detector/install/camera_node/share/camera_node/cmake/camera_nodeConfig.cmake
-- Up-to-date: /home/ww/Documents/detector/install/camera_node/share/camera_node/cmake/camera_nodeConfig-version.cmake
-- Up-to-date: /home/ww/Documents/detector/install/camera_node/share/camera_node/package.xml
