[0.007s] Invoking command in '/home/ww/Documents/detector/build/camera_node': CMAKE_PREFIX_PATH=/opt/ros/foxy CONDA_PROMPT_MODIFIER=(base) /usr/bin/cmake /home/ww/Documents/detector/src/camera_node -DCMAKE_INSTALL_PREFIX=/home/ww/Documents/detector/install/camera_node
[0.014s] -- Found ament_cmake: 0.9.12 (/opt/ros/foxy/share/ament_cmake/cmake)
[0.026s] -- Using PYTHON_EXECUTABLE: /home/ww/anaconda3/bin/python3
[0.125s] -- Found rclcpp: 2.4.3 (/opt/ros/foxy/share/rclcpp/cmake)
[0.143s] -- Using all available rosidl_typesupport_c: rosidl_typesupport_fastrtps_c;rosidl_typesupport_introspection_c
[0.145s] -- Found rosidl_adapter: 1.3.1 (/opt/ros/foxy/share/rosidl_adapter/cmake)
[0.212s] -- Using all available rosidl_typesupport_cpp: rosidl_typesupport_fastrtps_cpp;rosidl_typesupport_introspection_cpp
[0.239s] -- Found rmw_implementation_cmake: 1.0.4 (/opt/ros/foxy/share/rmw_implementation_cmake/cmake)
[0.240s] -- Using RMW implementation 'rmw_fastrtps_cpp' as default
[0.319s] -- Found sensor_msgs: 2.0.5 (/opt/ros/foxy/share/sensor_msgs/cmake)
[0.382s] -- Found cv_bridge: 3.0.7 (/opt/ros/foxy/share/cv_bridge/cmake)
[0.399s] -- Found OpenCV: /usr (found version "4.2.0") 
[0.404s] CMake Error at CMakeLists.txt:24 (find_package):
[0.404s]   By not providing "Findyaml_cpp.cmake" in CMAKE_MODULE_PATH this project has
[0.404s]   asked CMake to find a package configuration file provided by "yaml_cpp",
[0.404s]   but CMake did not find one.
[0.404s] 
[0.404s]   Could not find a package configuration file provided by "yaml_cpp" with any
[0.404s]   of the following names:
[0.405s] 
[0.405s]     yaml_cppConfig.cmake
[0.405s]     yaml_cpp-config.cmake
[0.405s] 
[0.405s]   Add the installation prefix of "yaml_cpp" to CMAKE_PREFIX_PATH or set
[0.405s]   "yaml_cpp_DIR" to a directory containing one of the above files.  If
[0.405s]   "yaml_cpp" provides a separate development package or SDK, be sure it has
[0.405s]   been installed.
[0.405s] 
[0.405s] 
[0.405s] -- Configuring incomplete, errors occurred!
[0.405s] See also "/home/ww/Documents/detector/build/camera_node/CMakeFiles/CMakeOutput.log".
[0.405s] See also "/home/ww/Documents/detector/build/camera_node/CMakeFiles/CMakeError.log".
[0.409s] Invoked command in '/home/ww/Documents/detector/build/camera_node' returned '1': CMAKE_PREFIX_PATH=/opt/ros/foxy CONDA_PROMPT_MODIFIER=(base) /usr/bin/cmake /home/ww/Documents/detector/src/camera_node -DCMAKE_INSTALL_PREFIX=/home/ww/Documents/detector/install/camera_node
