-- Found ament_cmake: 0.9.12 (/opt/ros/foxy/share/ament_cmake/cmake)
-- Using PYTHON_EXECUTABLE: /home/ww/anaconda3/bin/python3
-- Found rclcpp: 2.4.3 (/opt/ros/foxy/share/rclcpp/cmake)
-- Using all available rosidl_typesupport_c: rosidl_typesupport_fastrtps_c;rosidl_typesupport_introspection_c
-- Found rosidl_adapter: 1.3.1 (/opt/ros/foxy/share/rosidl_adapter/cmake)
-- Using all available rosidl_typesupport_cpp: rosidl_typesupport_fastrtps_cpp;rosidl_typesupport_introspection_cpp
-- Found rmw_implementation_cmake: 1.0.4 (/opt/ros/foxy/share/rmw_implementation_cmake/cmake)
-- Using RMW implementation 'rmw_fastrtps_cpp' as default
-- Found cv_bridge: 3.0.7 (/opt/ros/foxy/share/cv_bridge/cmake)
-- Found ament_lint_auto: 0.9.8 (/opt/ros/foxy/share/ament_lint_auto/cmake)
-- Added test 'copyright' to check source files copyright and LICENSE
-- Added test 'lint_cmake' to check CMake code style
-- Added test 'xmllint' to check XML markup files
-- Configuring done
-- Generating done
-- Build files have been written to: /home/ww/Documents/detector/build/img_cat
-- Install configuration: ""
-- Installing: /home/ww/Documents/detector/install/img_cat/share/ament_index/resource_index/package_run_dependencies/img_cat
-- Installing: /home/ww/Documents/detector/install/img_cat/share/ament_index/resource_index/parent_prefix_path/img_cat
-- Installing: /home/ww/Documents/detector/install/img_cat/share/img_cat/environment/ament_prefix_path.sh
-- Installing: /home/ww/Documents/detector/install/img_cat/share/img_cat/environment/ament_prefix_path.dsv
-- Installing: /home/ww/Documents/detector/install/img_cat/share/img_cat/environment/path.sh
-- Installing: /home/ww/Documents/detector/install/img_cat/share/img_cat/environment/path.dsv
-- Installing: /home/ww/Documents/detector/install/img_cat/share/img_cat/local_setup.bash
-- Installing: /home/ww/Documents/detector/install/img_cat/share/img_cat/local_setup.sh
-- Installing: /home/ww/Documents/detector/install/img_cat/share/img_cat/local_setup.zsh
-- Installing: /home/ww/Documents/detector/install/img_cat/share/img_cat/local_setup.dsv
-- Installing: /home/ww/Documents/detector/install/img_cat/share/img_cat/package.dsv
-- Installing: /home/ww/Documents/detector/install/img_cat/share/ament_index/resource_index/packages/img_cat
-- Installing: /home/ww/Documents/detector/install/img_cat/share/img_cat/cmake/img_catConfig.cmake
-- Installing: /home/ww/Documents/detector/install/img_cat/share/img_cat/cmake/img_catConfig-version.cmake
-- Installing: /home/ww/Documents/detector/install/img_cat/share/img_cat/package.xml
