[0.006s] Invoking command in '/home/ww/Documents/detector/build/img_cat': CMAKE_PREFIX_PATH=/opt/ros/foxy CONDA_PROMPT_MODIFIER=(base) /usr/bin/cmake /home/ww/Documents/detector/src/img_cat -DCMAKE_INSTALL_PREFIX=/home/ww/Documents/detector/install/img_cat
[0.014s] -- Found ament_cmake: 0.9.12 (/opt/ros/foxy/share/ament_cmake/cmake)
[0.026s] -- Using PYTHON_EXECUTABLE: /home/ww/anaconda3/bin/python3
[0.124s] -- Found rclcpp: 2.4.3 (/opt/ros/foxy/share/rclcpp/cmake)
[0.143s] -- Using all available rosidl_typesupport_c: rosidl_typesupport_fastrtps_c;rosidl_typesupport_introspection_c
[0.145s] -- Found rosidl_adapter: 1.3.1 (/opt/ros/foxy/share/rosidl_adapter/cmake)
[0.211s] -- Using all available rosidl_typesupport_cpp: rosidl_typesupport_fastrtps_cpp;rosidl_typesupport_introspection_cpp
[0.239s] -- Found rmw_implementation_cmake: 1.0.4 (/opt/ros/foxy/share/rmw_implementation_cmake/cmake)
[0.240s] -- Using RMW implementation 'rmw_fastrtps_cpp' as default
[0.320s] -- Found cv_bridge: 3.0.7 (/opt/ros/foxy/share/cv_bridge/cmake)
[0.398s] -- Found ament_lint_auto: 0.9.8 (/opt/ros/foxy/share/ament_lint_auto/cmake)
[0.465s] -- Added test 'copyright' to check source files copyright and LICENSE
[0.466s] -- Added test 'lint_cmake' to check CMake code style
[0.467s] -- Added test 'xmllint' to check XML markup files
[0.469s] -- Configuring done
[0.470s] -- Generating done
[0.472s] -- Build files have been written to: /home/ww/Documents/detector/build/img_cat
[0.476s] Invoked command in '/home/ww/Documents/detector/build/img_cat' returned '0': CMAKE_PREFIX_PATH=/opt/ros/foxy CONDA_PROMPT_MODIFIER=(base) /usr/bin/cmake /home/ww/Documents/detector/src/img_cat -DCMAKE_INSTALL_PREFIX=/home/ww/Documents/detector/install/img_cat
[0.477s] Invoking command in '/home/ww/Documents/detector/build/img_cat': CMAKE_PREFIX_PATH=/opt/ros/foxy CONDA_PROMPT_MODIFIER=(base) /usr/bin/cmake --build /home/ww/Documents/detector/build/img_cat -- -j12 -l12
[0.502s] Invoked command in '/home/ww/Documents/detector/build/img_cat' returned '0': CMAKE_PREFIX_PATH=/opt/ros/foxy CONDA_PROMPT_MODIFIER=(base) /usr/bin/cmake --build /home/ww/Documents/detector/build/img_cat -- -j12 -l12
[0.537s] Invoking command in '/home/ww/Documents/detector/build/img_cat': CMAKE_PREFIX_PATH=/opt/ros/foxy CONDA_PROMPT_MODIFIER=(base) /usr/bin/cmake --install /home/ww/Documents/detector/build/img_cat
[0.547s] -- Install configuration: ""
[0.547s] -- Installing: /home/ww/Documents/detector/install/img_cat/share/ament_index/resource_index/package_run_dependencies/img_cat
[0.547s] -- Installing: /home/ww/Documents/detector/install/img_cat/share/ament_index/resource_index/parent_prefix_path/img_cat
[0.547s] -- Installing: /home/ww/Documents/detector/install/img_cat/share/img_cat/environment/ament_prefix_path.sh
[0.547s] -- Installing: /home/ww/Documents/detector/install/img_cat/share/img_cat/environment/ament_prefix_path.dsv
[0.548s] -- Installing: /home/ww/Documents/detector/install/img_cat/share/img_cat/environment/path.sh
[0.548s] -- Installing: /home/ww/Documents/detector/install/img_cat/share/img_cat/environment/path.dsv
[0.548s] -- Installing: /home/ww/Documents/detector/install/img_cat/share/img_cat/local_setup.bash
[0.548s] -- Installing: /home/ww/Documents/detector/install/img_cat/share/img_cat/local_setup.sh
[0.548s] -- Installing: /home/ww/Documents/detector/install/img_cat/share/img_cat/local_setup.zsh
[0.548s] -- Installing: /home/ww/Documents/detector/install/img_cat/share/img_cat/local_setup.dsv
[0.548s] -- Installing: /home/ww/Documents/detector/install/img_cat/share/img_cat/package.dsv
[0.548s] -- Installing: /home/ww/Documents/detector/install/img_cat/share/ament_index/resource_index/packages/img_cat
[0.548s] -- Installing: /home/ww/Documents/detector/install/img_cat/share/img_cat/cmake/img_catConfig.cmake
[0.548s] -- Installing: /home/ww/Documents/detector/install/img_cat/share/img_cat/cmake/img_catConfig-version.cmake
[0.548s] -- Installing: /home/ww/Documents/detector/install/img_cat/share/img_cat/package.xml
[0.550s] Invoked command in '/home/ww/Documents/detector/build/img_cat' returned '0': CMAKE_PREFIX_PATH=/opt/ros/foxy CONDA_PROMPT_MODIFIER=(base) /usr/bin/cmake --install /home/ww/Documents/detector/build/img_cat
