[0.011s] Invoking command in '/home/ww/Documents/detector/build/camera_node': CMAKE_PREFIX_PATH=${CMAKE_PREFIX_PATH}:/opt/ros/foxy CONDA_PROMPT_MODIFIER=(yolov10) /home/ww/anaconda3/envs/yolov10/bin/cmake --build /home/ww/Documents/detector/build/camera_node -- -j12 -l12
[0.076s] [100%] Built target camera_node
[0.124s] Invoked command in '/home/ww/Documents/detector/build/camera_node' returned '0': CMAKE_PREFIX_PATH=${CMAKE_PREFIX_PATH}:/opt/ros/foxy CONDA_PROMPT_MODIFIER=(yolov10) /home/ww/anaconda3/envs/yolov10/bin/cmake --build /home/ww/Documents/detector/build/camera_node -- -j12 -l12
[0.216s] Invoking command in '/home/ww/Documents/detector/build/camera_node': CMAKE_PREFIX_PATH=${CMAKE_PREFIX_PATH}:/opt/ros/foxy CONDA_PROMPT_MODIFIER=(yolov10) /home/ww/anaconda3/envs/yolov10/bin/cmake --install /home/ww/Documents/detector/build/camera_node
[0.254s] -- Install configuration: ""
[0.254s] -- Up-to-date: /home/ww/Documents/detector/install/camera_node/lib/camera_node/camera_node
[0.254s] -- Up-to-date: /home/ww/Documents/detector/install/camera_node/share/ament_index/resource_index/package_run_dependencies/camera_node
[0.254s] -- Up-to-date: /home/ww/Documents/detector/install/camera_node/share/ament_index/resource_index/parent_prefix_path/camera_node
[0.254s] -- Up-to-date: /home/ww/Documents/detector/install/camera_node/share/camera_node/environment/ament_prefix_path.sh
[0.254s] -- Up-to-date: /home/ww/Documents/detector/install/camera_node/share/camera_node/environment/ament_prefix_path.dsv
[0.254s] -- Up-to-date: /home/ww/Documents/detector/install/camera_node/share/camera_node/environment/path.sh
[0.254s] -- Up-to-date: /home/ww/Documents/detector/install/camera_node/share/camera_node/environment/path.dsv
[0.254s] -- Up-to-date: /home/ww/Documents/detector/install/camera_node/share/camera_node/local_setup.bash
[0.254s] -- Up-to-date: /home/ww/Documents/detector/install/camera_node/share/camera_node/local_setup.sh
[0.254s] -- Up-to-date: /home/ww/Documents/detector/install/camera_node/share/camera_node/local_setup.zsh
[0.254s] -- Up-to-date: /home/ww/Documents/detector/install/camera_node/share/camera_node/local_setup.dsv
[0.254s] -- Installing: /home/ww/Documents/detector/install/camera_node/share/camera_node/package.dsv
[0.255s] -- Up-to-date: /home/ww/Documents/detector/install/camera_node/share/ament_index/resource_index/packages/camera_node
[0.255s] -- Up-to-date: /home/ww/Documents/detector/install/camera_node/share/camera_node/cmake/camera_nodeConfig.cmake
[0.255s] -- Up-to-date: /home/ww/Documents/detector/install/camera_node/share/camera_node/cmake/camera_nodeConfig-version.cmake
[0.255s] -- Up-to-date: /home/ww/Documents/detector/install/camera_node/share/camera_node/package.xml
[0.261s] Invoked command in '/home/ww/Documents/detector/build/camera_node' returned '0': CMAKE_PREFIX_PATH=${CMAKE_PREFIX_PATH}:/opt/ros/foxy CONDA_PROMPT_MODIFIER=(yolov10) /home/ww/anaconda3/envs/yolov10/bin/cmake --install /home/ww/Documents/detector/build/camera_node
